<?xml version="1.0" encoding="utf-8"?>
<outputLog>
  <ApplicationId>c5cdd3f0-dc87-45fe-9f95-33547a5aa712</ApplicationId>
  <FileLogs>
    <FileLog>
      <ProjectId>298065d0-baea-4acd-a1a4-d7c5d6ebabc6</ProjectId>
      <CorrelationId>Intent.Modules.Dapr.AspNetCore.Templates.StaticContentTemplateRegistrations.DaprComponentFilesStaticContentTemplateRegistration#../dapr/components/pubsub.yaml</CorrelationId>
      <OverwriteBehaviour>once-off</OverwriteBehaviour>
      <ApplicationRelativeFilePath>../../../dapr/components/pubsub.yaml</ApplicationRelativeFilePath>
      <ProjectRelativeFilePath>../dapr/components/pubsub.yaml</ProjectRelativeFilePath>
      <IsIgnored>false</IsIgnored>
    </FileLog>
    <FileLog>
      <ProjectId>298065d0-baea-4acd-a1a4-d7c5d6ebabc6</ProjectId>
      <CorrelationId>Intent.Modules.Dapr.AspNetCore.Templates.StaticContentTemplateRegistrations.DaprComponentFilesStaticContentTemplateRegistration#../dapr/components/statestore.yaml</CorrelationId>
      <OverwriteBehaviour>once-off</OverwriteBehaviour>
      <ApplicationRelativeFilePath>../../../dapr/components/statestore.yaml</ApplicationRelativeFilePath>
      <ProjectRelativeFilePath>../dapr/components/statestore.yaml</ProjectRelativeFilePath>
      <IsIgnored>false</IsIgnored>
    </FileLog>
    <FileLog>
      <ProjectId>4c81c001-abec-450b-81a8-014bec4790e0</ProjectId>
      <CorrelationId>Intent.Modules.Dapr.AspNetCore.Templates.StaticContentTemplateRegistrations.DaprFilesStaticContentTemplateRegistration#../dapr/config.yaml</CorrelationId>
      <OverwriteBehaviour>once-off</OverwriteBehaviour>
      <ApplicationRelativeFilePath>../../../dapr/config.yaml</ApplicationRelativeFilePath>
      <ProjectRelativeFilePath>../dapr/config.yaml</ProjectRelativeFilePath>
      <IsIgnored>false</IsIgnored>
    </FileLog>
    <FileLog>
      <ProjectId>52aa3038-2630-497a-a8bb-6133b662c586</ProjectId>
      <CorrelationId>Intent.AspNetCore.DockerIgnore</CorrelationId>
      <OverwriteBehaviour>once-off</OverwriteBehaviour>
      <ApplicationRelativeFilePath>../../IgnProductCatalogueService.Api/.dockerignore</ApplicationRelativeFilePath>
      <ProjectRelativeFilePath>.dockerignore</ProjectRelativeFilePath>
      <IsIgnored>false</IsIgnored>
    </FileLog>
    <FileLog>
      <ProjectId>52aa3038-2630-497a-a8bb-6133b662c586</ProjectId>
      <CorrelationId>Intent.VisualStudio.Projects.CoreWeb.AppSettings-Default#52aa3038-2630-497a-a8bb-6133b662c586</CorrelationId>
      <OverwriteBehaviour>always</OverwriteBehaviour>
      <ApplicationRelativeFilePath>../../IgnProductCatalogueService.Api/appsettings.json</ApplicationRelativeFilePath>
      <ProjectRelativeFilePath>appsettings.json</ProjectRelativeFilePath>
      <IsIgnored>false</IsIgnored>
    </FileLog>
    <FileLog>
      <ProjectId>a5c138d0-ede1-46fa-b39f-58c32bdb93d1</ProjectId>
      <CorrelationId>Intent.Security.JWT.ConfigurationJWTAuthentication</CorrelationId>
      <OverwriteBehaviour>always</OverwriteBehaviour>
      <ApplicationRelativeFilePath>../../IgnProductCatalogueService.Api/Configuration/JWTAuthenticationConfiguration.cs</ApplicationRelativeFilePath>
      <ProjectRelativeFilePath>JWTAuthenticationConfiguration.cs</ProjectRelativeFilePath>
      <IsIgnored>false</IsIgnored>
    </FileLog>
    <FileLog>
      <ProjectId>a5c138d0-ede1-46fa-b39f-58c32bdb93d1</ProjectId>
      <CorrelationId>Intent.AspNetCore.Swashbuckle.SwashbuckleConfiguration</CorrelationId>
      <OverwriteBehaviour>always</OverwriteBehaviour>
      <ApplicationRelativeFilePath>../../IgnProductCatalogueService.Api/Configuration/SwashbuckleConfiguration.cs</ApplicationRelativeFilePath>
      <ProjectRelativeFilePath>SwashbuckleConfiguration.cs</ProjectRelativeFilePath>
      <IsIgnored>false</IsIgnored>
    </FileLog>
    <FileLog>
      <ProjectId>c8cd2d17-9198-4fbd-95ff-cc20da94a2bb</ProjectId>
      <CorrelationId>Intent.AspNetCore.Controllers.Controller#02b75397-bf0c-435b-9d0a-c8f35ef9f066</CorrelationId>
      <OverwriteBehaviour>always</OverwriteBehaviour>
      <ApplicationRelativeFilePath>../../IgnProductCatalogueService.Api/Controllers/OrderController.cs</ApplicationRelativeFilePath>
      <ProjectRelativeFilePath>OrderController.cs</ProjectRelativeFilePath>
      <IsIgnored>false</IsIgnored>
    </FileLog>
    <FileLog>
      <ProjectId>c8cd2d17-9198-4fbd-95ff-cc20da94a2bb</ProjectId>
      <CorrelationId>Intent.AspNetCore.Controllers.Controller#12cbb7a4-3a12-4d20-a4b8-531be2850049</CorrelationId>
      <OverwriteBehaviour>always</OverwriteBehaviour>
      <ApplicationRelativeFilePath>../../IgnProductCatalogueService.Api/Controllers/ProductCatalogueController.cs</ApplicationRelativeFilePath>
      <ProjectRelativeFilePath>ProductCatalogueController.cs</ProjectRelativeFilePath>
      <IsIgnored>false</IsIgnored>
    </FileLog>
    <FileLog>
      <ProjectId>31f43e4f-2dd5-43e4-a03f-6ca8b35ea8f5</ProjectId>
      <CorrelationId>Intent.AspNetCore.Controllers.JsonResponse</CorrelationId>
      <OverwriteBehaviour>always</OverwriteBehaviour>
      <ApplicationRelativeFilePath>../../IgnProductCatalogueService.Api/Controllers/ResponseTypes/JsonResponse.cs</ApplicationRelativeFilePath>
      <ProjectRelativeFilePath>JsonResponse.cs</ProjectRelativeFilePath>
      <IsIgnored>false</IsIgnored>
    </FileLog>
    <FileLog>
      <ProjectId>52aa3038-2630-497a-a8bb-6133b662c586</ProjectId>
      <CorrelationId>Intent.AspNetCore.Dockerfile</CorrelationId>
      <OverwriteBehaviour>once-off</OverwriteBehaviour>
      <ApplicationRelativeFilePath>../../IgnProductCatalogueService.Api/Dockerfile</ApplicationRelativeFilePath>
      <ProjectRelativeFilePath>Dockerfile</ProjectRelativeFilePath>
      <IsIgnored>false</IsIgnored>
    </FileLog>
    <FileLog>
      <ProjectId>544df9cf-17b0-4c3e-83d9-be5a0f089b78</ProjectId>
      <CorrelationId>Intent.AspNetCore.Swashbuckle.AuthorizeCheckOperationFilter</CorrelationId>
      <OverwriteBehaviour>always</OverwriteBehaviour>
      <ApplicationRelativeFilePath>../../IgnProductCatalogueService.Api/Filters/AuthorizeCheckOperationFilter.cs</ApplicationRelativeFilePath>
      <ProjectRelativeFilePath>AuthorizeCheckOperationFilter.cs</ProjectRelativeFilePath>
      <IsIgnored>false</IsIgnored>
    </FileLog>
    <FileLog>
      <ProjectId>52aa3038-2630-497a-a8bb-6133b662c586</ProjectId>
      <CorrelationId>Intent.VisualStudio.Projects.CSharpProject#52aa3038-2630-497a-a8bb-6133b662c586</CorrelationId>
      <OverwriteBehaviour>always</OverwriteBehaviour>
      <ApplicationRelativeFilePath>../../IgnProductCatalogueService.Api/IgnProductCatalogueService.Api.csproj</ApplicationRelativeFilePath>
      <ProjectRelativeFilePath>IgnProductCatalogueService.Api.csproj</ProjectRelativeFilePath>
      <IsIgnored>false</IsIgnored>
    </FileLog>
    <FileLog>
      <ProjectId>52aa3038-2630-497a-a8bb-6133b662c586</ProjectId>
      <CorrelationId>Intent.AspNetCore.Program</CorrelationId>
      <OverwriteBehaviour>always</OverwriteBehaviour>
      <ApplicationRelativeFilePath>../../IgnProductCatalogueService.Api/Program.cs</ApplicationRelativeFilePath>
      <ProjectRelativeFilePath>Program.cs</ProjectRelativeFilePath>
      <IsIgnored>false</IsIgnored>
    </FileLog>
    <FileLog>
      <ProjectId>52aa3038-2630-497a-a8bb-6133b662c586</ProjectId>
      <CorrelationId>Intent.VisualStudio.Projects.CoreWeb.LaunchSettings#52aa3038-2630-497a-a8bb-6133b662c586</CorrelationId>
      <OverwriteBehaviour>always</OverwriteBehaviour>
      <ApplicationRelativeFilePath>../../IgnProductCatalogueService.Api/Properties/launchsettings.json</ApplicationRelativeFilePath>
      <ProjectRelativeFilePath>Properties/launchsettings.json</ProjectRelativeFilePath>
      <IsIgnored>false</IsIgnored>
    </FileLog>
    <FileLog>
      <ProjectId>b2a14ca0-d435-46a9-ba05-52e383ac0e2d</ProjectId>
      <CorrelationId>Intent.Security.JWT.CurrentUserService</CorrelationId>
      <OverwriteBehaviour>always</OverwriteBehaviour>
      <ApplicationRelativeFilePath>../../IgnProductCatalogueService.Api/Services/CurrentUserService.cs</ApplicationRelativeFilePath>
      <ProjectRelativeFilePath>CurrentUserService.cs</ProjectRelativeFilePath>
      <IsIgnored>false</IsIgnored>
    </FileLog>
    <FileLog>
      <ProjectId>52aa3038-2630-497a-a8bb-6133b662c586</ProjectId>
      <CorrelationId>Intent.AspNetCore.Startup</CorrelationId>
      <OverwriteBehaviour>always</OverwriteBehaviour>
      <ApplicationRelativeFilePath>../../IgnProductCatalogueService.Api/Startup.cs</ApplicationRelativeFilePath>
      <ProjectRelativeFilePath>Startup.cs</ProjectRelativeFilePath>
      <IsIgnored>false</IsIgnored>
    </FileLog>
    <FileLog>
      <ProjectId>7741bb07-770d-407a-915b-4d95f37b9ef8</ProjectId>
      <CorrelationId>Intent.Application.MediatR.Behaviours.AuthorizationBehaviour</CorrelationId>
      <OverwriteBehaviour>always</OverwriteBehaviour>
      <ApplicationRelativeFilePath>../../IgnProductCatalogueService.Application/Common/Behaviours/AuthorizationBehaviour.cs</ApplicationRelativeFilePath>
      <ProjectRelativeFilePath>AuthorizationBehaviour.cs</ProjectRelativeFilePath>
      <IsIgnored>false</IsIgnored>
    </FileLog>
    <FileLog>
      <ProjectId>7741bb07-770d-407a-915b-4d95f37b9ef8</ProjectId>
      <CorrelationId>Intent.Dapr.AspNetCore.Pubsub.EventBusPublishBehaviour</CorrelationId>
      <OverwriteBehaviour>always</OverwriteBehaviour>
      <ApplicationRelativeFilePath>../../IgnProductCatalogueService.Application/Common/Behaviours/EventBusPublishBehaviour.cs</ApplicationRelativeFilePath>
      <ProjectRelativeFilePath>EventBusPublishBehaviour.cs</ProjectRelativeFilePath>
      <IsIgnored>false</IsIgnored>
    </FileLog>
    <FileLog>
      <ProjectId>7741bb07-770d-407a-915b-4d95f37b9ef8</ProjectId>
      <CorrelationId>Intent.Application.MediatR.Behaviours.LoggingBehaviour</CorrelationId>
      <OverwriteBehaviour>always</OverwriteBehaviour>
      <ApplicationRelativeFilePath>../../IgnProductCatalogueService.Application/Common/Behaviours/LoggingBehaviour.cs</ApplicationRelativeFilePath>
      <ProjectRelativeFilePath>LoggingBehaviour.cs</ProjectRelativeFilePath>
      <IsIgnored>false</IsIgnored>
    </FileLog>
    <FileLog>
      <ProjectId>7741bb07-770d-407a-915b-4d95f37b9ef8</ProjectId>
      <CorrelationId>Intent.MongoDb.Integration.UnitOfWorkBehaviour</CorrelationId>
      <OverwriteBehaviour>always</OverwriteBehaviour>
      <ApplicationRelativeFilePath>../../IgnProductCatalogueService.Application/Common/Behaviours/MongoUnitOfWorkBehaviour.cs</ApplicationRelativeFilePath>
      <ProjectRelativeFilePath>MongoUnitOfWorkBehaviour.cs</ProjectRelativeFilePath>
      <IsIgnored>false</IsIgnored>
    </FileLog>
    <FileLog>
      <ProjectId>7741bb07-770d-407a-915b-4d95f37b9ef8</ProjectId>
      <CorrelationId>Intent.Application.MediatR.Behaviours.PerformanceBehaviour</CorrelationId>
      <OverwriteBehaviour>always</OverwriteBehaviour>
      <ApplicationRelativeFilePath>../../IgnProductCatalogueService.Application/Common/Behaviours/PerformanceBehaviour.cs</ApplicationRelativeFilePath>
      <ProjectRelativeFilePath>PerformanceBehaviour.cs</ProjectRelativeFilePath>
      <IsIgnored>false</IsIgnored>
    </FileLog>
    <FileLog>
      <ProjectId>7741bb07-770d-407a-915b-4d95f37b9ef8</ProjectId>
      <CorrelationId>Intent.Dapr.AspNetCore.StateManagement.StateRepositoryUnitOfWorkBehaviour</CorrelationId>
      <OverwriteBehaviour>always</OverwriteBehaviour>
      <ApplicationRelativeFilePath>../../IgnProductCatalogueService.Application/Common/Behaviours/StateRepositoryUnitOfWorkBehaviour.cs</ApplicationRelativeFilePath>
      <ProjectRelativeFilePath>StateRepositoryUnitOfWorkBehaviour.cs</ProjectRelativeFilePath>
      <IsIgnored>false</IsIgnored>
    </FileLog>
    <FileLog>
      <ProjectId>7741bb07-770d-407a-915b-4d95f37b9ef8</ProjectId>
      <CorrelationId>Intent.Application.MediatR.Behaviours.UnhandledExceptionBehaviour</CorrelationId>
      <OverwriteBehaviour>always</OverwriteBehaviour>
      <ApplicationRelativeFilePath>../../IgnProductCatalogueService.Application/Common/Behaviours/UnhandledExceptionBehaviour.cs</ApplicationRelativeFilePath>
      <ProjectRelativeFilePath>UnhandledExceptionBehaviour.cs</ProjectRelativeFilePath>
      <IsIgnored>false</IsIgnored>
    </FileLog>
    <FileLog>
      <ProjectId>7741bb07-770d-407a-915b-4d95f37b9ef8</ProjectId>
      <CorrelationId>Intent.Application.MediatR.FluentValidation.ValidationBehaviour</CorrelationId>
      <OverwriteBehaviour>always</OverwriteBehaviour>
      <ApplicationRelativeFilePath>../../IgnProductCatalogueService.Application/Common/Behaviours/ValidationBehaviour.cs</ApplicationRelativeFilePath>
      <ProjectRelativeFilePath>ValidationBehaviour.cs</ProjectRelativeFilePath>
      <IsIgnored>false</IsIgnored>
    </FileLog>
    <FileLog>
      <ProjectId>97c8c38c-8177-42f9-99de-14a7bb5f6476</ProjectId>
      <CorrelationId>Intent.Dapr.AspNetCore.Pubsub.EventBusImplementation</CorrelationId>
      <OverwriteBehaviour>always</OverwriteBehaviour>
      <ApplicationRelativeFilePath>../../IgnProductCatalogueService.Application/Common/Eventing/EventBusImplementation.cs</ApplicationRelativeFilePath>
      <ProjectRelativeFilePath>EventBusImplementation.cs</ProjectRelativeFilePath>
      <IsIgnored>false</IsIgnored>
    </FileLog>
    <FileLog>
      <ProjectId>97c8c38c-8177-42f9-99de-14a7bb5f6476</ProjectId>
      <CorrelationId>Intent.Dapr.AspNetCore.Pubsub.EventInterface</CorrelationId>
      <OverwriteBehaviour>always</OverwriteBehaviour>
      <ApplicationRelativeFilePath>../../IgnProductCatalogueService.Application/Common/Eventing/IEvent.cs</ApplicationRelativeFilePath>
      <ProjectRelativeFilePath>IEvent.cs</ProjectRelativeFilePath>
      <IsIgnored>false</IsIgnored>
    </FileLog>
    <FileLog>
      <ProjectId>97c8c38c-8177-42f9-99de-14a7bb5f6476</ProjectId>
      <CorrelationId>Intent.Dapr.AspNetCore.Pubsub.EventBusInterface</CorrelationId>
      <OverwriteBehaviour>always</OverwriteBehaviour>
      <ApplicationRelativeFilePath>../../IgnProductCatalogueService.Application/Common/Eventing/IEventBus.cs</ApplicationRelativeFilePath>
      <ProjectRelativeFilePath>IEventBus.cs</ProjectRelativeFilePath>
      <IsIgnored>false</IsIgnored>
    </FileLog>
    <FileLog>
      <ProjectId>3fe7961a-48c9-43ce-9aca-5338d27a85f4</ProjectId>
      <CorrelationId>Intent.Application.Identity.ForbiddenAccessException</CorrelationId>
      <OverwriteBehaviour>always</OverwriteBehaviour>
      <ApplicationRelativeFilePath>../../IgnProductCatalogueService.Application/Common/Exceptions/ForbiddenAccessException.cs</ApplicationRelativeFilePath>
      <ProjectRelativeFilePath>ForbiddenAccessException.cs</ProjectRelativeFilePath>
      <IsIgnored>false</IsIgnored>
    </FileLog>
    <FileLog>
      <ProjectId>3fe7961a-48c9-43ce-9aca-5338d27a85f4</ProjectId>
      <CorrelationId>Intent.Dapr.AspNetCore.ServiceInvocation.HttpClientRequestException</CorrelationId>
      <OverwriteBehaviour>always</OverwriteBehaviour>
      <ApplicationRelativeFilePath>../../IgnProductCatalogueService.Application/Common/Exceptions/HttpClientRequestException.cs</ApplicationRelativeFilePath>
      <ProjectRelativeFilePath>HttpClientRequestException.cs</ProjectRelativeFilePath>
      <IsIgnored>false</IsIgnored>
    </FileLog>
    <FileLog>
      <ProjectId>2851e6b2-db80-48c8-802d-68dcfeb456f6</ProjectId>
      <CorrelationId>Intent.Application.MediatR.CommandInterface</CorrelationId>
      <OverwriteBehaviour>always</OverwriteBehaviour>
      <ApplicationRelativeFilePath>../../IgnProductCatalogueService.Application/Common/Interfaces/ICommand.cs</ApplicationRelativeFilePath>
      <ProjectRelativeFilePath>ICommand.cs</ProjectRelativeFilePath>
      <IsIgnored>false</IsIgnored>
    </FileLog>
    <FileLog>
      <ProjectId>2851e6b2-db80-48c8-802d-68dcfeb456f6</ProjectId>
      <CorrelationId>Intent.Application.Identity.CurrentUserServiceInterface</CorrelationId>
      <OverwriteBehaviour>always</OverwriteBehaviour>
      <ApplicationRelativeFilePath>../../IgnProductCatalogueService.Application/Common/Interfaces/ICurrentUserService.cs</ApplicationRelativeFilePath>
      <ProjectRelativeFilePath>ICurrentUserService.cs</ProjectRelativeFilePath>
      <IsIgnored>false</IsIgnored>
    </FileLog>
    <FileLog>
      <ProjectId>2851e6b2-db80-48c8-802d-68dcfeb456f6</ProjectId>
      <CorrelationId>Intent.DomainEvents.DomainEventServiceInterface</CorrelationId>
      <OverwriteBehaviour>always</OverwriteBehaviour>
      <ApplicationRelativeFilePath>../../IgnProductCatalogueService.Application/Common/Interfaces/IDomainEventService.cs</ApplicationRelativeFilePath>
      <ProjectRelativeFilePath>IDomainEventService.cs</ProjectRelativeFilePath>
      <IsIgnored>false</IsIgnored>
    </FileLog>
    <FileLog>
      <ProjectId>2851e6b2-db80-48c8-802d-68dcfeb456f6</ProjectId>
      <CorrelationId>Intent.Application.MediatR.QueryInterface</CorrelationId>
      <OverwriteBehaviour>always</OverwriteBehaviour>
      <ApplicationRelativeFilePath>../../IgnProductCatalogueService.Application/Common/Interfaces/IQuery.cs</ApplicationRelativeFilePath>
      <ProjectRelativeFilePath>IQuery.cs</ProjectRelativeFilePath>
      <IsIgnored>false</IsIgnored>
    </FileLog>
    <FileLog>
      <ProjectId>d9e59726-0351-4838-9dd4-5df6822f95fe</ProjectId>
      <CorrelationId>Intent.Application.AutoMapper.MapFromInterface</CorrelationId>
      <OverwriteBehaviour>always</OverwriteBehaviour>
      <ApplicationRelativeFilePath>../../IgnProductCatalogueService.Application/Common/Mappings/IMapFrom.cs</ApplicationRelativeFilePath>
      <ProjectRelativeFilePath>IMapFrom.cs</ProjectRelativeFilePath>
      <IsIgnored>false</IsIgnored>
    </FileLog>
    <FileLog>
      <ProjectId>d9e59726-0351-4838-9dd4-5df6822f95fe</ProjectId>
      <CorrelationId>Intent.Application.AutoMapper.MappingProfile</CorrelationId>
      <OverwriteBehaviour>always</OverwriteBehaviour>
      <ApplicationRelativeFilePath>../../IgnProductCatalogueService.Application/Common/Mappings/MappingProfile.cs</ApplicationRelativeFilePath>
      <ProjectRelativeFilePath>MappingProfile.cs</ProjectRelativeFilePath>
      <IsIgnored>false</IsIgnored>
    </FileLog>
    <FileLog>
      <ProjectId>9a4f7440-ef56-4067-939f-dd320e33e187</ProjectId>
      <CorrelationId>Intent.MediatR.DomainEvents.DomainEventNotification</CorrelationId>
      <OverwriteBehaviour>always</OverwriteBehaviour>
      <ApplicationRelativeFilePath>../../IgnProductCatalogueService.Application/Common/Models/DomainEventNotification.cs</ApplicationRelativeFilePath>
      <ProjectRelativeFilePath>DomainEventNotification.cs</ProjectRelativeFilePath>
      <IsIgnored>false</IsIgnored>
    </FileLog>
    <FileLog>
      <ProjectId>9a4f7440-ef56-4067-939f-dd320e33e187</ProjectId>
      <CorrelationId>Intent.Application.Identity.ResultModel</CorrelationId>
      <OverwriteBehaviour>always</OverwriteBehaviour>
      <ApplicationRelativeFilePath>../../IgnProductCatalogueService.Application/Common/Models/Result.cs</ApplicationRelativeFilePath>
      <ProjectRelativeFilePath>Result.cs</ProjectRelativeFilePath>
      <IsIgnored>false</IsIgnored>
    </FileLog>
    <FileLog>
      <ProjectId>2c5c62d3-a92a-45c7-9d1c-cee63d5d7fc4</ProjectId>
      <CorrelationId>Intent.Application.Dtos.Pagination.PagedResult</CorrelationId>
      <OverwriteBehaviour>always</OverwriteBehaviour>
      <ApplicationRelativeFilePath>../../IgnProductCatalogueService.Application/Common/Pagination/PagedResult.cs</ApplicationRelativeFilePath>
      <ProjectRelativeFilePath>PagedResult.cs</ProjectRelativeFilePath>
      <IsIgnored>false</IsIgnored>
    </FileLog>
    <FileLog>
      <ProjectId>2c5c62d3-a92a-45c7-9d1c-cee63d5d7fc4</ProjectId>
      <CorrelationId>Intent.Application.Dtos.Pagination.PagedResultMappingExtensions</CorrelationId>
      <OverwriteBehaviour>always</OverwriteBehaviour>
      <ApplicationRelativeFilePath>../../IgnProductCatalogueService.Application/Common/Pagination/PagedResultMappingExtensions.cs</ApplicationRelativeFilePath>
      <ProjectRelativeFilePath>PagedResultMappingExtensions.cs</ProjectRelativeFilePath>
      <IsIgnored>false</IsIgnored>
    </FileLog>
    <FileLog>
      <ProjectId>e5822a7e-28de-4db4-a6c1-2e315161147b</ProjectId>
      <CorrelationId>Intent.Application.Identity.AuthorizeAttribute</CorrelationId>
      <OverwriteBehaviour>always</OverwriteBehaviour>
      <ApplicationRelativeFilePath>../../IgnProductCatalogueService.Application/Common/Security/AuthorizeAttribute.cs</ApplicationRelativeFilePath>
      <ProjectRelativeFilePath>AuthorizeAttribute.cs</ProjectRelativeFilePath>
      <IsIgnored>false</IsIgnored>
    </FileLog>
    <FileLog>
      <ProjectId>811ae6a0-44e8-4fbc-9049-a00118ad1104</ProjectId>
      <CorrelationId>Intent.Application.DependencyInjection.DependencyInjection</CorrelationId>
      <OverwriteBehaviour>always</OverwriteBehaviour>
      <ApplicationRelativeFilePath>../../IgnProductCatalogueService.Application/DependencyInjection.cs</ApplicationRelativeFilePath>
      <ProjectRelativeFilePath>DependencyInjection.cs</ProjectRelativeFilePath>
      <IsIgnored>false</IsIgnored>
    </FileLog>
    <FileLog>
      <ProjectId>811ae6a0-44e8-4fbc-9049-a00118ad1104</ProjectId>
      <CorrelationId>Intent.Application.MediatR.QueryModels#bf763f0f-785a-4f2c-a5cf-c8538d48f6cc</CorrelationId>
      <OverwriteBehaviour>always</OverwriteBehaviour>
      <ApplicationRelativeFilePath>../../IgnProductCatalogueService.Application/GetProductCatalogByFilter/GetProductCatalogByFilterQuery.cs</ApplicationRelativeFilePath>
      <ProjectRelativeFilePath>GetProductCatalogByFilter/GetProductCatalogByFilterQuery.cs</ProjectRelativeFilePath>
      <IsIgnored>false</IsIgnored>
    </FileLog>
    <FileLog>
      <ProjectId>811ae6a0-44e8-4fbc-9049-a00118ad1104</ProjectId>
      <CorrelationId>Intent.Application.MediatR.QueryHandler#bf763f0f-785a-4f2c-a5cf-c8538d48f6cc</CorrelationId>
      <OverwriteBehaviour>always</OverwriteBehaviour>
      <ApplicationRelativeFilePath>../../IgnProductCatalogueService.Application/GetProductCatalogByFilter/GetProductCatalogByFilterQueryHandler.cs</ApplicationRelativeFilePath>
      <ProjectRelativeFilePath>GetProductCatalogByFilter/GetProductCatalogByFilterQueryHandler.cs</ProjectRelativeFilePath>
      <IsIgnored>false</IsIgnored>
    </FileLog>
    <FileLog>
      <ProjectId>811ae6a0-44e8-4fbc-9049-a00118ad1104</ProjectId>
      <CorrelationId>Intent.Application.MediatR.FluentValidation.QueryValidator#bf763f0f-785a-4f2c-a5cf-c8538d48f6cc</CorrelationId>
      <OverwriteBehaviour>always</OverwriteBehaviour>
      <ApplicationRelativeFilePath>../../IgnProductCatalogueService.Application/GetProductCatalogByFilter/GetProductCatalogByFilterQueryValidator.cs</ApplicationRelativeFilePath>
      <ProjectRelativeFilePath>GetProductCatalogByFilter/GetProductCatalogByFilterQueryValidator.cs</ProjectRelativeFilePath>
      <IsIgnored>false</IsIgnored>
    </FileLog>
    <FileLog>
      <ProjectId>811ae6a0-44e8-4fbc-9049-a00118ad1104</ProjectId>
      <CorrelationId>Intent.VisualStudio.Projects.CSharpProject#811ae6a0-44e8-4fbc-9049-a00118ad1104</CorrelationId>
      <OverwriteBehaviour>always</OverwriteBehaviour>
      <ApplicationRelativeFilePath>../../IgnProductCatalogueService.Application/IgnProductCatalogueService.Application.csproj</ApplicationRelativeFilePath>
      <ProjectRelativeFilePath>IgnProductCatalogueService.Application.csproj</ProjectRelativeFilePath>
      <IsIgnored>false</IsIgnored>
    </FileLog>
    <FileLog>
      <ProjectId>811ae6a0-44e8-4fbc-9049-a00118ad1104</ProjectId>
      <CorrelationId>Intent.Application.MediatR.CommandModels#d7c6e066-92ab-4387-a367-03a76af41d15</CorrelationId>
      <OverwriteBehaviour>always</OverwriteBehaviour>
      <ApplicationRelativeFilePath>../../IgnProductCatalogueService.Application/Order/CreateOrder/CreateOrderCommand.cs</ApplicationRelativeFilePath>
      <ProjectRelativeFilePath>Order/CreateOrder/CreateOrderCommand.cs</ProjectRelativeFilePath>
      <IsIgnored>false</IsIgnored>
    </FileLog>
    <FileLog>
      <ProjectId>811ae6a0-44e8-4fbc-9049-a00118ad1104</ProjectId>
      <CorrelationId>Intent.Application.MediatR.CommandHandler#d7c6e066-92ab-4387-a367-03a76af41d15</CorrelationId>
      <OverwriteBehaviour>always</OverwriteBehaviour>
      <ApplicationRelativeFilePath>../../IgnProductCatalogueService.Application/Order/CreateOrder/CreateOrderCommandHandler.cs</ApplicationRelativeFilePath>
      <ProjectRelativeFilePath>Order/CreateOrder/CreateOrderCommandHandler.cs</ProjectRelativeFilePath>
      <IsIgnored>false</IsIgnored>
    </FileLog>
    <FileLog>
      <ProjectId>811ae6a0-44e8-4fbc-9049-a00118ad1104</ProjectId>
      <CorrelationId>Intent.Application.MediatR.FluentValidation.CommandValidator#d7c6e066-92ab-4387-a367-03a76af41d15</CorrelationId>
      <OverwriteBehaviour>always</OverwriteBehaviour>
      <ApplicationRelativeFilePath>../../IgnProductCatalogueService.Application/Order/CreateOrder/CreateOrderCommandValidator.cs</ApplicationRelativeFilePath>
      <ProjectRelativeFilePath>Order/CreateOrder/CreateOrderCommandValidator.cs</ProjectRelativeFilePath>
      <IsIgnored>false</IsIgnored>
    </FileLog>
    <FileLog>
      <ProjectId>811ae6a0-44e8-4fbc-9049-a00118ad1104</ProjectId>
      <CorrelationId>Intent.Application.MediatR.CommandModels#d724cd02-6dc1-4fcb-9549-1b3330b5116f</CorrelationId>
      <OverwriteBehaviour>always</OverwriteBehaviour>
      <ApplicationRelativeFilePath>../../IgnProductCatalogueService.Application/ProductCatalogues/CreateProductCatalogue/CreateProductCatalogueCommand.cs</ApplicationRelativeFilePath>
      <ProjectRelativeFilePath>ProductCatalogues/CreateProductCatalogue/CreateProductCatalogueCommand.cs</ProjectRelativeFilePath>
      <IsIgnored>false</IsIgnored>
    </FileLog>
    <FileLog>
      <ProjectId>811ae6a0-44e8-4fbc-9049-a00118ad1104</ProjectId>
      <CorrelationId>Intent.Application.MediatR.CommandHandler#d724cd02-6dc1-4fcb-9549-1b3330b5116f</CorrelationId>
      <OverwriteBehaviour>always</OverwriteBehaviour>
      <ApplicationRelativeFilePath>../../IgnProductCatalogueService.Application/ProductCatalogues/CreateProductCatalogue/CreateProductCatalogueCommandHandler.cs</ApplicationRelativeFilePath>
      <ProjectRelativeFilePath>ProductCatalogues/CreateProductCatalogue/CreateProductCatalogueCommandHandler.cs</ProjectRelativeFilePath>
      <IsIgnored>false</IsIgnored>
    </FileLog>
    <FileLog>
      <ProjectId>811ae6a0-44e8-4fbc-9049-a00118ad1104</ProjectId>
      <CorrelationId>Intent.Application.MediatR.FluentValidation.CommandValidator#d724cd02-6dc1-4fcb-9549-1b3330b5116f</CorrelationId>
      <OverwriteBehaviour>always</OverwriteBehaviour>
      <ApplicationRelativeFilePath>../../IgnProductCatalogueService.Application/ProductCatalogues/CreateProductCatalogue/CreateProductCatalogueCommandValidator.cs</ApplicationRelativeFilePath>
      <ProjectRelativeFilePath>ProductCatalogues/CreateProductCatalogue/CreateProductCatalogueCommandValidator.cs</ProjectRelativeFilePath>
      <IsIgnored>false</IsIgnored>
    </FileLog>
    <FileLog>
      <ProjectId>811ae6a0-44e8-4fbc-9049-a00118ad1104</ProjectId>
      <CorrelationId>Intent.Application.MediatR.CommandModels#8b459d20-662a-4a6d-aee0-3d3001e89274</CorrelationId>
      <OverwriteBehaviour>always</OverwriteBehaviour>
      <ApplicationRelativeFilePath>../../IgnProductCatalogueService.Application/ProductCatalogues/DeleteProductCatalogue/DeleteProductCatalogueCommand.cs</ApplicationRelativeFilePath>
      <ProjectRelativeFilePath>ProductCatalogues/DeleteProductCatalogue/DeleteProductCatalogueCommand.cs</ProjectRelativeFilePath>
      <IsIgnored>false</IsIgnored>
    </FileLog>
    <FileLog>
      <ProjectId>811ae6a0-44e8-4fbc-9049-a00118ad1104</ProjectId>
      <CorrelationId>Intent.Application.MediatR.CommandHandler#8b459d20-662a-4a6d-aee0-3d3001e89274</CorrelationId>
      <OverwriteBehaviour>always</OverwriteBehaviour>
      <ApplicationRelativeFilePath>../../IgnProductCatalogueService.Application/ProductCatalogues/DeleteProductCatalogue/DeleteProductCatalogueCommandHandler.cs</ApplicationRelativeFilePath>
      <ProjectRelativeFilePath>ProductCatalogues/DeleteProductCatalogue/DeleteProductCatalogueCommandHandler.cs</ProjectRelativeFilePath>
      <IsIgnored>false</IsIgnored>
    </FileLog>
    <FileLog>
      <ProjectId>811ae6a0-44e8-4fbc-9049-a00118ad1104</ProjectId>
      <CorrelationId>Intent.Application.MediatR.FluentValidation.CommandValidator#8b459d20-662a-4a6d-aee0-3d3001e89274</CorrelationId>
      <OverwriteBehaviour>always</OverwriteBehaviour>
      <ApplicationRelativeFilePath>../../IgnProductCatalogueService.Application/ProductCatalogues/DeleteProductCatalogue/DeleteProductCatalogueCommandValidator.cs</ApplicationRelativeFilePath>
      <ProjectRelativeFilePath>ProductCatalogues/DeleteProductCatalogue/DeleteProductCatalogueCommandValidator.cs</ProjectRelativeFilePath>
      <IsIgnored>false</IsIgnored>
    </FileLog>
    <FileLog>
      <ProjectId>811ae6a0-44e8-4fbc-9049-a00118ad1104</ProjectId>
      <CorrelationId>Intent.Application.MediatR.QueryModels#1ffca874-9a61-4b92-8897-c56ee4e8e40a</CorrelationId>
      <OverwriteBehaviour>always</OverwriteBehaviour>
      <ApplicationRelativeFilePath>../../IgnProductCatalogueService.Application/ProductCatalogues/GetProductCatalogueById/GetProductCatalogueByIdQuery.cs</ApplicationRelativeFilePath>
      <ProjectRelativeFilePath>ProductCatalogues/GetProductCatalogueById/GetProductCatalogueByIdQuery.cs</ProjectRelativeFilePath>
      <IsIgnored>false</IsIgnored>
    </FileLog>
    <FileLog>
      <ProjectId>811ae6a0-44e8-4fbc-9049-a00118ad1104</ProjectId>
      <CorrelationId>Intent.Application.MediatR.QueryHandler#1ffca874-9a61-4b92-8897-c56ee4e8e40a</CorrelationId>
      <OverwriteBehaviour>always</OverwriteBehaviour>
      <ApplicationRelativeFilePath>../../IgnProductCatalogueService.Application/ProductCatalogues/GetProductCatalogueById/GetProductCatalogueByIdQueryHandler.cs</ApplicationRelativeFilePath>
      <ProjectRelativeFilePath>ProductCatalogues/GetProductCatalogueById/GetProductCatalogueByIdQueryHandler.cs</ProjectRelativeFilePath>
      <IsIgnored>false</IsIgnored>
    </FileLog>
    <FileLog>
      <ProjectId>811ae6a0-44e8-4fbc-9049-a00118ad1104</ProjectId>
      <CorrelationId>Intent.Application.MediatR.FluentValidation.QueryValidator#1ffca874-9a61-4b92-8897-c56ee4e8e40a</CorrelationId>
      <OverwriteBehaviour>always</OverwriteBehaviour>
      <ApplicationRelativeFilePath>../../IgnProductCatalogueService.Application/ProductCatalogues/GetProductCatalogueById/GetProductCatalogueByIdQueryValidator.cs</ApplicationRelativeFilePath>
      <ProjectRelativeFilePath>ProductCatalogues/GetProductCatalogueById/GetProductCatalogueByIdQueryValidator.cs</ProjectRelativeFilePath>
      <IsIgnored>false</IsIgnored>
    </FileLog>
    <FileLog>
      <ProjectId>811ae6a0-44e8-4fbc-9049-a00118ad1104</ProjectId>
      <CorrelationId>Intent.Application.MediatR.QueryModels#b6f7e4c2-d8c2-4a86-bc12-a14cf8b35f6b</CorrelationId>
      <OverwriteBehaviour>always</OverwriteBehaviour>
      <ApplicationRelativeFilePath>../../IgnProductCatalogueService.Application/ProductCatalogues/GetProductCatalogues/GetProductCataloguesQuery.cs</ApplicationRelativeFilePath>
      <ProjectRelativeFilePath>ProductCatalogues/GetProductCatalogues/GetProductCataloguesQuery.cs</ProjectRelativeFilePath>
      <IsIgnored>false</IsIgnored>
    </FileLog>
    <FileLog>
      <ProjectId>811ae6a0-44e8-4fbc-9049-a00118ad1104</ProjectId>
      <CorrelationId>Intent.Application.MediatR.QueryHandler#b6f7e4c2-d8c2-4a86-bc12-a14cf8b35f6b</CorrelationId>
      <OverwriteBehaviour>always</OverwriteBehaviour>
      <ApplicationRelativeFilePath>../../IgnProductCatalogueService.Application/ProductCatalogues/GetProductCatalogues/GetProductCataloguesQueryHandler.cs</ApplicationRelativeFilePath>
      <ProjectRelativeFilePath>ProductCatalogues/GetProductCatalogues/GetProductCataloguesQueryHandler.cs</ProjectRelativeFilePath>
      <IsIgnored>false</IsIgnored>
    </FileLog>
    <FileLog>
      <ProjectId>811ae6a0-44e8-4fbc-9049-a00118ad1104</ProjectId>
      <CorrelationId>Intent.Application.MediatR.FluentValidation.QueryValidator#b6f7e4c2-d8c2-4a86-bc12-a14cf8b35f6b</CorrelationId>
      <OverwriteBehaviour>always</OverwriteBehaviour>
      <ApplicationRelativeFilePath>../../IgnProductCatalogueService.Application/ProductCatalogues/GetProductCatalogues/GetProductCataloguesQueryValidator.cs</ApplicationRelativeFilePath>
      <ProjectRelativeFilePath>ProductCatalogues/GetProductCatalogues/GetProductCataloguesQueryValidator.cs</ProjectRelativeFilePath>
      <IsIgnored>false</IsIgnored>
    </FileLog>
    <FileLog>
      <ProjectId>811ae6a0-44e8-4fbc-9049-a00118ad1104</ProjectId>
      <CorrelationId>Intent.Application.Dtos.DtoModel#20a4bf2a-f432-449e-b3d3-c0fda4fede1c</CorrelationId>
      <OverwriteBehaviour>always</OverwriteBehaviour>
      <ApplicationRelativeFilePath>../../IgnProductCatalogueService.Application/ProductCatalogues/ProductCatalogueDto.cs</ApplicationRelativeFilePath>
      <ProjectRelativeFilePath>ProductCatalogues/ProductCatalogueDto.cs</ProjectRelativeFilePath>
      <IsIgnored>false</IsIgnored>
    </FileLog>
    <FileLog>
      <ProjectId>811ae6a0-44e8-4fbc-9049-a00118ad1104</ProjectId>
      <CorrelationId>Intent.Application.Dtos.AutoMapper.MappingExtensions#20a4bf2a-f432-449e-b3d3-c0fda4fede1c</CorrelationId>
      <OverwriteBehaviour>always</OverwriteBehaviour>
      <ApplicationRelativeFilePath>../../IgnProductCatalogueService.Application/ProductCatalogues/ProductCatalogueDtoMappingExtensions.cs</ApplicationRelativeFilePath>
      <ProjectRelativeFilePath>ProductCatalogues/ProductCatalogueDtoMappingExtensions.cs</ProjectRelativeFilePath>
      <IsIgnored>false</IsIgnored>
    </FileLog>
    <FileLog>
      <ProjectId>811ae6a0-44e8-4fbc-9049-a00118ad1104</ProjectId>
      <CorrelationId>Intent.Application.MediatR.CommandModels#bfb20618-04c1-409f-a08e-95359702fa8c</CorrelationId>
      <OverwriteBehaviour>always</OverwriteBehaviour>
      <ApplicationRelativeFilePath>../../IgnProductCatalogueService.Application/ProductCatalogues/UpdateProductCatalogue/UpdateProductCatalogueCommand.cs</ApplicationRelativeFilePath>
      <ProjectRelativeFilePath>ProductCatalogues/UpdateProductCatalogue/UpdateProductCatalogueCommand.cs</ProjectRelativeFilePath>
      <IsIgnored>false</IsIgnored>
    </FileLog>
    <FileLog>
      <ProjectId>811ae6a0-44e8-4fbc-9049-a00118ad1104</ProjectId>
      <CorrelationId>Intent.Application.MediatR.CommandHandler#bfb20618-04c1-409f-a08e-95359702fa8c</CorrelationId>
      <OverwriteBehaviour>always</OverwriteBehaviour>
      <ApplicationRelativeFilePath>../../IgnProductCatalogueService.Application/ProductCatalogues/UpdateProductCatalogue/UpdateProductCatalogueCommandHandler.cs</ApplicationRelativeFilePath>
      <ProjectRelativeFilePath>ProductCatalogues/UpdateProductCatalogue/UpdateProductCatalogueCommandHandler.cs</ProjectRelativeFilePath>
      <IsIgnored>false</IsIgnored>
    </FileLog>
    <FileLog>
      <ProjectId>811ae6a0-44e8-4fbc-9049-a00118ad1104</ProjectId>
      <CorrelationId>Intent.Application.MediatR.FluentValidation.CommandValidator#bfb20618-04c1-409f-a08e-95359702fa8c</CorrelationId>
      <OverwriteBehaviour>always</OverwriteBehaviour>
      <ApplicationRelativeFilePath>../../IgnProductCatalogueService.Application/ProductCatalogues/UpdateProductCatalogue/UpdateProductCatalogueCommandValidator.cs</ApplicationRelativeFilePath>
      <ProjectRelativeFilePath>ProductCatalogues/UpdateProductCatalogue/UpdateProductCatalogueCommandValidator.cs</ProjectRelativeFilePath>
      <IsIgnored>false</IsIgnored>
    </FileLog>
    <FileLog>
      <ProjectId>811ae6a0-44e8-4fbc-9049-a00118ad1104</ProjectId>
      <CorrelationId>Intent.Application.Dtos.DtoModel#d8193449-6396-4ef2-8c28-fb25ff883b0c</CorrelationId>
      <OverwriteBehaviour>always</OverwriteBehaviour>
      <ApplicationRelativeFilePath>../../IgnProductCatalogueService.Application/QueryFilter.cs</ApplicationRelativeFilePath>
      <ProjectRelativeFilePath>QueryFilter.cs</ProjectRelativeFilePath>
      <IsIgnored>false</IsIgnored>
    </FileLog>
    <FileLog>
      <ProjectId>811ae6a0-44e8-4fbc-9049-a00118ad1104</ProjectId>
      <CorrelationId>Intent.Application.Dtos.DtoModel#9d6cc0e5-32b0-4775-8f0f-8135375a9b16</CorrelationId>
      <OverwriteBehaviour>always</OverwriteBehaviour>
      <ApplicationRelativeFilePath>../../IgnProductCatalogueService.Application/SearchQuery.cs</ApplicationRelativeFilePath>
      <ProjectRelativeFilePath>SearchQuery.cs</ProjectRelativeFilePath>
      <IsIgnored>false</IsIgnored>
    </FileLog>
    <FileLog>
      <ProjectId>c4d8a9b6-e30e-4631-aa5c-98f069ef60d9</ProjectId>
      <CorrelationId>Intent.Entities.CollectionExtensions</CorrelationId>
      <OverwriteBehaviour>always</OverwriteBehaviour>
      <ApplicationRelativeFilePath>../../IgnProductCatalogueService.Domain/Common/CollectionExtensions.cs</ApplicationRelativeFilePath>
      <ProjectRelativeFilePath>CollectionExtensions.cs</ProjectRelativeFilePath>
      <IsIgnored>false</IsIgnored>
    </FileLog>
    <FileLog>
      <ProjectId>c4d8a9b6-e30e-4631-aa5c-98f069ef60d9</ProjectId>
      <CorrelationId>Intent.DomainEvents.DomainEventBase</CorrelationId>
      <OverwriteBehaviour>always</OverwriteBehaviour>
      <ApplicationRelativeFilePath>../../IgnProductCatalogueService.Domain/Common/DomainEvent.cs</ApplicationRelativeFilePath>
      <ProjectRelativeFilePath>DomainEvent.cs</ProjectRelativeFilePath>
      <IsIgnored>false</IsIgnored>
    </FileLog>
    <FileLog>
      <ProjectId>c4d8a9b6-e30e-4631-aa5c-98f069ef60d9</ProjectId>
      <CorrelationId>Intent.DomainEvents.HasDomainEventInterface</CorrelationId>
      <OverwriteBehaviour>always</OverwriteBehaviour>
      <ApplicationRelativeFilePath>../../IgnProductCatalogueService.Domain/Common/IHasDomainEvent.cs</ApplicationRelativeFilePath>
      <ProjectRelativeFilePath>IHasDomainEvent.cs</ProjectRelativeFilePath>
      <IsIgnored>false</IsIgnored>
    </FileLog>
    <FileLog>
      <ProjectId>7af5be59-8e39-401f-b31a-008efbbba828</ProjectId>
      <CorrelationId>Intent.MongoDb.MongoDbUnitOfWorkInterface</CorrelationId>
      <OverwriteBehaviour>always</OverwriteBehaviour>
      <ApplicationRelativeFilePath>../../IgnProductCatalogueService.Domain/Common/Interfaces/IMongoDbUnitOfWork.cs</ApplicationRelativeFilePath>
      <ProjectRelativeFilePath>IMongoDbUnitOfWork.cs</ProjectRelativeFilePath>
      <IsIgnored>false</IsIgnored>
    </FileLog>
    <FileLog>
      <ProjectId>7af5be59-8e39-401f-b31a-008efbbba828</ProjectId>
      <CorrelationId>Intent.Entities.Repositories.Api.UnitOfWorkInterface</CorrelationId>
      <OverwriteBehaviour>always</OverwriteBehaviour>
      <ApplicationRelativeFilePath>../../IgnProductCatalogueService.Domain/Common/Interfaces/IUnitOfWork.cs</ApplicationRelativeFilePath>
      <ProjectRelativeFilePath>IUnitOfWork.cs</ProjectRelativeFilePath>
      <IsIgnored>false</IsIgnored>
    </FileLog>
    <FileLog>
      <ProjectId>c4d8a9b6-e30e-4631-aa5c-98f069ef60d9</ProjectId>
      <CorrelationId>Intent.Entities.UpdateHelper</CorrelationId>
      <OverwriteBehaviour>always</OverwriteBehaviour>
      <ApplicationRelativeFilePath>../../IgnProductCatalogueService.Domain/Common/UpdateHelper.cs</ApplicationRelativeFilePath>
      <ProjectRelativeFilePath>UpdateHelper.cs</ProjectRelativeFilePath>
      <IsIgnored>false</IsIgnored>
    </FileLog>
    <FileLog>
      <ProjectId>b39c4dd1-3c8f-4000-9374-3d2e61eedbc0</ProjectId>
      <CorrelationId>Intent.Entities.DomainEntity#83345e02-ab78-4502-a6d2-3e56ab2b8c27</CorrelationId>
      <OverwriteBehaviour>always</OverwriteBehaviour>
      <ApplicationRelativeFilePath>../../IgnProductCatalogueService.Domain/Entities/ProductCatalogue.cs</ApplicationRelativeFilePath>
      <ProjectRelativeFilePath>ProductCatalogue.cs</ProjectRelativeFilePath>
      <IsIgnored>false</IsIgnored>
    </FileLog>
    <FileLog>
      <ProjectId>dd63e8b0-a1d7-4262-86dc-abd71d6e6e76</ProjectId>
      <CorrelationId>Intent.VisualStudio.Projects.CSharpProject#dd63e8b0-a1d7-4262-86dc-abd71d6e6e76</CorrelationId>
      <OverwriteBehaviour>always</OverwriteBehaviour>
      <ApplicationRelativeFilePath>../../IgnProductCatalogueService.Domain/IgnProductCatalogueService.Domain.csproj</ApplicationRelativeFilePath>
      <ProjectRelativeFilePath>IgnProductCatalogueService.Domain.csproj</ProjectRelativeFilePath>
      <IsIgnored>false</IsIgnored>
    </FileLog>
    <FileLog>
      <ProjectId>1e6de453-3a8d-413d-8de4-1ef9a92eb23a</ProjectId>
      <CorrelationId>Intent.Entities.Repositories.Api.PagedResultInterface</CorrelationId>
      <OverwriteBehaviour>always</OverwriteBehaviour>
      <ApplicationRelativeFilePath>../../IgnProductCatalogueService.Domain/Repositories/IPagedResult.cs</ApplicationRelativeFilePath>
      <ProjectRelativeFilePath>IPagedResult.cs</ProjectRelativeFilePath>
      <IsIgnored>false</IsIgnored>
    </FileLog>
    <FileLog>
      <ProjectId>1e6de453-3a8d-413d-8de4-1ef9a92eb23a</ProjectId>
      <CorrelationId>Intent.Entities.Repositories.Api.EntityRepositoryInterface#83345e02-ab78-4502-a6d2-3e56ab2b8c27</CorrelationId>
      <OverwriteBehaviour>always</OverwriteBehaviour>
      <ApplicationRelativeFilePath>../../IgnProductCatalogueService.Domain/Repositories/IProductCatalogueRepository.cs</ApplicationRelativeFilePath>
      <ProjectRelativeFilePath>IProductCatalogueRepository.cs</ProjectRelativeFilePath>
      <IsIgnored>false</IsIgnored>
    </FileLog>
    <FileLog>
      <ProjectId>1e6de453-3a8d-413d-8de4-1ef9a92eb23a</ProjectId>
      <CorrelationId>Intent.Entities.Repositories.Api.RepositoryInterface</CorrelationId>
      <OverwriteBehaviour>always</OverwriteBehaviour>
      <ApplicationRelativeFilePath>../../IgnProductCatalogueService.Domain/Repositories/IRepository.cs</ApplicationRelativeFilePath>
      <ProjectRelativeFilePath>IRepository.cs</ProjectRelativeFilePath>
      <IsIgnored>false</IsIgnored>
    </FileLog>
    <FileLog>
      <ProjectId>1e6de453-3a8d-413d-8de4-1ef9a92eb23a</ProjectId>
      <CorrelationId>Intent.Dapr.AspNetCore.StateManagement.StateRepositoryInterface</CorrelationId>
      <OverwriteBehaviour>always</OverwriteBehaviour>
      <ApplicationRelativeFilePath>../../IgnProductCatalogueService.Domain/Repositories/IStateRepository.cs</ApplicationRelativeFilePath>
      <ProjectRelativeFilePath>IStateRepository.cs</ProjectRelativeFilePath>
      <IsIgnored>false</IsIgnored>
    </FileLog>
    <FileLog>
      <ProjectId>ceb93996-8251-4212-b859-16ddcd500e45</ProjectId>
      <CorrelationId>Intent.Infrastructure.DependencyInjection.DependencyInjection</CorrelationId>
      <OverwriteBehaviour>always</OverwriteBehaviour>
      <ApplicationRelativeFilePath>../../IgnProductCatalogueService.Infrastructure/DependencyInjection.cs</ApplicationRelativeFilePath>
      <ProjectRelativeFilePath>DependencyInjection.cs</ProjectRelativeFilePath>
      <IsIgnored>false</IsIgnored>
    </FileLog>
    <FileLog>
      <ProjectId>ceb93996-8251-4212-b859-16ddcd500e45</ProjectId>
      <CorrelationId>Intent.VisualStudio.Projects.CSharpProject#ceb93996-8251-4212-b859-16ddcd500e45</CorrelationId>
      <OverwriteBehaviour>always</OverwriteBehaviour>
      <ApplicationRelativeFilePath>../../IgnProductCatalogueService.Infrastructure/IgnProductCatalogueService.Infrastructure.csproj</ApplicationRelativeFilePath>
      <ProjectRelativeFilePath>IgnProductCatalogueService.Infrastructure.csproj</ProjectRelativeFilePath>
      <IsIgnored>false</IsIgnored>
    </FileLog>
    <FileLog>
      <ProjectId>0f3749f2-4809-4825-8cf6-870937704dcb</ProjectId>
      <CorrelationId>Intent.MongoDb.ApplicationMongoDbContext</CorrelationId>
      <OverwriteBehaviour>always</OverwriteBehaviour>
      <ApplicationRelativeFilePath>../../IgnProductCatalogueService.Infrastructure/Persistence/ApplicationMongoDbContext.cs</ApplicationRelativeFilePath>
      <ProjectRelativeFilePath>ApplicationMongoDbContext.cs</ProjectRelativeFilePath>
      <IsIgnored>false</IsIgnored>
    </FileLog>
    <FileLog>
      <ProjectId>6d47b6c7-529b-4094-84a1-8332667ff67b</ProjectId>
      <CorrelationId>Intent.MongoDb.BsonClassMap#83345e02-ab78-4502-a6d2-3e56ab2b8c27</CorrelationId>
      <OverwriteBehaviour>always</OverwriteBehaviour>
      <ApplicationRelativeFilePath>../../IgnProductCatalogueService.Infrastructure/Persistence/BsonClassMaps/ProductCatalogueClassMap.cs</ApplicationRelativeFilePath>
      <ProjectRelativeFilePath>ProductCatalogueClassMap.cs</ProjectRelativeFilePath>
      <IsIgnored>false</IsIgnored>
    </FileLog>
    <FileLog>
      <ProjectId>bd4248ba-b307-4f0c-a789-993ad12f2b80</ProjectId>
      <CorrelationId>Intent.MongoDb.Repositories.MongoRepositoryBase</CorrelationId>
      <OverwriteBehaviour>always</OverwriteBehaviour>
      <ApplicationRelativeFilePath>../../IgnProductCatalogueService.Infrastructure/Repositories/MongoRepositoryBase.cs</ApplicationRelativeFilePath>
      <ProjectRelativeFilePath>MongoRepositoryBase.cs</ProjectRelativeFilePath>
      <IsIgnored>false</IsIgnored>
    </FileLog>
    <FileLog>
      <ProjectId>bd4248ba-b307-4f0c-a789-993ad12f2b80</ProjectId>
      <CorrelationId>Intent.MongoDb.Repositories.PagedList</CorrelationId>
      <OverwriteBehaviour>always</OverwriteBehaviour>
      <ApplicationRelativeFilePath>../../IgnProductCatalogueService.Infrastructure/Repositories/PagedList.cs</ApplicationRelativeFilePath>
      <ProjectRelativeFilePath>PagedList.cs</ProjectRelativeFilePath>
      <IsIgnored>false</IsIgnored>
    </FileLog>
    <FileLog>
      <ProjectId>bd4248ba-b307-4f0c-a789-993ad12f2b80</ProjectId>
      <CorrelationId>Intent.MongoDb.Repositories.Repository#83345e02-ab78-4502-a6d2-3e56ab2b8c27</CorrelationId>
      <OverwriteBehaviour>always</OverwriteBehaviour>
      <ApplicationRelativeFilePath>../../IgnProductCatalogueService.Infrastructure/Repositories/ProductCatalogueRepository.cs</ApplicationRelativeFilePath>
      <ProjectRelativeFilePath>ProductCatalogueRepository.cs</ProjectRelativeFilePath>
      <IsIgnored>false</IsIgnored>
    </FileLog>
    <FileLog>
      <ProjectId>bd4248ba-b307-4f0c-a789-993ad12f2b80</ProjectId>
      <CorrelationId>Intent.Dapr.AspNetCore.StateManagement.StateRepository</CorrelationId>
      <OverwriteBehaviour>always</OverwriteBehaviour>
      <ApplicationRelativeFilePath>../../IgnProductCatalogueService.Infrastructure/Repositories/StateRepository.cs</ApplicationRelativeFilePath>
      <ProjectRelativeFilePath>StateRepository.cs</ProjectRelativeFilePath>
      <IsIgnored>false</IsIgnored>
    </FileLog>
    <FileLog>
      <ProjectId>c473e47e-ee56-4eb1-b4ba-da970bf03ef0</ProjectId>
      <CorrelationId>Intent.MediatR.DomainEvents.DomainEventService</CorrelationId>
      <OverwriteBehaviour>always</OverwriteBehaviour>
      <ApplicationRelativeFilePath>../../IgnProductCatalogueService.Infrastructure/Services/DomainEventService.cs</ApplicationRelativeFilePath>
      <ProjectRelativeFilePath>DomainEventService.cs</ProjectRelativeFilePath>
      <IsIgnored>false</IsIgnored>
    </FileLog>
    <FileLog>
      <CorrelationId>Intent.VisualStudio.Projects.VisualStudio2015Solution#46e7d538-75f5-452b-861a-1af297b00610</CorrelationId>
      <OverwriteBehaviour>always</OverwriteBehaviour>
      <ApplicationRelativeFilePath>../../MicroserviceSolution.sln</ApplicationRelativeFilePath>
      <IsIgnored>false</IsIgnored>
    </FileLog>
  </FileLogs>
</outputLog>