<?xml version="1.0" encoding="utf-8"?>
<outputLog>
  <ApplicationId>29987ef8-e3b1-4f88-bc8f-783e008a6523</ApplicationId>
  <FileLogs>
    <FileLog>
      <ProjectId>ad03edc6-ea57-42e9-918d-f165e907c28b</ProjectId>
      <CorrelationId>Intent.Modules.Dapr.AspNetCore.Templates.StaticContentTemplateRegistrations.DaprComponentFilesStaticContentTemplateRegistration#../dapr/components/pubsub.yaml</CorrelationId>
      <OverwriteBehaviour>once-off</OverwriteBehaviour>
      <ApplicationRelativeFilePath>../../dapr/components/pubsub.yaml</ApplicationRelativeFilePath>
      <ProjectRelativeFilePath>../dapr/components/pubsub.yaml</ProjectRelativeFilePath>
      <IsIgnored>false</IsIgnored>
    </FileLog>
    <FileLog>
      <ProjectId>ad03edc6-ea57-42e9-918d-f165e907c28b</ProjectId>
      <CorrelationId>Intent.Modules.Dapr.AspNetCore.Templates.StaticContentTemplateRegistrations.DaprComponentFilesStaticContentTemplateRegistration#../dapr/components/statestore.yaml</CorrelationId>
      <OverwriteBehaviour>once-off</OverwriteBehaviour>
      <ApplicationRelativeFilePath>../../dapr/components/statestore.yaml</ApplicationRelativeFilePath>
      <ProjectRelativeFilePath>../dapr/components/statestore.yaml</ProjectRelativeFilePath>
      <IsIgnored>false</IsIgnored>
    </FileLog>
    <FileLog>
      <ProjectId>077f8bd2-94da-4502-8d42-6461988a64f4</ProjectId>
      <CorrelationId>Intent.Modules.Dapr.AspNetCore.Templates.StaticContentTemplateRegistrations.DaprFilesStaticContentTemplateRegistration#../dapr/config.yaml</CorrelationId>
      <OverwriteBehaviour>once-off</OverwriteBehaviour>
      <ApplicationRelativeFilePath>../../dapr/config.yaml</ApplicationRelativeFilePath>
      <ProjectRelativeFilePath>../dapr/config.yaml</ProjectRelativeFilePath>
      <IsIgnored>false</IsIgnored>
    </FileLog>
    <FileLog>
      <ProjectId>9721deb3-a40c-4278-ba75-a7978564f0e3</ProjectId>
      <CorrelationId>Intent.VisualStudio.Projects.CoreWeb.AppSettings-Default#9721deb3-a40c-4278-ba75-a7978564f0e3</CorrelationId>
      <OverwriteBehaviour>always</OverwriteBehaviour>
      <ApplicationRelativeFilePath>../../SSIDeliverIntegrationService/SSIDeliverIntegrationService.Api/appsettings.json</ApplicationRelativeFilePath>
      <ProjectRelativeFilePath>appsettings.json</ProjectRelativeFilePath>
      <IsIgnored>false</IsIgnored>
    </FileLog>
    <FileLog>
      <ProjectId>8141b1b1-942f-4569-bcc9-98d309974bf8</ProjectId>
      <CorrelationId>Intent.Dapr.AspNetCore.DaprConfiguration</CorrelationId>
      <OverwriteBehaviour>always</OverwriteBehaviour>
      <ApplicationRelativeFilePath>../../SSIDeliverIntegrationService/SSIDeliverIntegrationService.Api/Configuration/DaprConfiguration.cs</ApplicationRelativeFilePath>
      <ProjectRelativeFilePath>DaprConfiguration.cs</ProjectRelativeFilePath>
      <IsIgnored>false</IsIgnored>
    </FileLog>
    <FileLog>
      <ProjectId>8141b1b1-942f-4569-bcc9-98d309974bf8</ProjectId>
      <CorrelationId>Intent.Security.JWT.ConfigurationJWTAuthentication</CorrelationId>
      <OverwriteBehaviour>always</OverwriteBehaviour>
      <ApplicationRelativeFilePath>../../SSIDeliverIntegrationService/SSIDeliverIntegrationService.Api/Configuration/JWTAuthenticationConfiguration.cs</ApplicationRelativeFilePath>
      <ProjectRelativeFilePath>JWTAuthenticationConfiguration.cs</ProjectRelativeFilePath>
      <IsIgnored>false</IsIgnored>
    </FileLog>
    <FileLog>
      <ProjectId>8141b1b1-942f-4569-bcc9-98d309974bf8</ProjectId>
      <CorrelationId>Intent.AspNetCore.Swashbuckle.SwashbuckleConfiguration</CorrelationId>
      <OverwriteBehaviour>always</OverwriteBehaviour>
      <ApplicationRelativeFilePath>../../SSIDeliverIntegrationService/SSIDeliverIntegrationService.Api/Configuration/SwashbuckleConfiguration.cs</ApplicationRelativeFilePath>
      <ProjectRelativeFilePath>SwashbuckleConfiguration.cs</ProjectRelativeFilePath>
      <IsIgnored>false</IsIgnored>
    </FileLog>
    <FileLog>
      <ProjectId>c37ef8df-4c3c-4f60-bf3e-b81432e48a12</ProjectId>
      <CorrelationId>Intent.AspNetCore.Controllers.Controller#7e60aa7c-76d2-411a-ab93-91503d7686f3</CorrelationId>
      <OverwriteBehaviour>always</OverwriteBehaviour>
      <ApplicationRelativeFilePath>../../SSIDeliverIntegrationService/SSIDeliverIntegrationService.Api/Controllers/IDeliverSaleController.cs</ApplicationRelativeFilePath>
      <ProjectRelativeFilePath>IDeliverSaleController.cs</ProjectRelativeFilePath>
      <IsIgnored>false</IsIgnored>
    </FileLog>
    <FileLog>
      <ProjectId>f5066a98-a8ce-485c-9475-77f3a0cc799d</ProjectId>
      <CorrelationId>Intent.AspNetCore.Swashbuckle.AuthorizeCheckOperationFilter</CorrelationId>
      <OverwriteBehaviour>always</OverwriteBehaviour>
      <ApplicationRelativeFilePath>../../SSIDeliverIntegrationService/SSIDeliverIntegrationService.Api/Filters/AuthorizeCheckOperationFilter.cs</ApplicationRelativeFilePath>
      <ProjectRelativeFilePath>AuthorizeCheckOperationFilter.cs</ProjectRelativeFilePath>
      <IsIgnored>false</IsIgnored>
    </FileLog>
    <FileLog>
      <ProjectId>9721deb3-a40c-4278-ba75-a7978564f0e3</ProjectId>
      <CorrelationId>Intent.AspNetCore.Program</CorrelationId>
      <OverwriteBehaviour>always</OverwriteBehaviour>
      <ApplicationRelativeFilePath>../../SSIDeliverIntegrationService/SSIDeliverIntegrationService.Api/Program.cs</ApplicationRelativeFilePath>
      <ProjectRelativeFilePath>Program.cs</ProjectRelativeFilePath>
      <IsIgnored>false</IsIgnored>
    </FileLog>
    <FileLog>
      <ProjectId>9721deb3-a40c-4278-ba75-a7978564f0e3</ProjectId>
      <CorrelationId>Intent.VisualStudio.Projects.CoreWeb.LaunchSettings#9721deb3-a40c-4278-ba75-a7978564f0e3</CorrelationId>
      <OverwriteBehaviour>always</OverwriteBehaviour>
      <ApplicationRelativeFilePath>../../SSIDeliverIntegrationService/SSIDeliverIntegrationService.Api/Properties/launchsettings.json</ApplicationRelativeFilePath>
      <ProjectRelativeFilePath>Properties/launchsettings.json</ProjectRelativeFilePath>
      <IsIgnored>false</IsIgnored>
    </FileLog>
    <FileLog>
      <ProjectId>ae403c96-ba15-4e28-8922-272f4d7a740b</ProjectId>
      <CorrelationId>Intent.Security.JWT.CurrentUserService</CorrelationId>
      <OverwriteBehaviour>always</OverwriteBehaviour>
      <ApplicationRelativeFilePath>../../SSIDeliverIntegrationService/SSIDeliverIntegrationService.Api/Services/CurrentUserService.cs</ApplicationRelativeFilePath>
      <ProjectRelativeFilePath>CurrentUserService.cs</ProjectRelativeFilePath>
      <IsIgnored>false</IsIgnored>
    </FileLog>
    <FileLog>
      <ProjectId>9721deb3-a40c-4278-ba75-a7978564f0e3</ProjectId>
      <CorrelationId>Intent.VisualStudio.Projects.CSharpProject#9721deb3-a40c-4278-ba75-a7978564f0e3</CorrelationId>
      <OverwriteBehaviour>always</OverwriteBehaviour>
      <ApplicationRelativeFilePath>../../SSIDeliverIntegrationService/SSIDeliverIntegrationService.Api/SSIDeliverIntegrationService.Api.csproj</ApplicationRelativeFilePath>
      <ProjectRelativeFilePath>SSIDeliverIntegrationService.Api.csproj</ProjectRelativeFilePath>
      <IsIgnored>false</IsIgnored>
    </FileLog>
    <FileLog>
      <ProjectId>9721deb3-a40c-4278-ba75-a7978564f0e3</ProjectId>
      <CorrelationId>Intent.AspNetCore.Startup</CorrelationId>
      <OverwriteBehaviour>always</OverwriteBehaviour>
      <ApplicationRelativeFilePath>../../SSIDeliverIntegrationService/SSIDeliverIntegrationService.Api/Startup.cs</ApplicationRelativeFilePath>
      <ProjectRelativeFilePath>Startup.cs</ProjectRelativeFilePath>
      <IsIgnored>false</IsIgnored>
    </FileLog>
    <FileLog>
      <ProjectId>73b8c3ce-d61b-4139-b9db-e41cac0905d1</ProjectId>
      <CorrelationId>Intent.Application.MediatR.Behaviours.AuthorizationBehaviour</CorrelationId>
      <OverwriteBehaviour>always</OverwriteBehaviour>
      <ApplicationRelativeFilePath>../../SSIDeliverIntegrationService/SSIDeliverIntegrationService.Application/Common/Behaviours/AuthorizationBehaviour.cs</ApplicationRelativeFilePath>
      <ProjectRelativeFilePath>AuthorizationBehaviour.cs</ProjectRelativeFilePath>
      <IsIgnored>false</IsIgnored>
    </FileLog>
    <FileLog>
      <ProjectId>73b8c3ce-d61b-4139-b9db-e41cac0905d1</ProjectId>
      <CorrelationId>Intent.Dapr.AspNetCore.Pubsub.EventBusPublishBehaviour</CorrelationId>
      <OverwriteBehaviour>always</OverwriteBehaviour>
      <ApplicationRelativeFilePath>../../SSIDeliverIntegrationService/SSIDeliverIntegrationService.Application/Common/Behaviours/EventBusPublishBehaviour.cs</ApplicationRelativeFilePath>
      <ProjectRelativeFilePath>EventBusPublishBehaviour.cs</ProjectRelativeFilePath>
      <IsIgnored>false</IsIgnored>
    </FileLog>
    <FileLog>
      <ProjectId>73b8c3ce-d61b-4139-b9db-e41cac0905d1</ProjectId>
      <CorrelationId>Intent.Application.MediatR.Behaviours.LoggingBehaviour</CorrelationId>
      <OverwriteBehaviour>always</OverwriteBehaviour>
      <ApplicationRelativeFilePath>../../SSIDeliverIntegrationService/SSIDeliverIntegrationService.Application/Common/Behaviours/LoggingBehaviour.cs</ApplicationRelativeFilePath>
      <ProjectRelativeFilePath>LoggingBehaviour.cs</ProjectRelativeFilePath>
      <IsIgnored>false</IsIgnored>
    </FileLog>
    <FileLog>
      <ProjectId>73b8c3ce-d61b-4139-b9db-e41cac0905d1</ProjectId>
      <CorrelationId>Intent.Application.MediatR.Behaviours.PerformanceBehaviour</CorrelationId>
      <OverwriteBehaviour>always</OverwriteBehaviour>
      <ApplicationRelativeFilePath>../../SSIDeliverIntegrationService/SSIDeliverIntegrationService.Application/Common/Behaviours/PerformanceBehaviour.cs</ApplicationRelativeFilePath>
      <ProjectRelativeFilePath>PerformanceBehaviour.cs</ProjectRelativeFilePath>
      <IsIgnored>false</IsIgnored>
    </FileLog>
    <FileLog>
      <ProjectId>73b8c3ce-d61b-4139-b9db-e41cac0905d1</ProjectId>
      <CorrelationId>Intent.Dapr.AspNetCore.StateManagement.StateRepositoryUnitOfWorkBehaviour</CorrelationId>
      <OverwriteBehaviour>always</OverwriteBehaviour>
      <ApplicationRelativeFilePath>../../SSIDeliverIntegrationService/SSIDeliverIntegrationService.Application/Common/Behaviours/StateRepositoryUnitOfWorkBehaviour.cs</ApplicationRelativeFilePath>
      <ProjectRelativeFilePath>StateRepositoryUnitOfWorkBehaviour.cs</ProjectRelativeFilePath>
      <IsIgnored>false</IsIgnored>
    </FileLog>
    <FileLog>
      <ProjectId>73b8c3ce-d61b-4139-b9db-e41cac0905d1</ProjectId>
      <CorrelationId>Intent.Application.MediatR.Behaviours.UnhandledExceptionBehaviour</CorrelationId>
      <OverwriteBehaviour>always</OverwriteBehaviour>
      <ApplicationRelativeFilePath>../../SSIDeliverIntegrationService/SSIDeliverIntegrationService.Application/Common/Behaviours/UnhandledExceptionBehaviour.cs</ApplicationRelativeFilePath>
      <ProjectRelativeFilePath>UnhandledExceptionBehaviour.cs</ProjectRelativeFilePath>
      <IsIgnored>false</IsIgnored>
    </FileLog>
    <FileLog>
      <ProjectId>73b8c3ce-d61b-4139-b9db-e41cac0905d1</ProjectId>
      <CorrelationId>Intent.Application.MediatR.FluentValidation.ValidationBehaviour</CorrelationId>
      <OverwriteBehaviour>always</OverwriteBehaviour>
      <ApplicationRelativeFilePath>../../SSIDeliverIntegrationService/SSIDeliverIntegrationService.Application/Common/Behaviours/ValidationBehaviour.cs</ApplicationRelativeFilePath>
      <ProjectRelativeFilePath>ValidationBehaviour.cs</ProjectRelativeFilePath>
      <IsIgnored>false</IsIgnored>
    </FileLog>
    <FileLog>
      <ProjectId>12af26ad-b257-4195-ab3a-4fe1138a5e32</ProjectId>
      <CorrelationId>Intent.Dapr.AspNetCore.Pubsub.EventBusImplementation</CorrelationId>
      <OverwriteBehaviour>always</OverwriteBehaviour>
      <ApplicationRelativeFilePath>../../SSIDeliverIntegrationService/SSIDeliverIntegrationService.Application/Common/Eventing/EventBusImplementation.cs</ApplicationRelativeFilePath>
      <ProjectRelativeFilePath>EventBusImplementation.cs</ProjectRelativeFilePath>
      <IsIgnored>false</IsIgnored>
    </FileLog>
    <FileLog>
      <ProjectId>12af26ad-b257-4195-ab3a-4fe1138a5e32</ProjectId>
      <CorrelationId>Intent.Dapr.AspNetCore.Pubsub.EventInterface</CorrelationId>
      <OverwriteBehaviour>always</OverwriteBehaviour>
      <ApplicationRelativeFilePath>../../SSIDeliverIntegrationService/SSIDeliverIntegrationService.Application/Common/Eventing/IEvent.cs</ApplicationRelativeFilePath>
      <ProjectRelativeFilePath>IEvent.cs</ProjectRelativeFilePath>
      <IsIgnored>false</IsIgnored>
    </FileLog>
    <FileLog>
      <ProjectId>12af26ad-b257-4195-ab3a-4fe1138a5e32</ProjectId>
      <CorrelationId>Intent.Dapr.AspNetCore.Pubsub.EventBusInterface</CorrelationId>
      <OverwriteBehaviour>always</OverwriteBehaviour>
      <ApplicationRelativeFilePath>../../SSIDeliverIntegrationService/SSIDeliverIntegrationService.Application/Common/Eventing/IEventBus.cs</ApplicationRelativeFilePath>
      <ProjectRelativeFilePath>IEventBus.cs</ProjectRelativeFilePath>
      <IsIgnored>false</IsIgnored>
    </FileLog>
    <FileLog>
      <ProjectId>fdcc16c4-d936-4fd1-a4bf-3028326c083d</ProjectId>
      <CorrelationId>Intent.Application.Identity.ForbiddenAccessException</CorrelationId>
      <OverwriteBehaviour>always</OverwriteBehaviour>
      <ApplicationRelativeFilePath>../../SSIDeliverIntegrationService/SSIDeliverIntegrationService.Application/Common/Exceptions/ForbiddenAccessException.cs</ApplicationRelativeFilePath>
      <ProjectRelativeFilePath>ForbiddenAccessException.cs</ProjectRelativeFilePath>
      <IsIgnored>false</IsIgnored>
    </FileLog>
    <FileLog>
      <ProjectId>fdcc16c4-d936-4fd1-a4bf-3028326c083d</ProjectId>
      <CorrelationId>Intent.Dapr.AspNetCore.ServiceInvocation.HttpClientRequestException</CorrelationId>
      <OverwriteBehaviour>always</OverwriteBehaviour>
      <ApplicationRelativeFilePath>../../SSIDeliverIntegrationService/SSIDeliverIntegrationService.Application/Common/Exceptions/HttpClientRequestException.cs</ApplicationRelativeFilePath>
      <ProjectRelativeFilePath>HttpClientRequestException.cs</ProjectRelativeFilePath>
      <IsIgnored>false</IsIgnored>
    </FileLog>
    <FileLog>
      <ProjectId>dc928a28-087b-4a93-bb67-f3e99beee065</ProjectId>
      <CorrelationId>Intent.Application.MediatR.CommandInterface</CorrelationId>
      <OverwriteBehaviour>always</OverwriteBehaviour>
      <ApplicationRelativeFilePath>../../SSIDeliverIntegrationService/SSIDeliverIntegrationService.Application/Common/Interfaces/ICommand.cs</ApplicationRelativeFilePath>
      <ProjectRelativeFilePath>ICommand.cs</ProjectRelativeFilePath>
      <IsIgnored>false</IsIgnored>
    </FileLog>
    <FileLog>
      <ProjectId>dc928a28-087b-4a93-bb67-f3e99beee065</ProjectId>
      <CorrelationId>Intent.Application.Identity.CurrentUserServiceInterface</CorrelationId>
      <OverwriteBehaviour>always</OverwriteBehaviour>
      <ApplicationRelativeFilePath>../../SSIDeliverIntegrationService/SSIDeliverIntegrationService.Application/Common/Interfaces/ICurrentUserService.cs</ApplicationRelativeFilePath>
      <ProjectRelativeFilePath>ICurrentUserService.cs</ProjectRelativeFilePath>
      <IsIgnored>false</IsIgnored>
    </FileLog>
    <FileLog>
      <ProjectId>dc928a28-087b-4a93-bb67-f3e99beee065</ProjectId>
      <CorrelationId>Intent.DomainEvents.DomainEventServiceInterface</CorrelationId>
      <OverwriteBehaviour>always</OverwriteBehaviour>
      <ApplicationRelativeFilePath>../../SSIDeliverIntegrationService/SSIDeliverIntegrationService.Application/Common/Interfaces/IDomainEventService.cs</ApplicationRelativeFilePath>
      <ProjectRelativeFilePath>IDomainEventService.cs</ProjectRelativeFilePath>
      <IsIgnored>false</IsIgnored>
    </FileLog>
    <FileLog>
      <ProjectId>dc928a28-087b-4a93-bb67-f3e99beee065</ProjectId>
      <CorrelationId>Intent.Application.MediatR.QueryInterface</CorrelationId>
      <OverwriteBehaviour>always</OverwriteBehaviour>
      <ApplicationRelativeFilePath>../../SSIDeliverIntegrationService/SSIDeliverIntegrationService.Application/Common/Interfaces/IQuery.cs</ApplicationRelativeFilePath>
      <ProjectRelativeFilePath>IQuery.cs</ProjectRelativeFilePath>
      <IsIgnored>false</IsIgnored>
    </FileLog>
    <FileLog>
      <ProjectId>af450de1-342d-42fe-85bd-07018907467b</ProjectId>
      <CorrelationId>Intent.Application.AutoMapper.MapFromInterface</CorrelationId>
      <OverwriteBehaviour>always</OverwriteBehaviour>
      <ApplicationRelativeFilePath>../../SSIDeliverIntegrationService/SSIDeliverIntegrationService.Application/Common/Mappings/IMapFrom.cs</ApplicationRelativeFilePath>
      <ProjectRelativeFilePath>IMapFrom.cs</ProjectRelativeFilePath>
      <IsIgnored>false</IsIgnored>
    </FileLog>
    <FileLog>
      <ProjectId>af450de1-342d-42fe-85bd-07018907467b</ProjectId>
      <CorrelationId>Intent.Application.AutoMapper.MappingProfile</CorrelationId>
      <OverwriteBehaviour>always</OverwriteBehaviour>
      <ApplicationRelativeFilePath>../../SSIDeliverIntegrationService/SSIDeliverIntegrationService.Application/Common/Mappings/MappingProfile.cs</ApplicationRelativeFilePath>
      <ProjectRelativeFilePath>MappingProfile.cs</ProjectRelativeFilePath>
      <IsIgnored>false</IsIgnored>
    </FileLog>
    <FileLog>
      <ProjectId>a27b0abc-1eff-4b73-93c8-dede8c135c04</ProjectId>
      <CorrelationId>Intent.MediatR.DomainEvents.DomainEventNotification</CorrelationId>
      <OverwriteBehaviour>always</OverwriteBehaviour>
      <ApplicationRelativeFilePath>../../SSIDeliverIntegrationService/SSIDeliverIntegrationService.Application/Common/Models/DomainEventNotification.cs</ApplicationRelativeFilePath>
      <ProjectRelativeFilePath>DomainEventNotification.cs</ProjectRelativeFilePath>
      <IsIgnored>false</IsIgnored>
    </FileLog>
    <FileLog>
      <ProjectId>a27b0abc-1eff-4b73-93c8-dede8c135c04</ProjectId>
      <CorrelationId>Intent.Application.Identity.ResultModel</CorrelationId>
      <OverwriteBehaviour>always</OverwriteBehaviour>
      <ApplicationRelativeFilePath>../../SSIDeliverIntegrationService/SSIDeliverIntegrationService.Application/Common/Models/Result.cs</ApplicationRelativeFilePath>
      <ProjectRelativeFilePath>Result.cs</ProjectRelativeFilePath>
      <IsIgnored>false</IsIgnored>
    </FileLog>
    <FileLog>
      <ProjectId>cc33986d-8fe2-4dba-af35-70097acd1d3c</ProjectId>
      <CorrelationId>Intent.Application.Dtos.Pagination.PagedResult</CorrelationId>
      <OverwriteBehaviour>always</OverwriteBehaviour>
      <ApplicationRelativeFilePath>../../SSIDeliverIntegrationService/SSIDeliverIntegrationService.Application/Common/Pagination/PagedResult.cs</ApplicationRelativeFilePath>
      <ProjectRelativeFilePath>PagedResult.cs</ProjectRelativeFilePath>
      <IsIgnored>false</IsIgnored>
    </FileLog>
    <FileLog>
      <ProjectId>cc33986d-8fe2-4dba-af35-70097acd1d3c</ProjectId>
      <CorrelationId>Intent.Application.Dtos.Pagination.PagedResultMappingExtensions</CorrelationId>
      <OverwriteBehaviour>always</OverwriteBehaviour>
      <ApplicationRelativeFilePath>../../SSIDeliverIntegrationService/SSIDeliverIntegrationService.Application/Common/Pagination/PagedResultMappingExtensions.cs</ApplicationRelativeFilePath>
      <ProjectRelativeFilePath>PagedResultMappingExtensions.cs</ProjectRelativeFilePath>
      <IsIgnored>false</IsIgnored>
    </FileLog>
    <FileLog>
      <ProjectId>1cc4a9a2-2260-4adf-b6f2-0e22af5a4f55</ProjectId>
      <CorrelationId>Intent.Application.Identity.AuthorizeAttribute</CorrelationId>
      <OverwriteBehaviour>always</OverwriteBehaviour>
      <ApplicationRelativeFilePath>../../SSIDeliverIntegrationService/SSIDeliverIntegrationService.Application/Common/Security/AuthorizeAttribute.cs</ApplicationRelativeFilePath>
      <ProjectRelativeFilePath>AuthorizeAttribute.cs</ProjectRelativeFilePath>
      <IsIgnored>false</IsIgnored>
    </FileLog>
    <FileLog>
      <ProjectId>4bd88c89-2508-4c50-8eb9-c468796ae435</ProjectId>
      <CorrelationId>Intent.Application.DependencyInjection.DependencyInjection</CorrelationId>
      <OverwriteBehaviour>always</OverwriteBehaviour>
      <ApplicationRelativeFilePath>../../SSIDeliverIntegrationService/SSIDeliverIntegrationService.Application/DependencyInjection.cs</ApplicationRelativeFilePath>
      <ProjectRelativeFilePath>DependencyInjection.cs</ProjectRelativeFilePath>
      <IsIgnored>false</IsIgnored>
    </FileLog>
    <FileLog>
      <ProjectId>4bd88c89-2508-4c50-8eb9-c468796ae435</ProjectId>
      <CorrelationId>Intent.Application.MediatR.QueryModels#1996fa86-b0eb-4a77-b1f1-eadb837cb1e4</CorrelationId>
      <OverwriteBehaviour>always</OverwriteBehaviour>
      <ApplicationRelativeFilePath>../../SSIDeliverIntegrationService/SSIDeliverIntegrationService.Application/GetSaleChannels/GetSaleChannels.cs</ApplicationRelativeFilePath>
      <ProjectRelativeFilePath>GetSaleChannels/GetSaleChannels.cs</ProjectRelativeFilePath>
      <IsIgnored>false</IsIgnored>
    </FileLog>
    <FileLog>
      <ProjectId>4bd88c89-2508-4c50-8eb9-c468796ae435</ProjectId>
      <CorrelationId>Intent.Application.MediatR.QueryHandler#1996fa86-b0eb-4a77-b1f1-eadb837cb1e4</CorrelationId>
      <OverwriteBehaviour>always</OverwriteBehaviour>
      <ApplicationRelativeFilePath>../../SSIDeliverIntegrationService/SSIDeliverIntegrationService.Application/GetSaleChannels/GetSaleChannelsHandler.cs</ApplicationRelativeFilePath>
      <ProjectRelativeFilePath>GetSaleChannels/GetSaleChannelsHandler.cs</ProjectRelativeFilePath>
      <IsIgnored>false</IsIgnored>
    </FileLog>
    <FileLog>
      <ProjectId>4bd88c89-2508-4c50-8eb9-c468796ae435</ProjectId>
      <CorrelationId>Intent.Application.MediatR.FluentValidation.QueryValidator#1996fa86-b0eb-4a77-b1f1-eadb837cb1e4</CorrelationId>
      <OverwriteBehaviour>always</OverwriteBehaviour>
      <ApplicationRelativeFilePath>../../SSIDeliverIntegrationService/SSIDeliverIntegrationService.Application/GetSaleChannels/GetSaleChannelsValidator.cs</ApplicationRelativeFilePath>
      <ProjectRelativeFilePath>GetSaleChannels/GetSaleChannelsValidator.cs</ProjectRelativeFilePath>
      <IsIgnored>false</IsIgnored>
    </FileLog>
    <FileLog>
      <ProjectId>4bd88c89-2508-4c50-8eb9-c468796ae435</ProjectId>
      <CorrelationId>Intent.Application.Contracts.Clients.ServiceContract#070967e7-ec19-4ff5-94c6-7fedc96c5c91</CorrelationId>
      <OverwriteBehaviour>always</OverwriteBehaviour>
      <ApplicationRelativeFilePath>../../SSIDeliverIntegrationService/SSIDeliverIntegrationService.Application/IDeliverService/IIDeliverClient.cs</ApplicationRelativeFilePath>
      <ProjectRelativeFilePath>IDeliverService/IIDeliverClient.cs</ProjectRelativeFilePath>
      <IsIgnored>false</IsIgnored>
    </FileLog>
    <FileLog>
      <ProjectId>4bd88c89-2508-4c50-8eb9-c468796ae435</ProjectId>
      <CorrelationId>Intent.Application.Contracts.Clients.DtoContract#59029ab9-f7cd-415f-b1f2-a87cf9dfc32d</CorrelationId>
      <OverwriteBehaviour>always</OverwriteBehaviour>
      <ApplicationRelativeFilePath>../../SSIDeliverIntegrationService/SSIDeliverIntegrationService.Application/IDeliverService/SaleChannelsResponseModel.cs</ApplicationRelativeFilePath>
      <ProjectRelativeFilePath>IDeliverService/SaleChannelsResponseModel.cs</ProjectRelativeFilePath>
      <IsIgnored>false</IsIgnored>
    </FileLog>
    <FileLog>
      <ProjectId>4bd88c89-2508-4c50-8eb9-c468796ae435</ProjectId>
      <CorrelationId>Intent.Application.Dtos.DtoModel#1cd2b83d-9483-4371-8eb2-cb565185cbdb</CorrelationId>
      <OverwriteBehaviour>always</OverwriteBehaviour>
      <ApplicationRelativeFilePath>../../SSIDeliverIntegrationService/SSIDeliverIntegrationService.Application/SaleChannelsResponseModel.cs</ApplicationRelativeFilePath>
      <ProjectRelativeFilePath>SaleChannelsResponseModel.cs</ProjectRelativeFilePath>
      <IsIgnored>false</IsIgnored>
    </FileLog>
    <FileLog>
      <ProjectId>4bd88c89-2508-4c50-8eb9-c468796ae435</ProjectId>
      <CorrelationId>Intent.VisualStudio.Projects.CSharpProject#4bd88c89-2508-4c50-8eb9-c468796ae435</CorrelationId>
      <OverwriteBehaviour>always</OverwriteBehaviour>
      <ApplicationRelativeFilePath>../../SSIDeliverIntegrationService/SSIDeliverIntegrationService.Application/SSIDeliverIntegrationService.Application.csproj</ApplicationRelativeFilePath>
      <ProjectRelativeFilePath>SSIDeliverIntegrationService.Application.csproj</ProjectRelativeFilePath>
      <IsIgnored>false</IsIgnored>
    </FileLog>
    <FileLog>
      <ProjectId>3edaa381-6fec-4973-adc9-933f9c0d5bde</ProjectId>
      <CorrelationId>Intent.Entities.CollectionExtensions</CorrelationId>
      <OverwriteBehaviour>always</OverwriteBehaviour>
      <ApplicationRelativeFilePath>../../SSIDeliverIntegrationService/SSIDeliverIntegrationService.Domain/Common/CollectionExtensions.cs</ApplicationRelativeFilePath>
      <ProjectRelativeFilePath>CollectionExtensions.cs</ProjectRelativeFilePath>
      <IsIgnored>false</IsIgnored>
    </FileLog>
    <FileLog>
      <ProjectId>3edaa381-6fec-4973-adc9-933f9c0d5bde</ProjectId>
      <CorrelationId>Intent.DomainEvents.DomainEventBase</CorrelationId>
      <OverwriteBehaviour>always</OverwriteBehaviour>
      <ApplicationRelativeFilePath>../../SSIDeliverIntegrationService/SSIDeliverIntegrationService.Domain/Common/DomainEvent.cs</ApplicationRelativeFilePath>
      <ProjectRelativeFilePath>DomainEvent.cs</ProjectRelativeFilePath>
      <IsIgnored>false</IsIgnored>
    </FileLog>
    <FileLog>
      <ProjectId>3edaa381-6fec-4973-adc9-933f9c0d5bde</ProjectId>
      <CorrelationId>Intent.DomainEvents.HasDomainEventInterface</CorrelationId>
      <OverwriteBehaviour>always</OverwriteBehaviour>
      <ApplicationRelativeFilePath>../../SSIDeliverIntegrationService/SSIDeliverIntegrationService.Domain/Common/IHasDomainEvent.cs</ApplicationRelativeFilePath>
      <ProjectRelativeFilePath>IHasDomainEvent.cs</ProjectRelativeFilePath>
      <IsIgnored>false</IsIgnored>
    </FileLog>
    <FileLog>
      <ProjectId>a087cd62-c461-4ce9-a7c1-2ba97e3345ca</ProjectId>
      <CorrelationId>Intent.Entities.Repositories.Api.UnitOfWorkInterface</CorrelationId>
      <OverwriteBehaviour>always</OverwriteBehaviour>
      <ApplicationRelativeFilePath>../../SSIDeliverIntegrationService/SSIDeliverIntegrationService.Domain/Common/Interfaces/IUnitOfWork.cs</ApplicationRelativeFilePath>
      <ProjectRelativeFilePath>IUnitOfWork.cs</ProjectRelativeFilePath>
      <IsIgnored>false</IsIgnored>
    </FileLog>
    <FileLog>
      <ProjectId>3edaa381-6fec-4973-adc9-933f9c0d5bde</ProjectId>
      <CorrelationId>Intent.Entities.UpdateHelper</CorrelationId>
      <OverwriteBehaviour>always</OverwriteBehaviour>
      <ApplicationRelativeFilePath>../../SSIDeliverIntegrationService/SSIDeliverIntegrationService.Domain/Common/UpdateHelper.cs</ApplicationRelativeFilePath>
      <ProjectRelativeFilePath>UpdateHelper.cs</ProjectRelativeFilePath>
      <IsIgnored>false</IsIgnored>
    </FileLog>
    <FileLog>
      <ProjectId>e2df61ec-c017-45e1-9547-6c3fc1da9207</ProjectId>
      <CorrelationId>Intent.Entities.DomainEntity#b099ad5a-6a48-4db9-9819-876c97de416c</CorrelationId>
      <OverwriteBehaviour>always</OverwriteBehaviour>
      <ApplicationRelativeFilePath>../../SSIDeliverIntegrationService/SSIDeliverIntegrationService.Domain/Entities/Customer.cs</ApplicationRelativeFilePath>
      <ProjectRelativeFilePath>Customer.cs</ProjectRelativeFilePath>
      <IsIgnored>false</IsIgnored>
    </FileLog>
    <FileLog>
      <ProjectId>e2df61ec-c017-45e1-9547-6c3fc1da9207</ProjectId>
      <CorrelationId>Intent.Entities.DomainEntity#b431f373-c66a-4eb2-95d9-32f8c4e5ffa9</CorrelationId>
      <OverwriteBehaviour>always</OverwriteBehaviour>
      <ApplicationRelativeFilePath>../../SSIDeliverIntegrationService/SSIDeliverIntegrationService.Domain/Entities/Deal.cs</ApplicationRelativeFilePath>
      <ProjectRelativeFilePath>Deal.cs</ProjectRelativeFilePath>
      <IsIgnored>false</IsIgnored>
    </FileLog>
    <FileLog>
      <ProjectId>e2df61ec-c017-45e1-9547-6c3fc1da9207</ProjectId>
      <CorrelationId>Intent.Entities.DomainEntity#714b221c-82ee-480d-a82c-11a8ea925e68</CorrelationId>
      <OverwriteBehaviour>always</OverwriteBehaviour>
      <ApplicationRelativeFilePath>../../SSIDeliverIntegrationService/SSIDeliverIntegrationService.Domain/Entities/IdeliverProductChannelMapping.cs</ApplicationRelativeFilePath>
      <ProjectRelativeFilePath>IdeliverProductChannelMapping.cs</ProjectRelativeFilePath>
      <IsIgnored>false</IsIgnored>
    </FileLog>
    <FileLog>
      <ProjectId>e2df61ec-c017-45e1-9547-6c3fc1da9207</ProjectId>
      <CorrelationId>Intent.Entities.DomainEntity#6a256af2-7667-4716-ab44-f768dbcade85</CorrelationId>
      <OverwriteBehaviour>always</OverwriteBehaviour>
      <ApplicationRelativeFilePath>../../SSIDeliverIntegrationService/SSIDeliverIntegrationService.Domain/Entities/Order.cs</ApplicationRelativeFilePath>
      <ProjectRelativeFilePath>Order.cs</ProjectRelativeFilePath>
      <IsIgnored>false</IsIgnored>
    </FileLog>
    <FileLog>
      <ProjectId>e2df61ec-c017-45e1-9547-6c3fc1da9207</ProjectId>
      <CorrelationId>Intent.Entities.DomainEntity#d9c79204-749b-40cd-b45d-99e0755b149f</CorrelationId>
      <OverwriteBehaviour>always</OverwriteBehaviour>
      <ApplicationRelativeFilePath>../../SSIDeliverIntegrationService/SSIDeliverIntegrationService.Domain/Entities/OrderItem.cs</ApplicationRelativeFilePath>
      <ProjectRelativeFilePath>OrderItem.cs</ProjectRelativeFilePath>
      <IsIgnored>false</IsIgnored>
    </FileLog>
    <FileLog>
      <ProjectId>e2df61ec-c017-45e1-9547-6c3fc1da9207</ProjectId>
      <CorrelationId>Intent.Entities.DomainEntity#9f717252-07f4-44a1-9266-5b1dfbe2192d</CorrelationId>
      <OverwriteBehaviour>always</OverwriteBehaviour>
      <ApplicationRelativeFilePath>../../SSIDeliverIntegrationService/SSIDeliverIntegrationService.Domain/Entities/OrderStatusHistory.cs</ApplicationRelativeFilePath>
      <ProjectRelativeFilePath>OrderStatusHistory.cs</ProjectRelativeFilePath>
      <IsIgnored>false</IsIgnored>
    </FileLog>
    <FileLog>
      <ProjectId>e2df61ec-c017-45e1-9547-6c3fc1da9207</ProjectId>
      <CorrelationId>Intent.Entities.DomainEntity#6a376c58-9d30-4fde-98ff-5c1ceb124e76</CorrelationId>
      <OverwriteBehaviour>always</OverwriteBehaviour>
      <ApplicationRelativeFilePath>../../SSIDeliverIntegrationService/SSIDeliverIntegrationService.Domain/Entities/Product.cs</ApplicationRelativeFilePath>
      <ProjectRelativeFilePath>Product.cs</ProjectRelativeFilePath>
      <IsIgnored>false</IsIgnored>
    </FileLog>
    <FileLog>
      <ProjectId>e2df61ec-c017-45e1-9547-6c3fc1da9207</ProjectId>
      <CorrelationId>Intent.Entities.DomainEntity#fe73db88-bd2a-43d7-bb68-b72656b53b61</CorrelationId>
      <OverwriteBehaviour>always</OverwriteBehaviour>
      <ApplicationRelativeFilePath>../../SSIDeliverIntegrationService/SSIDeliverIntegrationService.Domain/Entities/ProductDimensions.cs</ApplicationRelativeFilePath>
      <ProjectRelativeFilePath>ProductDimensions.cs</ProjectRelativeFilePath>
      <IsIgnored>false</IsIgnored>
    </FileLog>
    <FileLog>
      <ProjectId>e2df61ec-c017-45e1-9547-6c3fc1da9207</ProjectId>
      <CorrelationId>Intent.Entities.DomainEntity#dfce2eba-89c8-4562-a476-5b5c038f2004</CorrelationId>
      <OverwriteBehaviour>always</OverwriteBehaviour>
      <ApplicationRelativeFilePath>../../SSIDeliverIntegrationService/SSIDeliverIntegrationService.Domain/Entities/StockItem.cs</ApplicationRelativeFilePath>
      <ProjectRelativeFilePath>StockItem.cs</ProjectRelativeFilePath>
      <IsIgnored>false</IsIgnored>
    </FileLog>
    <FileLog>
      <ProjectId>e2df61ec-c017-45e1-9547-6c3fc1da9207</ProjectId>
      <CorrelationId>Intent.Entities.DomainEntity#a0e358bc-b26c-48f6-9b76-e6fd3d42ac4b</CorrelationId>
      <OverwriteBehaviour>always</OverwriteBehaviour>
      <ApplicationRelativeFilePath>../../SSIDeliverIntegrationService/SSIDeliverIntegrationService.Domain/Entities/Tariff.cs</ApplicationRelativeFilePath>
      <ProjectRelativeFilePath>Tariff.cs</ProjectRelativeFilePath>
      <IsIgnored>false</IsIgnored>
    </FileLog>
    <FileLog>
      <ProjectId>0607a66a-705d-4959-b9ff-ca95fdfb2ec6</ProjectId>
      <CorrelationId>Intent.Entities.Repositories.Api.EntityRepositoryInterface#b099ad5a-6a48-4db9-9819-876c97de416c</CorrelationId>
      <OverwriteBehaviour>always</OverwriteBehaviour>
      <ApplicationRelativeFilePath>../../SSIDeliverIntegrationService/SSIDeliverIntegrationService.Domain/Repositories/ICustomerRepository.cs</ApplicationRelativeFilePath>
      <ProjectRelativeFilePath>ICustomerRepository.cs</ProjectRelativeFilePath>
      <IsIgnored>false</IsIgnored>
    </FileLog>
    <FileLog>
      <ProjectId>0607a66a-705d-4959-b9ff-ca95fdfb2ec6</ProjectId>
      <CorrelationId>Intent.Entities.Repositories.Api.EntityRepositoryInterface#6a256af2-7667-4716-ab44-f768dbcade85</CorrelationId>
      <OverwriteBehaviour>always</OverwriteBehaviour>
      <ApplicationRelativeFilePath>../../SSIDeliverIntegrationService/SSIDeliverIntegrationService.Domain/Repositories/IOrderRepository.cs</ApplicationRelativeFilePath>
      <ProjectRelativeFilePath>IOrderRepository.cs</ProjectRelativeFilePath>
      <IsIgnored>false</IsIgnored>
    </FileLog>
    <FileLog>
      <ProjectId>0607a66a-705d-4959-b9ff-ca95fdfb2ec6</ProjectId>
      <CorrelationId>Intent.Entities.Repositories.Api.PagedResultInterface</CorrelationId>
      <OverwriteBehaviour>always</OverwriteBehaviour>
      <ApplicationRelativeFilePath>../../SSIDeliverIntegrationService/SSIDeliverIntegrationService.Domain/Repositories/IPagedResult.cs</ApplicationRelativeFilePath>
      <ProjectRelativeFilePath>IPagedResult.cs</ProjectRelativeFilePath>
      <IsIgnored>false</IsIgnored>
    </FileLog>
    <FileLog>
      <ProjectId>0607a66a-705d-4959-b9ff-ca95fdfb2ec6</ProjectId>
      <CorrelationId>Intent.Entities.Repositories.Api.EntityRepositoryInterface#6a376c58-9d30-4fde-98ff-5c1ceb124e76</CorrelationId>
      <OverwriteBehaviour>always</OverwriteBehaviour>
      <ApplicationRelativeFilePath>../../SSIDeliverIntegrationService/SSIDeliverIntegrationService.Domain/Repositories/IProductRepository.cs</ApplicationRelativeFilePath>
      <ProjectRelativeFilePath>IProductRepository.cs</ProjectRelativeFilePath>
      <IsIgnored>false</IsIgnored>
    </FileLog>
    <FileLog>
      <ProjectId>0607a66a-705d-4959-b9ff-ca95fdfb2ec6</ProjectId>
      <CorrelationId>Intent.Entities.Repositories.Api.RepositoryInterface</CorrelationId>
      <OverwriteBehaviour>always</OverwriteBehaviour>
      <ApplicationRelativeFilePath>../../SSIDeliverIntegrationService/SSIDeliverIntegrationService.Domain/Repositories/IRepository.cs</ApplicationRelativeFilePath>
      <ProjectRelativeFilePath>IRepository.cs</ProjectRelativeFilePath>
      <IsIgnored>false</IsIgnored>
    </FileLog>
    <FileLog>
      <ProjectId>0607a66a-705d-4959-b9ff-ca95fdfb2ec6</ProjectId>
      <CorrelationId>Intent.Dapr.AspNetCore.StateManagement.StateRepositoryInterface</CorrelationId>
      <OverwriteBehaviour>always</OverwriteBehaviour>
      <ApplicationRelativeFilePath>../../SSIDeliverIntegrationService/SSIDeliverIntegrationService.Domain/Repositories/IStateRepository.cs</ApplicationRelativeFilePath>
      <ProjectRelativeFilePath>IStateRepository.cs</ProjectRelativeFilePath>
      <IsIgnored>false</IsIgnored>
    </FileLog>
    <FileLog>
      <ProjectId>0607a66a-705d-4959-b9ff-ca95fdfb2ec6</ProjectId>
      <CorrelationId>Intent.Entities.Repositories.Api.EntityRepositoryInterface#dfce2eba-89c8-4562-a476-5b5c038f2004</CorrelationId>
      <OverwriteBehaviour>always</OverwriteBehaviour>
      <ApplicationRelativeFilePath>../../SSIDeliverIntegrationService/SSIDeliverIntegrationService.Domain/Repositories/IStockItemRepository.cs</ApplicationRelativeFilePath>
      <ProjectRelativeFilePath>IStockItemRepository.cs</ProjectRelativeFilePath>
      <IsIgnored>false</IsIgnored>
    </FileLog>
    <FileLog>
      <ProjectId>0607a66a-705d-4959-b9ff-ca95fdfb2ec6</ProjectId>
      <CorrelationId>Intent.Entities.Repositories.Api.EntityRepositoryInterface#a0e358bc-b26c-48f6-9b76-e6fd3d42ac4b</CorrelationId>
      <OverwriteBehaviour>always</OverwriteBehaviour>
      <ApplicationRelativeFilePath>../../SSIDeliverIntegrationService/SSIDeliverIntegrationService.Domain/Repositories/ITariffRepository.cs</ApplicationRelativeFilePath>
      <ProjectRelativeFilePath>ITariffRepository.cs</ProjectRelativeFilePath>
      <IsIgnored>false</IsIgnored>
    </FileLog>
    <FileLog>
      <ProjectId>42cf95e6-9419-4973-b140-710a551de3b7</ProjectId>
      <CorrelationId>Intent.VisualStudio.Projects.CSharpProject#42cf95e6-9419-4973-b140-710a551de3b7</CorrelationId>
      <OverwriteBehaviour>always</OverwriteBehaviour>
      <ApplicationRelativeFilePath>../../SSIDeliverIntegrationService/SSIDeliverIntegrationService.Domain/SSIDeliverIntegrationService.Domain.csproj</ApplicationRelativeFilePath>
      <ProjectRelativeFilePath>SSIDeliverIntegrationService.Domain.csproj</ProjectRelativeFilePath>
      <IsIgnored>false</IsIgnored>
    </FileLog>
    <FileLog>
      <ProjectId>b4c97697-91f8-4c28-87be-f1e52942a07e</ProjectId>
      <CorrelationId>Intent.Infrastructure.DependencyInjection.DependencyInjection</CorrelationId>
      <OverwriteBehaviour>always</OverwriteBehaviour>
      <ApplicationRelativeFilePath>../../SSIDeliverIntegrationService/SSIDeliverIntegrationService.Infrastructure/DependencyInjection.cs</ApplicationRelativeFilePath>
      <ProjectRelativeFilePath>DependencyInjection.cs</ProjectRelativeFilePath>
      <IsIgnored>false</IsIgnored>
    </FileLog>
    <FileLog>
      <ProjectId>77e07aee-45b4-4c63-bd92-66b41f0cf82b</ProjectId>
      <CorrelationId>Intent.Dapr.AspNetCore.ServiceInvocation.HttpClient#070967e7-ec19-4ff5-94c6-7fedc96c5c91</CorrelationId>
      <OverwriteBehaviour>always</OverwriteBehaviour>
      <ApplicationRelativeFilePath>../../SSIDeliverIntegrationService/SSIDeliverIntegrationService.Infrastructure/HttpClients/IDeliverServiceHttpClient.cs</ApplicationRelativeFilePath>
      <ProjectRelativeFilePath>IDeliverServiceHttpClient.cs</ProjectRelativeFilePath>
      <IsIgnored>false</IsIgnored>
    </FileLog>
    <FileLog>
      <ProjectId>18907418-6279-46f8-b96c-01151bb61889</ProjectId>
      <CorrelationId>Intent.EntityFrameworkCore.DbContext</CorrelationId>
      <OverwriteBehaviour>always</OverwriteBehaviour>
      <ApplicationRelativeFilePath>../../SSIDeliverIntegrationService/SSIDeliverIntegrationService.Infrastructure/Persistence/ApplicationDbContext.cs</ApplicationRelativeFilePath>
      <ProjectRelativeFilePath>ApplicationDbContext.cs</ProjectRelativeFilePath>
      <IsIgnored>false</IsIgnored>
    </FileLog>
    <FileLog>
      <ProjectId>6002a69d-ec7d-4105-a56a-8ae09f82f767</ProjectId>
      <CorrelationId>Intent.EntityFrameworkCore.EntityTypeConfiguration#b099ad5a-6a48-4db9-9819-876c97de416c</CorrelationId>
      <OverwriteBehaviour>always</OverwriteBehaviour>
      <ApplicationRelativeFilePath>../../SSIDeliverIntegrationService/SSIDeliverIntegrationService.Infrastructure/Persistence/Configurations/CustomerConfiguration.cs</ApplicationRelativeFilePath>
      <ProjectRelativeFilePath>CustomerConfiguration.cs</ProjectRelativeFilePath>
      <IsIgnored>false</IsIgnored>
    </FileLog>
    <FileLog>
      <ProjectId>6002a69d-ec7d-4105-a56a-8ae09f82f767</ProjectId>
      <CorrelationId>Intent.EntityFrameworkCore.EntityTypeConfiguration#b431f373-c66a-4eb2-95d9-32f8c4e5ffa9</CorrelationId>
      <OverwriteBehaviour>always</OverwriteBehaviour>
      <ApplicationRelativeFilePath>../../SSIDeliverIntegrationService/SSIDeliverIntegrationService.Infrastructure/Persistence/Configurations/DealConfiguration.cs</ApplicationRelativeFilePath>
      <ProjectRelativeFilePath>DealConfiguration.cs</ProjectRelativeFilePath>
      <IsIgnored>false</IsIgnored>
    </FileLog>
    <FileLog>
      <ProjectId>6002a69d-ec7d-4105-a56a-8ae09f82f767</ProjectId>
      <CorrelationId>Intent.EntityFrameworkCore.EntityTypeConfiguration#6a256af2-7667-4716-ab44-f768dbcade85</CorrelationId>
      <OverwriteBehaviour>always</OverwriteBehaviour>
      <ApplicationRelativeFilePath>../../SSIDeliverIntegrationService/SSIDeliverIntegrationService.Infrastructure/Persistence/Configurations/OrderConfiguration.cs</ApplicationRelativeFilePath>
      <ProjectRelativeFilePath>OrderConfiguration.cs</ProjectRelativeFilePath>
      <IsIgnored>false</IsIgnored>
    </FileLog>
    <FileLog>
      <ProjectId>6002a69d-ec7d-4105-a56a-8ae09f82f767</ProjectId>
      <CorrelationId>Intent.EntityFrameworkCore.EntityTypeConfiguration#d9c79204-749b-40cd-b45d-99e0755b149f</CorrelationId>
      <OverwriteBehaviour>always</OverwriteBehaviour>
      <ApplicationRelativeFilePath>../../SSIDeliverIntegrationService/SSIDeliverIntegrationService.Infrastructure/Persistence/Configurations/OrderItemConfiguration.cs</ApplicationRelativeFilePath>
      <ProjectRelativeFilePath>OrderItemConfiguration.cs</ProjectRelativeFilePath>
      <IsIgnored>false</IsIgnored>
    </FileLog>
    <FileLog>
      <ProjectId>6002a69d-ec7d-4105-a56a-8ae09f82f767</ProjectId>
      <CorrelationId>Intent.EntityFrameworkCore.EntityTypeConfiguration#6a376c58-9d30-4fde-98ff-5c1ceb124e76</CorrelationId>
      <OverwriteBehaviour>always</OverwriteBehaviour>
      <ApplicationRelativeFilePath>../../SSIDeliverIntegrationService/SSIDeliverIntegrationService.Infrastructure/Persistence/Configurations/ProductConfiguration.cs</ApplicationRelativeFilePath>
      <ProjectRelativeFilePath>ProductConfiguration.cs</ProjectRelativeFilePath>
      <IsIgnored>false</IsIgnored>
    </FileLog>
    <FileLog>
      <ProjectId>6002a69d-ec7d-4105-a56a-8ae09f82f767</ProjectId>
      <CorrelationId>Intent.EntityFrameworkCore.EntityTypeConfiguration#dfce2eba-89c8-4562-a476-5b5c038f2004</CorrelationId>
      <OverwriteBehaviour>always</OverwriteBehaviour>
      <ApplicationRelativeFilePath>../../SSIDeliverIntegrationService/SSIDeliverIntegrationService.Infrastructure/Persistence/Configurations/StockItemConfiguration.cs</ApplicationRelativeFilePath>
      <ProjectRelativeFilePath>StockItemConfiguration.cs</ProjectRelativeFilePath>
      <IsIgnored>false</IsIgnored>
    </FileLog>
    <FileLog>
      <ProjectId>6002a69d-ec7d-4105-a56a-8ae09f82f767</ProjectId>
      <CorrelationId>Intent.EntityFrameworkCore.EntityTypeConfiguration#a0e358bc-b26c-48f6-9b76-e6fd3d42ac4b</CorrelationId>
      <OverwriteBehaviour>always</OverwriteBehaviour>
      <ApplicationRelativeFilePath>../../SSIDeliverIntegrationService/SSIDeliverIntegrationService.Infrastructure/Persistence/Configurations/TariffConfiguration.cs</ApplicationRelativeFilePath>
      <ProjectRelativeFilePath>TariffConfiguration.cs</ProjectRelativeFilePath>
      <IsIgnored>false</IsIgnored>
    </FileLog>
    <FileLog>
      <ProjectId>18907418-6279-46f8-b96c-01151bb61889</ProjectId>
      <CorrelationId>Intent.EntityFrameworkCore.DbMigrationsReadMe</CorrelationId>
      <OverwriteBehaviour>always</OverwriteBehaviour>
      <ApplicationRelativeFilePath>../../SSIDeliverIntegrationService/SSIDeliverIntegrationService.Infrastructure/Persistence/MIGRATION_README.txt</ApplicationRelativeFilePath>
      <ProjectRelativeFilePath>MIGRATION_README.txt</ProjectRelativeFilePath>
      <IsIgnored>false</IsIgnored>
    </FileLog>
    <FileLog>
      <ProjectId>9f04c0af-1875-47da-b758-c76cf2a8f006</ProjectId>
      <CorrelationId>Intent.EntityFrameworkCore.Repositories.Repository#b099ad5a-6a48-4db9-9819-876c97de416c</CorrelationId>
      <OverwriteBehaviour>always</OverwriteBehaviour>
      <ApplicationRelativeFilePath>../../SSIDeliverIntegrationService/SSIDeliverIntegrationService.Infrastructure/Repositories/CustomerRepository.cs</ApplicationRelativeFilePath>
      <ProjectRelativeFilePath>CustomerRepository.cs</ProjectRelativeFilePath>
      <IsIgnored>false</IsIgnored>
    </FileLog>
    <FileLog>
      <ProjectId>9f04c0af-1875-47da-b758-c76cf2a8f006</ProjectId>
      <CorrelationId>Intent.EntityFrameworkCore.Repositories.Repository#6a256af2-7667-4716-ab44-f768dbcade85</CorrelationId>
      <OverwriteBehaviour>always</OverwriteBehaviour>
      <ApplicationRelativeFilePath>../../SSIDeliverIntegrationService/SSIDeliverIntegrationService.Infrastructure/Repositories/OrderRepository.cs</ApplicationRelativeFilePath>
      <ProjectRelativeFilePath>OrderRepository.cs</ProjectRelativeFilePath>
      <IsIgnored>false</IsIgnored>
    </FileLog>
    <FileLog>
      <ProjectId>9f04c0af-1875-47da-b758-c76cf2a8f006</ProjectId>
      <CorrelationId>Intent.EntityFrameworkCore.Repositories.PagedList</CorrelationId>
      <OverwriteBehaviour>always</OverwriteBehaviour>
      <ApplicationRelativeFilePath>../../SSIDeliverIntegrationService/SSIDeliverIntegrationService.Infrastructure/Repositories/PagedList.cs</ApplicationRelativeFilePath>
      <ProjectRelativeFilePath>PagedList.cs</ProjectRelativeFilePath>
      <IsIgnored>false</IsIgnored>
    </FileLog>
    <FileLog>
      <ProjectId>9f04c0af-1875-47da-b758-c76cf2a8f006</ProjectId>
      <CorrelationId>Intent.EntityFrameworkCore.Repositories.Repository#6a376c58-9d30-4fde-98ff-5c1ceb124e76</CorrelationId>
      <OverwriteBehaviour>always</OverwriteBehaviour>
      <ApplicationRelativeFilePath>../../SSIDeliverIntegrationService/SSIDeliverIntegrationService.Infrastructure/Repositories/ProductRepository.cs</ApplicationRelativeFilePath>
      <ProjectRelativeFilePath>ProductRepository.cs</ProjectRelativeFilePath>
      <IsIgnored>false</IsIgnored>
    </FileLog>
    <FileLog>
      <ProjectId>9f04c0af-1875-47da-b758-c76cf2a8f006</ProjectId>
      <CorrelationId>Intent.EntityFrameworkCore.Repositories.RepositoryBase</CorrelationId>
      <OverwriteBehaviour>always</OverwriteBehaviour>
      <ApplicationRelativeFilePath>../../SSIDeliverIntegrationService/SSIDeliverIntegrationService.Infrastructure/Repositories/RepositoryBase.cs</ApplicationRelativeFilePath>
      <ProjectRelativeFilePath>RepositoryBase.cs</ProjectRelativeFilePath>
      <IsIgnored>false</IsIgnored>
    </FileLog>
    <FileLog>
      <ProjectId>9f04c0af-1875-47da-b758-c76cf2a8f006</ProjectId>
      <CorrelationId>Intent.Dapr.AspNetCore.StateManagement.StateRepository</CorrelationId>
      <OverwriteBehaviour>always</OverwriteBehaviour>
      <ApplicationRelativeFilePath>../../SSIDeliverIntegrationService/SSIDeliverIntegrationService.Infrastructure/Repositories/StateRepository.cs</ApplicationRelativeFilePath>
      <ProjectRelativeFilePath>StateRepository.cs</ProjectRelativeFilePath>
      <IsIgnored>false</IsIgnored>
    </FileLog>
    <FileLog>
      <ProjectId>9f04c0af-1875-47da-b758-c76cf2a8f006</ProjectId>
      <CorrelationId>Intent.EntityFrameworkCore.Repositories.Repository#dfce2eba-89c8-4562-a476-5b5c038f2004</CorrelationId>
      <OverwriteBehaviour>always</OverwriteBehaviour>
      <ApplicationRelativeFilePath>../../SSIDeliverIntegrationService/SSIDeliverIntegrationService.Infrastructure/Repositories/StockItemRepository.cs</ApplicationRelativeFilePath>
      <ProjectRelativeFilePath>StockItemRepository.cs</ProjectRelativeFilePath>
      <IsIgnored>false</IsIgnored>
    </FileLog>
    <FileLog>
      <ProjectId>9f04c0af-1875-47da-b758-c76cf2a8f006</ProjectId>
      <CorrelationId>Intent.EntityFrameworkCore.Repositories.Repository#a0e358bc-b26c-48f6-9b76-e6fd3d42ac4b</CorrelationId>
      <OverwriteBehaviour>always</OverwriteBehaviour>
      <ApplicationRelativeFilePath>../../SSIDeliverIntegrationService/SSIDeliverIntegrationService.Infrastructure/Repositories/TariffRepository.cs</ApplicationRelativeFilePath>
      <ProjectRelativeFilePath>TariffRepository.cs</ProjectRelativeFilePath>
      <IsIgnored>false</IsIgnored>
    </FileLog>
    <FileLog>
      <ProjectId>0b12b016-efbb-45a3-914c-3211f474e993</ProjectId>
      <CorrelationId>Intent.MediatR.DomainEvents.DomainEventService</CorrelationId>
      <OverwriteBehaviour>always</OverwriteBehaviour>
      <ApplicationRelativeFilePath>../../SSIDeliverIntegrationService/SSIDeliverIntegrationService.Infrastructure/Services/DomainEventService.cs</ApplicationRelativeFilePath>
      <ProjectRelativeFilePath>DomainEventService.cs</ProjectRelativeFilePath>
      <IsIgnored>false</IsIgnored>
    </FileLog>
    <FileLog>
      <ProjectId>b4c97697-91f8-4c28-87be-f1e52942a07e</ProjectId>
      <CorrelationId>Intent.VisualStudio.Projects.CSharpProject#b4c97697-91f8-4c28-87be-f1e52942a07e</CorrelationId>
      <OverwriteBehaviour>always</OverwriteBehaviour>
      <ApplicationRelativeFilePath>../../SSIDeliverIntegrationService/SSIDeliverIntegrationService.Infrastructure/SSIDeliverIntegrationService.Infrastructure.csproj</ApplicationRelativeFilePath>
      <ProjectRelativeFilePath>SSIDeliverIntegrationService.Infrastructure.csproj</ProjectRelativeFilePath>
      <IsIgnored>false</IsIgnored>
    </FileLog>
    <FileLog>
      <CorrelationId>Intent.VisualStudio.Projects.VisualStudio2015Solution#e9eeddd3-056c-4bec-8c0b-d73970f9e505</CorrelationId>
      <OverwriteBehaviour>always</OverwriteBehaviour>
      <ApplicationRelativeFilePath>../../SSIDeliverIntegrationService/SSIDeliverIntegrationService.sln</ApplicationRelativeFilePath>
      <IsIgnored>false</IsIgnored>
    </FileLog>
  </FileLogs>
</outputLog>