<?xml version="1.0" encoding="utf-8"?>
<outputLog>
  <ApplicationId>92b8e1a6-8f0e-480c-80fa-cbda7a79c90c</ApplicationId>
  <FileLogs>
    <FileLog>
      <ProjectId>2ccf7b80-a9da-404d-9871-5c98d87ebf94</ProjectId>
      <CorrelationId>Intent.Modules.Dapr.AspNetCore.Templates.StaticContentTemplateRegistrations.DaprComponentFilesStaticContentTemplateRegistration#../dapr/components/pubsub.yaml</CorrelationId>
      <OverwriteBehaviour>once-off</OverwriteBehaviour>
      <ApplicationRelativeFilePath>../../../dapr/components/pubsub.yaml</ApplicationRelativeFilePath>
      <ProjectRelativeFilePath>../dapr/components/pubsub.yaml</ProjectRelativeFilePath>
      <IsIgnored>false</IsIgnored>
    </FileLog>
    <FileLog>
      <ProjectId>2ccf7b80-a9da-404d-9871-5c98d87ebf94</ProjectId>
      <CorrelationId>Intent.Modules.Dapr.AspNetCore.Templates.StaticContentTemplateRegistrations.DaprComponentFilesStaticContentTemplateRegistration#../dapr/components/statestore.yaml</CorrelationId>
      <OverwriteBehaviour>once-off</OverwriteBehaviour>
      <ApplicationRelativeFilePath>../../../dapr/components/statestore.yaml</ApplicationRelativeFilePath>
      <ProjectRelativeFilePath>../dapr/components/statestore.yaml</ProjectRelativeFilePath>
      <IsIgnored>false</IsIgnored>
    </FileLog>
    <FileLog>
      <ProjectId>89cb3181-5be3-411e-8456-e885f102a659</ProjectId>
      <CorrelationId>Intent.Modules.Dapr.AspNetCore.Templates.StaticContentTemplateRegistrations.DaprFilesStaticContentTemplateRegistration#../dapr/config.yaml</CorrelationId>
      <OverwriteBehaviour>once-off</OverwriteBehaviour>
      <ApplicationRelativeFilePath>../../../dapr/config.yaml</ApplicationRelativeFilePath>
      <ProjectRelativeFilePath>../dapr/config.yaml</ProjectRelativeFilePath>
      <IsIgnored>false</IsIgnored>
    </FileLog>
    <FileLog>
      <CorrelationId>Intent.VisualStudio.Projects.VisualStudio2015Solution#7e8d8b3d-d8b0-4989-b88e-cf02e0d92673</CorrelationId>
      <OverwriteBehaviour>always</OverwriteBehaviour>
      <ApplicationRelativeFilePath>../../MicroserviceSolution.sln</ApplicationRelativeFilePath>
      <IsIgnored>false</IsIgnored>
    </FileLog>
    <FileLog>
      <ProjectId>16aeacfa-8542-42c2-bbf6-a27f666f5885</ProjectId>
      <CorrelationId>Intent.AspNetCore.DockerIgnore</CorrelationId>
      <OverwriteBehaviour>once-off</OverwriteBehaviour>
      <ApplicationRelativeFilePath>../../WebhookService.Api/.dockerignore</ApplicationRelativeFilePath>
      <ProjectRelativeFilePath>.dockerignore</ProjectRelativeFilePath>
      <IsIgnored>false</IsIgnored>
    </FileLog>
    <FileLog>
      <ProjectId>16aeacfa-8542-42c2-bbf6-a27f666f5885</ProjectId>
      <CorrelationId>Intent.VisualStudio.Projects.CoreWeb.AppSettings-Default#16aeacfa-8542-42c2-bbf6-a27f666f5885</CorrelationId>
      <OverwriteBehaviour>always</OverwriteBehaviour>
      <ApplicationRelativeFilePath>../../WebhookService.Api/appsettings.json</ApplicationRelativeFilePath>
      <ProjectRelativeFilePath>appsettings.json</ProjectRelativeFilePath>
      <IsIgnored>false</IsIgnored>
    </FileLog>
    <FileLog>
      <ProjectId>dc207d80-c315-4979-9fa4-c14237bfbc99</ProjectId>
      <CorrelationId>Intent.Security.JWT.ConfigurationJWTAuthentication</CorrelationId>
      <OverwriteBehaviour>always</OverwriteBehaviour>
      <ApplicationRelativeFilePath>../../WebhookService.Api/Configuration/JWTAuthenticationConfiguration.cs</ApplicationRelativeFilePath>
      <ProjectRelativeFilePath>JWTAuthenticationConfiguration.cs</ProjectRelativeFilePath>
      <IsIgnored>false</IsIgnored>
    </FileLog>
    <FileLog>
      <ProjectId>dc207d80-c315-4979-9fa4-c14237bfbc99</ProjectId>
      <CorrelationId>Intent.AspNetCore.Swashbuckle.SwashbuckleConfiguration</CorrelationId>
      <OverwriteBehaviour>always</OverwriteBehaviour>
      <ApplicationRelativeFilePath>../../WebhookService.Api/Configuration/SwashbuckleConfiguration.cs</ApplicationRelativeFilePath>
      <ProjectRelativeFilePath>SwashbuckleConfiguration.cs</ProjectRelativeFilePath>
      <IsIgnored>false</IsIgnored>
    </FileLog>
    <FileLog>
      <ProjectId>9e0e0a4d-26fd-4e7e-8781-e0162079455f</ProjectId>
      <CorrelationId>Intent.AspNetCore.Controllers.Controller#a4cfda9b-6445-45f4-9642-88e0693921ab</CorrelationId>
      <OverwriteBehaviour>always</OverwriteBehaviour>
      <ApplicationRelativeFilePath>../../WebhookService.Api/Controllers/WebHooksController.cs</ApplicationRelativeFilePath>
      <ProjectRelativeFilePath>WebHooksController.cs</ProjectRelativeFilePath>
      <IsIgnored>false</IsIgnored>
    </FileLog>
    <FileLog>
      <ProjectId>16aeacfa-8542-42c2-bbf6-a27f666f5885</ProjectId>
      <CorrelationId>Intent.AspNetCore.Dockerfile</CorrelationId>
      <OverwriteBehaviour>once-off</OverwriteBehaviour>
      <ApplicationRelativeFilePath>../../WebhookService.Api/Dockerfile</ApplicationRelativeFilePath>
      <ProjectRelativeFilePath>Dockerfile</ProjectRelativeFilePath>
      <IsIgnored>false</IsIgnored>
    </FileLog>
    <FileLog>
      <ProjectId>81717651-dea7-4925-a4cf-8b2c94d9b303</ProjectId>
      <CorrelationId>Intent.AspNetCore.Swashbuckle.AuthorizeCheckOperationFilter</CorrelationId>
      <OverwriteBehaviour>always</OverwriteBehaviour>
      <ApplicationRelativeFilePath>../../WebhookService.Api/Filters/AuthorizeCheckOperationFilter.cs</ApplicationRelativeFilePath>
      <ProjectRelativeFilePath>AuthorizeCheckOperationFilter.cs</ProjectRelativeFilePath>
      <IsIgnored>false</IsIgnored>
    </FileLog>
    <FileLog>
      <ProjectId>16aeacfa-8542-42c2-bbf6-a27f666f5885</ProjectId>
      <CorrelationId>Intent.AspNetCore.Program</CorrelationId>
      <OverwriteBehaviour>always</OverwriteBehaviour>
      <ApplicationRelativeFilePath>../../WebhookService.Api/Program.cs</ApplicationRelativeFilePath>
      <ProjectRelativeFilePath>Program.cs</ProjectRelativeFilePath>
      <IsIgnored>false</IsIgnored>
    </FileLog>
    <FileLog>
      <ProjectId>16aeacfa-8542-42c2-bbf6-a27f666f5885</ProjectId>
      <CorrelationId>Intent.VisualStudio.Projects.CoreWeb.LaunchSettings#16aeacfa-8542-42c2-bbf6-a27f666f5885</CorrelationId>
      <OverwriteBehaviour>always</OverwriteBehaviour>
      <ApplicationRelativeFilePath>../../WebhookService.Api/Properties/launchsettings.json</ApplicationRelativeFilePath>
      <ProjectRelativeFilePath>Properties/launchsettings.json</ProjectRelativeFilePath>
      <IsIgnored>false</IsIgnored>
    </FileLog>
    <FileLog>
      <ProjectId>1d33710f-30a9-4bd7-9375-5b267e7b08cb</ProjectId>
      <CorrelationId>Intent.Security.JWT.CurrentUserService</CorrelationId>
      <OverwriteBehaviour>always</OverwriteBehaviour>
      <ApplicationRelativeFilePath>../../WebhookService.Api/Services/CurrentUserService.cs</ApplicationRelativeFilePath>
      <ProjectRelativeFilePath>CurrentUserService.cs</ProjectRelativeFilePath>
      <IsIgnored>false</IsIgnored>
    </FileLog>
    <FileLog>
      <ProjectId>16aeacfa-8542-42c2-bbf6-a27f666f5885</ProjectId>
      <CorrelationId>Intent.AspNetCore.Startup</CorrelationId>
      <OverwriteBehaviour>always</OverwriteBehaviour>
      <ApplicationRelativeFilePath>../../WebhookService.Api/Startup.cs</ApplicationRelativeFilePath>
      <ProjectRelativeFilePath>Startup.cs</ProjectRelativeFilePath>
      <IsIgnored>false</IsIgnored>
    </FileLog>
    <FileLog>
      <ProjectId>16aeacfa-8542-42c2-bbf6-a27f666f5885</ProjectId>
      <CorrelationId>Intent.VisualStudio.Projects.CSharpProject#16aeacfa-8542-42c2-bbf6-a27f666f5885</CorrelationId>
      <OverwriteBehaviour>always</OverwriteBehaviour>
      <ApplicationRelativeFilePath>../../WebhookService.Api/WebhookService.Api.csproj</ApplicationRelativeFilePath>
      <ProjectRelativeFilePath>WebhookService.Api.csproj</ProjectRelativeFilePath>
      <IsIgnored>false</IsIgnored>
    </FileLog>
    <FileLog>
      <ProjectId>35797146-8aec-4ee5-b8ed-eac009a1ac51</ProjectId>
      <CorrelationId>Intent.Application.MediatR.Behaviours.AuthorizationBehaviour</CorrelationId>
      <OverwriteBehaviour>always</OverwriteBehaviour>
      <ApplicationRelativeFilePath>../../WebhookService.Application/Common/Behaviours/AuthorizationBehaviour.cs</ApplicationRelativeFilePath>
      <ProjectRelativeFilePath>AuthorizationBehaviour.cs</ProjectRelativeFilePath>
      <IsIgnored>false</IsIgnored>
    </FileLog>
    <FileLog>
      <ProjectId>35797146-8aec-4ee5-b8ed-eac009a1ac51</ProjectId>
      <CorrelationId>Intent.Application.MediatR.Behaviours.EventBusPublishBehaviour</CorrelationId>
      <OverwriteBehaviour>always</OverwriteBehaviour>
      <ApplicationRelativeFilePath>../../WebhookService.Application/Common/Behaviours/EventBusPublishBehaviour.cs</ApplicationRelativeFilePath>
      <ProjectRelativeFilePath>EventBusPublishBehaviour.cs</ProjectRelativeFilePath>
      <IsIgnored>false</IsIgnored>
    </FileLog>
    <FileLog>
      <ProjectId>35797146-8aec-4ee5-b8ed-eac009a1ac51</ProjectId>
      <CorrelationId>Intent.Application.MediatR.Behaviours.LoggingBehaviour</CorrelationId>
      <OverwriteBehaviour>always</OverwriteBehaviour>
      <ApplicationRelativeFilePath>../../WebhookService.Application/Common/Behaviours/LoggingBehaviour.cs</ApplicationRelativeFilePath>
      <ProjectRelativeFilePath>LoggingBehaviour.cs</ProjectRelativeFilePath>
      <IsIgnored>false</IsIgnored>
    </FileLog>
    <FileLog>
      <ProjectId>35797146-8aec-4ee5-b8ed-eac009a1ac51</ProjectId>
      <CorrelationId>Intent.Application.MediatR.Behaviours.PerformanceBehaviour</CorrelationId>
      <OverwriteBehaviour>always</OverwriteBehaviour>
      <ApplicationRelativeFilePath>../../WebhookService.Application/Common/Behaviours/PerformanceBehaviour.cs</ApplicationRelativeFilePath>
      <ProjectRelativeFilePath>PerformanceBehaviour.cs</ProjectRelativeFilePath>
      <IsIgnored>false</IsIgnored>
    </FileLog>
    <FileLog>
      <ProjectId>35797146-8aec-4ee5-b8ed-eac009a1ac51</ProjectId>
      <CorrelationId>Intent.Dapr.AspNetCore.StateManagement.StateRepositoryUnitOfWorkBehaviour</CorrelationId>
      <OverwriteBehaviour>always</OverwriteBehaviour>
      <ApplicationRelativeFilePath>../../WebhookService.Application/Common/Behaviours/StateRepositoryUnitOfWorkBehaviour.cs</ApplicationRelativeFilePath>
      <ProjectRelativeFilePath>StateRepositoryUnitOfWorkBehaviour.cs</ProjectRelativeFilePath>
      <IsIgnored>false</IsIgnored>
    </FileLog>
    <FileLog>
      <ProjectId>35797146-8aec-4ee5-b8ed-eac009a1ac51</ProjectId>
      <CorrelationId>Intent.Application.MediatR.Behaviours.UnhandledExceptionBehaviour</CorrelationId>
      <OverwriteBehaviour>always</OverwriteBehaviour>
      <ApplicationRelativeFilePath>../../WebhookService.Application/Common/Behaviours/UnhandledExceptionBehaviour.cs</ApplicationRelativeFilePath>
      <ProjectRelativeFilePath>UnhandledExceptionBehaviour.cs</ProjectRelativeFilePath>
      <IsIgnored>false</IsIgnored>
    </FileLog>
    <FileLog>
      <ProjectId>35797146-8aec-4ee5-b8ed-eac009a1ac51</ProjectId>
      <CorrelationId>Intent.Application.MediatR.FluentValidation.ValidationBehaviour</CorrelationId>
      <OverwriteBehaviour>always</OverwriteBehaviour>
      <ApplicationRelativeFilePath>../../WebhookService.Application/Common/Behaviours/ValidationBehaviour.cs</ApplicationRelativeFilePath>
      <ProjectRelativeFilePath>ValidationBehaviour.cs</ProjectRelativeFilePath>
      <IsIgnored>false</IsIgnored>
    </FileLog>
    <FileLog>
      <ProjectId>b3f15ef2-4214-4ec2-ad21-48fa80f206ae</ProjectId>
      <CorrelationId>Intent.Dapr.AspNetCore.Pubsub.EventBusImplementation</CorrelationId>
      <OverwriteBehaviour>always</OverwriteBehaviour>
      <ApplicationRelativeFilePath>../../WebhookService.Application/Common/Eventing/EventBusImplementation.cs</ApplicationRelativeFilePath>
      <ProjectRelativeFilePath>EventBusImplementation.cs</ProjectRelativeFilePath>
      <IsIgnored>false</IsIgnored>
    </FileLog>
    <FileLog>
      <ProjectId>b3f15ef2-4214-4ec2-ad21-48fa80f206ae</ProjectId>
      <CorrelationId>Intent.Dapr.AspNetCore.Pubsub.EventInterface</CorrelationId>
      <OverwriteBehaviour>always</OverwriteBehaviour>
      <ApplicationRelativeFilePath>../../WebhookService.Application/Common/Eventing/IEvent.cs</ApplicationRelativeFilePath>
      <ProjectRelativeFilePath>IEvent.cs</ProjectRelativeFilePath>
      <IsIgnored>false</IsIgnored>
    </FileLog>
    <FileLog>
      <ProjectId>b3f15ef2-4214-4ec2-ad21-48fa80f206ae</ProjectId>
      <CorrelationId>Intent.Eventing.Contracts.EventBusInterface</CorrelationId>
      <OverwriteBehaviour>always</OverwriteBehaviour>
      <ApplicationRelativeFilePath>../../WebhookService.Application/Common/Eventing/IEventBus.cs</ApplicationRelativeFilePath>
      <ProjectRelativeFilePath>IEventBus.cs</ProjectRelativeFilePath>
      <IsIgnored>false</IsIgnored>
    </FileLog>
    <FileLog>
      <ProjectId>b3f15ef2-4214-4ec2-ad21-48fa80f206ae</ProjectId>
      <CorrelationId>Intent.Eventing.Contracts.IntegrationEventHandlerInterface</CorrelationId>
      <OverwriteBehaviour>always</OverwriteBehaviour>
      <ApplicationRelativeFilePath>../../WebhookService.Application/Common/Eventing/IIntegrationEventHandler.cs</ApplicationRelativeFilePath>
      <ProjectRelativeFilePath>IIntegrationEventHandler.cs</ProjectRelativeFilePath>
      <IsIgnored>false</IsIgnored>
    </FileLog>
    <FileLog>
      <ProjectId>da0f1ac5-fb30-4745-93da-e5c475b134b1</ProjectId>
      <CorrelationId>Intent.Application.Identity.ForbiddenAccessException</CorrelationId>
      <OverwriteBehaviour>always</OverwriteBehaviour>
      <ApplicationRelativeFilePath>../../WebhookService.Application/Common/Exceptions/ForbiddenAccessException.cs</ApplicationRelativeFilePath>
      <ProjectRelativeFilePath>ForbiddenAccessException.cs</ProjectRelativeFilePath>
      <IsIgnored>false</IsIgnored>
    </FileLog>
    <FileLog>
      <ProjectId>da0f1ac5-fb30-4745-93da-e5c475b134b1</ProjectId>
      <CorrelationId>Intent.Dapr.AspNetCore.ServiceInvocation.HttpClientRequestException</CorrelationId>
      <OverwriteBehaviour>always</OverwriteBehaviour>
      <ApplicationRelativeFilePath>../../WebhookService.Application/Common/Exceptions/HttpClientRequestException.cs</ApplicationRelativeFilePath>
      <ProjectRelativeFilePath>HttpClientRequestException.cs</ProjectRelativeFilePath>
      <IsIgnored>false</IsIgnored>
    </FileLog>
    <FileLog>
      <ProjectId>a84fe156-7bb8-4ae0-8a90-0f0cccea126d</ProjectId>
      <CorrelationId>Intent.Application.MediatR.CommandInterface</CorrelationId>
      <OverwriteBehaviour>always</OverwriteBehaviour>
      <ApplicationRelativeFilePath>../../WebhookService.Application/Common/Interfaces/ICommand.cs</ApplicationRelativeFilePath>
      <ProjectRelativeFilePath>ICommand.cs</ProjectRelativeFilePath>
      <IsIgnored>false</IsIgnored>
    </FileLog>
    <FileLog>
      <ProjectId>a84fe156-7bb8-4ae0-8a90-0f0cccea126d</ProjectId>
      <CorrelationId>Intent.Application.Identity.CurrentUserServiceInterface</CorrelationId>
      <OverwriteBehaviour>always</OverwriteBehaviour>
      <ApplicationRelativeFilePath>../../WebhookService.Application/Common/Interfaces/ICurrentUserService.cs</ApplicationRelativeFilePath>
      <ProjectRelativeFilePath>ICurrentUserService.cs</ProjectRelativeFilePath>
      <IsIgnored>false</IsIgnored>
    </FileLog>
    <FileLog>
      <ProjectId>a84fe156-7bb8-4ae0-8a90-0f0cccea126d</ProjectId>
      <CorrelationId>Intent.DomainEvents.DomainEventServiceInterface</CorrelationId>
      <OverwriteBehaviour>always</OverwriteBehaviour>
      <ApplicationRelativeFilePath>../../WebhookService.Application/Common/Interfaces/IDomainEventService.cs</ApplicationRelativeFilePath>
      <ProjectRelativeFilePath>IDomainEventService.cs</ProjectRelativeFilePath>
      <IsIgnored>false</IsIgnored>
    </FileLog>
    <FileLog>
      <ProjectId>a84fe156-7bb8-4ae0-8a90-0f0cccea126d</ProjectId>
      <CorrelationId>Intent.Application.MediatR.QueryInterface</CorrelationId>
      <OverwriteBehaviour>always</OverwriteBehaviour>
      <ApplicationRelativeFilePath>../../WebhookService.Application/Common/Interfaces/IQuery.cs</ApplicationRelativeFilePath>
      <ProjectRelativeFilePath>IQuery.cs</ProjectRelativeFilePath>
      <IsIgnored>false</IsIgnored>
    </FileLog>
    <FileLog>
      <ProjectId>bbd2a290-adc1-4dcb-bfb8-dba915e7c55d</ProjectId>
      <CorrelationId>Intent.Application.AutoMapper.MapFromInterface</CorrelationId>
      <OverwriteBehaviour>always</OverwriteBehaviour>
      <ApplicationRelativeFilePath>../../WebhookService.Application/Common/Mappings/IMapFrom.cs</ApplicationRelativeFilePath>
      <ProjectRelativeFilePath>IMapFrom.cs</ProjectRelativeFilePath>
      <IsIgnored>false</IsIgnored>
    </FileLog>
    <FileLog>
      <ProjectId>bbd2a290-adc1-4dcb-bfb8-dba915e7c55d</ProjectId>
      <CorrelationId>Intent.Application.AutoMapper.MappingProfile</CorrelationId>
      <OverwriteBehaviour>always</OverwriteBehaviour>
      <ApplicationRelativeFilePath>../../WebhookService.Application/Common/Mappings/MappingProfile.cs</ApplicationRelativeFilePath>
      <ProjectRelativeFilePath>MappingProfile.cs</ProjectRelativeFilePath>
      <IsIgnored>false</IsIgnored>
    </FileLog>
    <FileLog>
      <ProjectId>2de4efca-4f6e-45ad-a981-c874f921e58f</ProjectId>
      <CorrelationId>Intent.MediatR.DomainEvents.DomainEventNotification</CorrelationId>
      <OverwriteBehaviour>always</OverwriteBehaviour>
      <ApplicationRelativeFilePath>../../WebhookService.Application/Common/Models/DomainEventNotification.cs</ApplicationRelativeFilePath>
      <ProjectRelativeFilePath>DomainEventNotification.cs</ProjectRelativeFilePath>
      <IsIgnored>false</IsIgnored>
    </FileLog>
    <FileLog>
      <ProjectId>2de4efca-4f6e-45ad-a981-c874f921e58f</ProjectId>
      <CorrelationId>Intent.Application.Identity.ResultModel</CorrelationId>
      <OverwriteBehaviour>always</OverwriteBehaviour>
      <ApplicationRelativeFilePath>../../WebhookService.Application/Common/Models/Result.cs</ApplicationRelativeFilePath>
      <ProjectRelativeFilePath>Result.cs</ProjectRelativeFilePath>
      <IsIgnored>false</IsIgnored>
    </FileLog>
    <FileLog>
      <ProjectId>b7cf8a63-fea5-47c4-b8f1-0530c88ffc7f</ProjectId>
      <CorrelationId>Intent.Application.Dtos.Pagination.PagedResult</CorrelationId>
      <OverwriteBehaviour>always</OverwriteBehaviour>
      <ApplicationRelativeFilePath>../../WebhookService.Application/Common/Pagination/PagedResult.cs</ApplicationRelativeFilePath>
      <ProjectRelativeFilePath>PagedResult.cs</ProjectRelativeFilePath>
      <IsIgnored>false</IsIgnored>
    </FileLog>
    <FileLog>
      <ProjectId>b7cf8a63-fea5-47c4-b8f1-0530c88ffc7f</ProjectId>
      <CorrelationId>Intent.Application.Dtos.Pagination.PagedResultMappingExtensions</CorrelationId>
      <OverwriteBehaviour>always</OverwriteBehaviour>
      <ApplicationRelativeFilePath>../../WebhookService.Application/Common/Pagination/PagedResultMappingExtensions.cs</ApplicationRelativeFilePath>
      <ProjectRelativeFilePath>PagedResultMappingExtensions.cs</ProjectRelativeFilePath>
      <IsIgnored>false</IsIgnored>
    </FileLog>
    <FileLog>
      <ProjectId>a17d6504-cc74-45d9-b921-e42eb443fe74</ProjectId>
      <CorrelationId>Intent.Application.Identity.AuthorizeAttribute</CorrelationId>
      <OverwriteBehaviour>always</OverwriteBehaviour>
      <ApplicationRelativeFilePath>../../WebhookService.Application/Common/Security/AuthorizeAttribute.cs</ApplicationRelativeFilePath>
      <ProjectRelativeFilePath>AuthorizeAttribute.cs</ProjectRelativeFilePath>
      <IsIgnored>false</IsIgnored>
    </FileLog>
    <FileLog>
      <ProjectId>b1f4a17a-7e83-4adb-9b1e-3ddab252b494</ProjectId>
      <CorrelationId>Intent.Application.DependencyInjection.DependencyInjection</CorrelationId>
      <OverwriteBehaviour>always</OverwriteBehaviour>
      <ApplicationRelativeFilePath>../../WebhookService.Application/DependencyInjection.cs</ApplicationRelativeFilePath>
      <ProjectRelativeFilePath>DependencyInjection.cs</ProjectRelativeFilePath>
      <IsIgnored>false</IsIgnored>
    </FileLog>
    <FileLog>
      <ProjectId>b1f4a17a-7e83-4adb-9b1e-3ddab252b494</ProjectId>
      <CorrelationId>Intent.Application.Dtos.DtoModel#8d5da4f0-ab2d-404c-bd3b-a558e0d3b2c1</CorrelationId>
      <OverwriteBehaviour>always</OverwriteBehaviour>
      <ApplicationRelativeFilePath>../../WebhookService.Application/IDeliverOrderCallBackAPIRequest.cs</ApplicationRelativeFilePath>
      <ProjectRelativeFilePath>IDeliverOrderCallBackAPIRequest.cs</ProjectRelativeFilePath>
      <IsIgnored>false</IsIgnored>
    </FileLog>
    <FileLog>
      <ProjectId>3aade12c-b3e1-4669-b7af-27a09d3f6c0c</ProjectId>
      <CorrelationId>Intent.Eventing.Contracts.IntegrationEventMessage#e3e714a3-eda7-43cc-967f-8573774d031f</CorrelationId>
      <OverwriteBehaviour>always</OverwriteBehaviour>
      <ApplicationRelativeFilePath>../../WebhookService.Application/IntegrationEvents/IDeliverCallBackEvent.cs</ApplicationRelativeFilePath>
      <ProjectRelativeFilePath>IDeliverCallBackEvent.cs</ProjectRelativeFilePath>
      <IsIgnored>false</IsIgnored>
    </FileLog>
    <FileLog>
      <ProjectId>b1f4a17a-7e83-4adb-9b1e-3ddab252b494</ProjectId>
      <CorrelationId>Intent.Application.Dtos.DtoModel#85073a2a-bad7-407d-b72f-e1b0673b090c</CorrelationId>
      <OverwriteBehaviour>always</OverwriteBehaviour>
      <ApplicationRelativeFilePath>../../WebhookService.Application/OrderDetail.cs</ApplicationRelativeFilePath>
      <ProjectRelativeFilePath>OrderDetail.cs</ProjectRelativeFilePath>
      <IsIgnored>false</IsIgnored>
    </FileLog>
    <FileLog>
      <ProjectId>b1f4a17a-7e83-4adb-9b1e-3ddab252b494</ProjectId>
      <CorrelationId>Intent.Application.MediatR.CommandModels#5d5ea639-6e1a-4a2d-934b-f28022c99e9f</CorrelationId>
      <OverwriteBehaviour>always</OverwriteBehaviour>
      <ApplicationRelativeFilePath>../../WebhookService.Application/WebHookCallBack/WebHookCallBack.cs</ApplicationRelativeFilePath>
      <ProjectRelativeFilePath>WebHookCallBack/WebHookCallBack.cs</ProjectRelativeFilePath>
      <IsIgnored>false</IsIgnored>
    </FileLog>
    <FileLog>
      <ProjectId>b1f4a17a-7e83-4adb-9b1e-3ddab252b494</ProjectId>
      <CorrelationId>Intent.Application.MediatR.CommandHandler#5d5ea639-6e1a-4a2d-934b-f28022c99e9f</CorrelationId>
      <OverwriteBehaviour>always</OverwriteBehaviour>
      <ApplicationRelativeFilePath>../../WebhookService.Application/WebHookCallBack/WebHookCallBackHandler.cs</ApplicationRelativeFilePath>
      <ProjectRelativeFilePath>WebHookCallBack/WebHookCallBackHandler.cs</ProjectRelativeFilePath>
      <IsIgnored>false</IsIgnored>
    </FileLog>
    <FileLog>
      <ProjectId>b1f4a17a-7e83-4adb-9b1e-3ddab252b494</ProjectId>
      <CorrelationId>Intent.Application.MediatR.FluentValidation.CommandValidator#5d5ea639-6e1a-4a2d-934b-f28022c99e9f</CorrelationId>
      <OverwriteBehaviour>always</OverwriteBehaviour>
      <ApplicationRelativeFilePath>../../WebhookService.Application/WebHookCallBack/WebHookCallBackValidator.cs</ApplicationRelativeFilePath>
      <ProjectRelativeFilePath>WebHookCallBack/WebHookCallBackValidator.cs</ProjectRelativeFilePath>
      <IsIgnored>false</IsIgnored>
    </FileLog>
    <FileLog>
      <ProjectId>b1f4a17a-7e83-4adb-9b1e-3ddab252b494</ProjectId>
      <CorrelationId>Intent.VisualStudio.Projects.CSharpProject#b1f4a17a-7e83-4adb-9b1e-3ddab252b494</CorrelationId>
      <OverwriteBehaviour>always</OverwriteBehaviour>
      <ApplicationRelativeFilePath>../../WebhookService.Application/WebhookService.Application.csproj</ApplicationRelativeFilePath>
      <ProjectRelativeFilePath>WebhookService.Application.csproj</ProjectRelativeFilePath>
      <IsIgnored>false</IsIgnored>
    </FileLog>
    <FileLog>
      <ProjectId>95b1c3d6-e05e-4dd4-b163-557a5d45c5fd</ProjectId>
      <CorrelationId>Intent.Entities.CollectionExtensions</CorrelationId>
      <OverwriteBehaviour>always</OverwriteBehaviour>
      <ApplicationRelativeFilePath>../../WebhookService.Domain/Common/CollectionExtensions.cs</ApplicationRelativeFilePath>
      <ProjectRelativeFilePath>CollectionExtensions.cs</ProjectRelativeFilePath>
      <IsIgnored>false</IsIgnored>
    </FileLog>
    <FileLog>
      <ProjectId>95b1c3d6-e05e-4dd4-b163-557a5d45c5fd</ProjectId>
      <CorrelationId>Intent.DomainEvents.DomainEventBase</CorrelationId>
      <OverwriteBehaviour>always</OverwriteBehaviour>
      <ApplicationRelativeFilePath>../../WebhookService.Domain/Common/DomainEvent.cs</ApplicationRelativeFilePath>
      <ProjectRelativeFilePath>DomainEvent.cs</ProjectRelativeFilePath>
      <IsIgnored>false</IsIgnored>
    </FileLog>
    <FileLog>
      <ProjectId>95b1c3d6-e05e-4dd4-b163-557a5d45c5fd</ProjectId>
      <CorrelationId>Intent.DomainEvents.HasDomainEventInterface</CorrelationId>
      <OverwriteBehaviour>always</OverwriteBehaviour>
      <ApplicationRelativeFilePath>../../WebhookService.Domain/Common/IHasDomainEvent.cs</ApplicationRelativeFilePath>
      <ProjectRelativeFilePath>IHasDomainEvent.cs</ProjectRelativeFilePath>
      <IsIgnored>false</IsIgnored>
    </FileLog>
    <FileLog>
      <ProjectId>1d8b6a9f-8823-4201-aebb-b1ebf7f53424</ProjectId>
      <CorrelationId>Intent.Entities.Repositories.Api.UnitOfWorkInterface</CorrelationId>
      <OverwriteBehaviour>always</OverwriteBehaviour>
      <ApplicationRelativeFilePath>../../WebhookService.Domain/Common/Interfaces/IUnitOfWork.cs</ApplicationRelativeFilePath>
      <ProjectRelativeFilePath>IUnitOfWork.cs</ProjectRelativeFilePath>
      <IsIgnored>false</IsIgnored>
    </FileLog>
    <FileLog>
      <ProjectId>95b1c3d6-e05e-4dd4-b163-557a5d45c5fd</ProjectId>
      <CorrelationId>Intent.Entities.UpdateHelper</CorrelationId>
      <OverwriteBehaviour>always</OverwriteBehaviour>
      <ApplicationRelativeFilePath>../../WebhookService.Domain/Common/UpdateHelper.cs</ApplicationRelativeFilePath>
      <ProjectRelativeFilePath>UpdateHelper.cs</ProjectRelativeFilePath>
      <IsIgnored>false</IsIgnored>
    </FileLog>
    <FileLog>
      <ProjectId>cf2ae6e7-1c2e-4667-883e-899691b9aeef</ProjectId>
      <CorrelationId>Intent.Entities.Repositories.Api.PagedResultInterface</CorrelationId>
      <OverwriteBehaviour>always</OverwriteBehaviour>
      <ApplicationRelativeFilePath>../../WebhookService.Domain/Repositories/IPagedResult.cs</ApplicationRelativeFilePath>
      <ProjectRelativeFilePath>IPagedResult.cs</ProjectRelativeFilePath>
      <IsIgnored>false</IsIgnored>
    </FileLog>
    <FileLog>
      <ProjectId>cf2ae6e7-1c2e-4667-883e-899691b9aeef</ProjectId>
      <CorrelationId>Intent.Entities.Repositories.Api.RepositoryInterface</CorrelationId>
      <OverwriteBehaviour>always</OverwriteBehaviour>
      <ApplicationRelativeFilePath>../../WebhookService.Domain/Repositories/IRepository.cs</ApplicationRelativeFilePath>
      <ProjectRelativeFilePath>IRepository.cs</ProjectRelativeFilePath>
      <IsIgnored>false</IsIgnored>
    </FileLog>
    <FileLog>
      <ProjectId>cf2ae6e7-1c2e-4667-883e-899691b9aeef</ProjectId>
      <CorrelationId>Intent.Dapr.AspNetCore.StateManagement.StateRepositoryInterface</CorrelationId>
      <OverwriteBehaviour>always</OverwriteBehaviour>
      <ApplicationRelativeFilePath>../../WebhookService.Domain/Repositories/IStateRepository.cs</ApplicationRelativeFilePath>
      <ProjectRelativeFilePath>IStateRepository.cs</ProjectRelativeFilePath>
      <IsIgnored>false</IsIgnored>
    </FileLog>
    <FileLog>
      <ProjectId>4a86ee80-025a-464d-8e30-7b786b7d40e9</ProjectId>
      <CorrelationId>Intent.VisualStudio.Projects.CSharpProject#4a86ee80-025a-464d-8e30-7b786b7d40e9</CorrelationId>
      <OverwriteBehaviour>always</OverwriteBehaviour>
      <ApplicationRelativeFilePath>../../WebhookService.Domain/WebhookService.Domain.csproj</ApplicationRelativeFilePath>
      <ProjectRelativeFilePath>WebhookService.Domain.csproj</ProjectRelativeFilePath>
      <IsIgnored>false</IsIgnored>
    </FileLog>
    <FileLog>
      <ProjectId>ec7d6bb1-6649-4b92-8196-93d26e33b0b2</ProjectId>
      <CorrelationId>Intent.Infrastructure.DependencyInjection.DependencyInjection</CorrelationId>
      <OverwriteBehaviour>always</OverwriteBehaviour>
      <ApplicationRelativeFilePath>../../WebhookService.Infrastructure/DependencyInjection.cs</ApplicationRelativeFilePath>
      <ProjectRelativeFilePath>DependencyInjection.cs</ProjectRelativeFilePath>
      <IsIgnored>false</IsIgnored>
    </FileLog>
    <FileLog>
      <ProjectId>b4392b48-423e-4a37-9d97-8284bb64ab25</ProjectId>
      <CorrelationId>Intent.Dapr.AspNetCore.StateManagement.StateRepository</CorrelationId>
      <OverwriteBehaviour>always</OverwriteBehaviour>
      <ApplicationRelativeFilePath>../../WebhookService.Infrastructure/Repositories/StateRepository.cs</ApplicationRelativeFilePath>
      <ProjectRelativeFilePath>StateRepository.cs</ProjectRelativeFilePath>
      <IsIgnored>false</IsIgnored>
    </FileLog>
    <FileLog>
      <ProjectId>630cb193-5a82-41bf-b023-5c66411ed7ed</ProjectId>
      <CorrelationId>Intent.MediatR.DomainEvents.DomainEventService</CorrelationId>
      <OverwriteBehaviour>always</OverwriteBehaviour>
      <ApplicationRelativeFilePath>../../WebhookService.Infrastructure/Services/DomainEventService.cs</ApplicationRelativeFilePath>
      <ProjectRelativeFilePath>DomainEventService.cs</ProjectRelativeFilePath>
      <IsIgnored>false</IsIgnored>
    </FileLog>
    <FileLog>
      <ProjectId>ec7d6bb1-6649-4b92-8196-93d26e33b0b2</ProjectId>
      <CorrelationId>Intent.VisualStudio.Projects.CSharpProject#ec7d6bb1-6649-4b92-8196-93d26e33b0b2</CorrelationId>
      <OverwriteBehaviour>always</OverwriteBehaviour>
      <ApplicationRelativeFilePath>../../WebhookService.Infrastructure/WebhookService.Infrastructure.csproj</ApplicationRelativeFilePath>
      <ProjectRelativeFilePath>WebhookService.Infrastructure.csproj</ProjectRelativeFilePath>
      <IsIgnored>false</IsIgnored>
    </FileLog>
  </FileLogs>
</outputLog>