<?xml version="1.0" encoding="utf-8"?>
<outputLog>
  <ApplicationId>2b7c9322-1028-4822-b3ef-dfc3a163c4b1</ApplicationId>
  <FileLogs>
    <FileLog>
      <ProjectId>12d8a962-ae4c-48f4-87aa-ab7b00b4f9f3</ProjectId>
      <CorrelationId>Intent.Modules.Dapr.AspNetCore.Templates.StaticContentTemplateRegistrations.DaprComponentFilesStaticContentTemplateRegistration#dapr/components/pubsub.yaml</CorrelationId>
      <OverwriteBehaviour>once-off</OverwriteBehaviour>
      <ApplicationRelativeFilePath>../../dapr/components/pubsub.yaml</ApplicationRelativeFilePath>
      <ProjectRelativeFilePath>dapr/components/pubsub.yaml</ProjectRelativeFilePath>
      <IsIgnored>false</IsIgnored>
    </FileLog>
    <FileLog>
      <ProjectId>12d8a962-ae4c-48f4-87aa-ab7b00b4f9f3</ProjectId>
      <CorrelationId>Intent.Modules.Dapr.AspNetCore.Templates.StaticContentTemplateRegistrations.DaprComponentFilesStaticContentTemplateRegistration#dapr/components/statestore.yaml</CorrelationId>
      <OverwriteBehaviour>once-off</OverwriteBehaviour>
      <ApplicationRelativeFilePath>../../dapr/components/statestore.yaml</ApplicationRelativeFilePath>
      <ProjectRelativeFilePath>dapr/components/statestore.yaml</ProjectRelativeFilePath>
      <IsIgnored>false</IsIgnored>
    </FileLog>
    <FileLog>
      <ProjectId>7bf0fd84-4e8c-4045-9226-b281ba200f7b</ProjectId>
      <CorrelationId>Intent.Modules.Dapr.AspNetCore.Templates.StaticContentTemplateRegistrations.DaprFilesStaticContentTemplateRegistration#dapr/config.yaml</CorrelationId>
      <OverwriteBehaviour>once-off</OverwriteBehaviour>
      <ApplicationRelativeFilePath>../../dapr/config.yaml</ApplicationRelativeFilePath>
      <ProjectRelativeFilePath>dapr/config.yaml</ProjectRelativeFilePath>
      <IsIgnored>false</IsIgnored>
    </FileLog>
    <FileLog>
      <CorrelationId>Intent.VisualStudio.Projects.VisualStudio2015Solution#43dfe13d-114a-40d4-bd02-e16ab0335ea1</CorrelationId>
      <OverwriteBehaviour>always</OverwriteBehaviour>
      <ApplicationRelativeFilePath>../../MicroserviceSolution.sln</ApplicationRelativeFilePath>
      <IsIgnored>false</IsIgnored>
    </FileLog>
    <FileLog>
      <ProjectId>0b6996c2-f787-4cfd-b4bb-36a6e24fb6fd</ProjectId>
      <CorrelationId>Intent.VisualStudio.Projects.CoreWeb.AppSettings-Default#0b6996c2-f787-4cfd-b4bb-36a6e24fb6fd</CorrelationId>
      <OverwriteBehaviour>always</OverwriteBehaviour>
      <ApplicationRelativeFilePath>../../SSIDeliverIntgnService.Api/appsettings.json</ApplicationRelativeFilePath>
      <ProjectRelativeFilePath>appsettings.json</ProjectRelativeFilePath>
      <IsIgnored>false</IsIgnored>
    </FileLog>
    <FileLog>
      <ProjectId>7beb306e-ca6a-4aad-8200-ab3a0d05bc80</ProjectId>
      <CorrelationId>Intent.Security.JWT.ConfigurationJWTAuthentication</CorrelationId>
      <OverwriteBehaviour>always</OverwriteBehaviour>
      <ApplicationRelativeFilePath>../../SSIDeliverIntgnService.Api/Configuration/JWTAuthenticationConfiguration.cs</ApplicationRelativeFilePath>
      <ProjectRelativeFilePath>JWTAuthenticationConfiguration.cs</ProjectRelativeFilePath>
      <IsIgnored>false</IsIgnored>
    </FileLog>
    <FileLog>
      <ProjectId>7beb306e-ca6a-4aad-8200-ab3a0d05bc80</ProjectId>
      <CorrelationId>Intent.AspNetCore.Swashbuckle.SwashbuckleConfiguration</CorrelationId>
      <OverwriteBehaviour>always</OverwriteBehaviour>
      <ApplicationRelativeFilePath>../../SSIDeliverIntgnService.Api/Configuration/SwashbuckleConfiguration.cs</ApplicationRelativeFilePath>
      <ProjectRelativeFilePath>SwashbuckleConfiguration.cs</ProjectRelativeFilePath>
      <IsIgnored>false</IsIgnored>
    </FileLog>
    <FileLog>
      <ProjectId>8e490fa3-f461-477b-bcc7-4a5798759463</ProjectId>
      <CorrelationId>Intent.AspNetCore.Controllers.Controller#1bce647a-d524-40f3-90e7-68b8611aa123</CorrelationId>
      <OverwriteBehaviour>always</OverwriteBehaviour>
      <ApplicationRelativeFilePath>../../SSIDeliverIntgnService.Api/Controllers/OrdersController.cs</ApplicationRelativeFilePath>
      <ProjectRelativeFilePath>OrdersController.cs</ProjectRelativeFilePath>
      <IsIgnored>false</IsIgnored>
    </FileLog>
    <FileLog>
      <ProjectId>1d5ebf8e-eada-48c4-a761-05ca598af8e0</ProjectId>
      <CorrelationId>Intent.AspNetCore.Controllers.JsonResponse</CorrelationId>
      <OverwriteBehaviour>always</OverwriteBehaviour>
      <ApplicationRelativeFilePath>../../SSIDeliverIntgnService.Api/Controllers/ResponseTypes/JsonResponse.cs</ApplicationRelativeFilePath>
      <ProjectRelativeFilePath>JsonResponse.cs</ProjectRelativeFilePath>
      <IsIgnored>false</IsIgnored>
    </FileLog>
    <FileLog>
      <ProjectId>c4f343e6-44f4-46f7-aff2-b5643e78d215</ProjectId>
      <CorrelationId>Intent.AspNetCore.Swashbuckle.AuthorizeCheckOperationFilter</CorrelationId>
      <OverwriteBehaviour>always</OverwriteBehaviour>
      <ApplicationRelativeFilePath>../../SSIDeliverIntgnService.Api/Filters/AuthorizeCheckOperationFilter.cs</ApplicationRelativeFilePath>
      <ProjectRelativeFilePath>AuthorizeCheckOperationFilter.cs</ProjectRelativeFilePath>
      <IsIgnored>false</IsIgnored>
    </FileLog>
    <FileLog>
      <ProjectId>0b6996c2-f787-4cfd-b4bb-36a6e24fb6fd</ProjectId>
      <CorrelationId>Intent.AspNetCore.Program</CorrelationId>
      <OverwriteBehaviour>always</OverwriteBehaviour>
      <ApplicationRelativeFilePath>../../SSIDeliverIntgnService.Api/Program.cs</ApplicationRelativeFilePath>
      <ProjectRelativeFilePath>Program.cs</ProjectRelativeFilePath>
      <IsIgnored>false</IsIgnored>
    </FileLog>
    <FileLog>
      <ProjectId>0b6996c2-f787-4cfd-b4bb-36a6e24fb6fd</ProjectId>
      <CorrelationId>Intent.VisualStudio.Projects.CoreWeb.LaunchSettings#0b6996c2-f787-4cfd-b4bb-36a6e24fb6fd</CorrelationId>
      <OverwriteBehaviour>always</OverwriteBehaviour>
      <ApplicationRelativeFilePath>../../SSIDeliverIntgnService.Api/Properties/launchsettings.json</ApplicationRelativeFilePath>
      <ProjectRelativeFilePath>Properties/launchsettings.json</ProjectRelativeFilePath>
      <IsIgnored>false</IsIgnored>
    </FileLog>
    <FileLog>
      <ProjectId>19be16d5-2cf8-484e-b8bb-980281b4649b</ProjectId>
      <CorrelationId>Intent.Security.JWT.CurrentUserService</CorrelationId>
      <OverwriteBehaviour>always</OverwriteBehaviour>
      <ApplicationRelativeFilePath>../../SSIDeliverIntgnService.Api/Services/CurrentUserService.cs</ApplicationRelativeFilePath>
      <ProjectRelativeFilePath>CurrentUserService.cs</ProjectRelativeFilePath>
      <IsIgnored>false</IsIgnored>
    </FileLog>
    <FileLog>
      <ProjectId>0b6996c2-f787-4cfd-b4bb-36a6e24fb6fd</ProjectId>
      <CorrelationId>Intent.VisualStudio.Projects.CSharpProject#0b6996c2-f787-4cfd-b4bb-36a6e24fb6fd</CorrelationId>
      <OverwriteBehaviour>always</OverwriteBehaviour>
      <ApplicationRelativeFilePath>../../SSIDeliverIntgnService.Api/SSIDeliverIntgnService.Api.csproj</ApplicationRelativeFilePath>
      <ProjectRelativeFilePath>SSIDeliverIntgnService.Api.csproj</ProjectRelativeFilePath>
      <IsIgnored>false</IsIgnored>
    </FileLog>
    <FileLog>
      <ProjectId>0b6996c2-f787-4cfd-b4bb-36a6e24fb6fd</ProjectId>
      <CorrelationId>Intent.AspNetCore.Startup</CorrelationId>
      <OverwriteBehaviour>always</OverwriteBehaviour>
      <ApplicationRelativeFilePath>../../SSIDeliverIntgnService.Api/Startup.cs</ApplicationRelativeFilePath>
      <ProjectRelativeFilePath>Startup.cs</ProjectRelativeFilePath>
      <IsIgnored>false</IsIgnored>
    </FileLog>
    <FileLog>
      <ProjectId>018fcf45-d211-40a0-a7df-967b3d9ef4f7</ProjectId>
      <CorrelationId>Intent.Application.MediatR.Behaviours.AuthorizationBehaviour</CorrelationId>
      <OverwriteBehaviour>always</OverwriteBehaviour>
      <ApplicationRelativeFilePath>../../SSIDeliverIntgnService.Application/Common/Behaviours/AuthorizationBehaviour.cs</ApplicationRelativeFilePath>
      <ProjectRelativeFilePath>AuthorizationBehaviour.cs</ProjectRelativeFilePath>
      <IsIgnored>false</IsIgnored>
    </FileLog>
    <FileLog>
      <ProjectId>018fcf45-d211-40a0-a7df-967b3d9ef4f7</ProjectId>
      <CorrelationId>Intent.Application.MediatR.Behaviours.EventBusPublishBehaviour</CorrelationId>
      <OverwriteBehaviour>always</OverwriteBehaviour>
      <ApplicationRelativeFilePath>../../SSIDeliverIntgnService.Application/Common/Behaviours/EventBusPublishBehaviour.cs</ApplicationRelativeFilePath>
      <ProjectRelativeFilePath>EventBusPublishBehaviour.cs</ProjectRelativeFilePath>
      <IsIgnored>false</IsIgnored>
    </FileLog>
    <FileLog>
      <ProjectId>018fcf45-d211-40a0-a7df-967b3d9ef4f7</ProjectId>
      <CorrelationId>Intent.Application.MediatR.Behaviours.LoggingBehaviour</CorrelationId>
      <OverwriteBehaviour>always</OverwriteBehaviour>
      <ApplicationRelativeFilePath>../../SSIDeliverIntgnService.Application/Common/Behaviours/LoggingBehaviour.cs</ApplicationRelativeFilePath>
      <ProjectRelativeFilePath>LoggingBehaviour.cs</ProjectRelativeFilePath>
      <IsIgnored>false</IsIgnored>
    </FileLog>
    <FileLog>
      <ProjectId>018fcf45-d211-40a0-a7df-967b3d9ef4f7</ProjectId>
      <CorrelationId>Intent.Application.MediatR.Behaviours.MongoDbUnitOfWorkBehaviour</CorrelationId>
      <OverwriteBehaviour>always</OverwriteBehaviour>
      <ApplicationRelativeFilePath>../../SSIDeliverIntgnService.Application/Common/Behaviours/MongoDbUnitOfWorkBehaviour.cs</ApplicationRelativeFilePath>
      <ProjectRelativeFilePath>MongoDbUnitOfWorkBehaviour.cs</ProjectRelativeFilePath>
      <IsIgnored>false</IsIgnored>
    </FileLog>
    <FileLog>
      <ProjectId>018fcf45-d211-40a0-a7df-967b3d9ef4f7</ProjectId>
      <CorrelationId>Intent.Application.MediatR.Behaviours.PerformanceBehaviour</CorrelationId>
      <OverwriteBehaviour>always</OverwriteBehaviour>
      <ApplicationRelativeFilePath>../../SSIDeliverIntgnService.Application/Common/Behaviours/PerformanceBehaviour.cs</ApplicationRelativeFilePath>
      <ProjectRelativeFilePath>PerformanceBehaviour.cs</ProjectRelativeFilePath>
      <IsIgnored>false</IsIgnored>
    </FileLog>
    <FileLog>
      <ProjectId>018fcf45-d211-40a0-a7df-967b3d9ef4f7</ProjectId>
      <CorrelationId>Intent.Dapr.AspNetCore.StateManagement.StateRepositoryUnitOfWorkBehaviour</CorrelationId>
      <OverwriteBehaviour>always</OverwriteBehaviour>
      <ApplicationRelativeFilePath>../../SSIDeliverIntgnService.Application/Common/Behaviours/StateRepositoryUnitOfWorkBehaviour.cs</ApplicationRelativeFilePath>
      <ProjectRelativeFilePath>StateRepositoryUnitOfWorkBehaviour.cs</ProjectRelativeFilePath>
      <IsIgnored>false</IsIgnored>
    </FileLog>
    <FileLog>
      <ProjectId>018fcf45-d211-40a0-a7df-967b3d9ef4f7</ProjectId>
      <CorrelationId>Intent.Application.MediatR.Behaviours.UnhandledExceptionBehaviour</CorrelationId>
      <OverwriteBehaviour>always</OverwriteBehaviour>
      <ApplicationRelativeFilePath>../../SSIDeliverIntgnService.Application/Common/Behaviours/UnhandledExceptionBehaviour.cs</ApplicationRelativeFilePath>
      <ProjectRelativeFilePath>UnhandledExceptionBehaviour.cs</ProjectRelativeFilePath>
      <IsIgnored>false</IsIgnored>
    </FileLog>
    <FileLog>
      <ProjectId>018fcf45-d211-40a0-a7df-967b3d9ef4f7</ProjectId>
      <CorrelationId>Intent.Application.MediatR.FluentValidation.ValidationBehaviour</CorrelationId>
      <OverwriteBehaviour>always</OverwriteBehaviour>
      <ApplicationRelativeFilePath>../../SSIDeliverIntgnService.Application/Common/Behaviours/ValidationBehaviour.cs</ApplicationRelativeFilePath>
      <ProjectRelativeFilePath>ValidationBehaviour.cs</ProjectRelativeFilePath>
      <IsIgnored>false</IsIgnored>
    </FileLog>
    <FileLog>
      <ProjectId>e52b3252-0ed8-4d65-ae4b-244a419f1e5b</ProjectId>
      <CorrelationId>Intent.Dapr.AspNetCore.Pubsub.EventBusImplementation</CorrelationId>
      <OverwriteBehaviour>always</OverwriteBehaviour>
      <ApplicationRelativeFilePath>../../SSIDeliverIntgnService.Application/Common/Eventing/EventBusImplementation.cs</ApplicationRelativeFilePath>
      <ProjectRelativeFilePath>EventBusImplementation.cs</ProjectRelativeFilePath>
      <IsIgnored>false</IsIgnored>
    </FileLog>
    <FileLog>
      <ProjectId>e52b3252-0ed8-4d65-ae4b-244a419f1e5b</ProjectId>
      <CorrelationId>Intent.Dapr.AspNetCore.Pubsub.EventInterface</CorrelationId>
      <OverwriteBehaviour>always</OverwriteBehaviour>
      <ApplicationRelativeFilePath>../../SSIDeliverIntgnService.Application/Common/Eventing/IEvent.cs</ApplicationRelativeFilePath>
      <ProjectRelativeFilePath>IEvent.cs</ProjectRelativeFilePath>
      <IsIgnored>false</IsIgnored>
    </FileLog>
    <FileLog>
      <ProjectId>e52b3252-0ed8-4d65-ae4b-244a419f1e5b</ProjectId>
      <CorrelationId>Intent.Eventing.Contracts.EventBusInterface</CorrelationId>
      <OverwriteBehaviour>always</OverwriteBehaviour>
      <ApplicationRelativeFilePath>../../SSIDeliverIntgnService.Application/Common/Eventing/IEventBus.cs</ApplicationRelativeFilePath>
      <ProjectRelativeFilePath>IEventBus.cs</ProjectRelativeFilePath>
      <IsIgnored>false</IsIgnored>
    </FileLog>
    <FileLog>
      <ProjectId>e52b3252-0ed8-4d65-ae4b-244a419f1e5b</ProjectId>
      <CorrelationId>Intent.Eventing.Contracts.IntegrationEventHandlerInterface</CorrelationId>
      <OverwriteBehaviour>always</OverwriteBehaviour>
      <ApplicationRelativeFilePath>../../SSIDeliverIntgnService.Application/Common/Eventing/IIntegrationEventHandler.cs</ApplicationRelativeFilePath>
      <ProjectRelativeFilePath>IIntegrationEventHandler.cs</ProjectRelativeFilePath>
      <IsIgnored>false</IsIgnored>
    </FileLog>
    <FileLog>
      <ProjectId>ecae778b-9838-4ed6-9940-35170fa8a3cb</ProjectId>
      <CorrelationId>Intent.Application.Identity.ForbiddenAccessException</CorrelationId>
      <OverwriteBehaviour>always</OverwriteBehaviour>
      <ApplicationRelativeFilePath>../../SSIDeliverIntgnService.Application/Common/Exceptions/ForbiddenAccessException.cs</ApplicationRelativeFilePath>
      <ProjectRelativeFilePath>ForbiddenAccessException.cs</ProjectRelativeFilePath>
      <IsIgnored>false</IsIgnored>
    </FileLog>
    <FileLog>
      <ProjectId>ecae778b-9838-4ed6-9940-35170fa8a3cb</ProjectId>
      <CorrelationId>Intent.Dapr.AspNetCore.ServiceInvocation.HttpClientRequestException</CorrelationId>
      <OverwriteBehaviour>always</OverwriteBehaviour>
      <ApplicationRelativeFilePath>../../SSIDeliverIntgnService.Application/Common/Exceptions/HttpClientRequestException.cs</ApplicationRelativeFilePath>
      <ProjectRelativeFilePath>HttpClientRequestException.cs</ProjectRelativeFilePath>
      <IsIgnored>false</IsIgnored>
    </FileLog>
    <FileLog>
      <ProjectId>c68e0852-168b-4bb2-9841-13cc2ad61507</ProjectId>
      <CorrelationId>Intent.Application.MediatR.CommandInterface</CorrelationId>
      <OverwriteBehaviour>always</OverwriteBehaviour>
      <ApplicationRelativeFilePath>../../SSIDeliverIntgnService.Application/Common/Interfaces/ICommand.cs</ApplicationRelativeFilePath>
      <ProjectRelativeFilePath>ICommand.cs</ProjectRelativeFilePath>
      <IsIgnored>false</IsIgnored>
    </FileLog>
    <FileLog>
      <ProjectId>c68e0852-168b-4bb2-9841-13cc2ad61507</ProjectId>
      <CorrelationId>Intent.Application.Identity.CurrentUserServiceInterface</CorrelationId>
      <OverwriteBehaviour>always</OverwriteBehaviour>
      <ApplicationRelativeFilePath>../../SSIDeliverIntgnService.Application/Common/Interfaces/ICurrentUserService.cs</ApplicationRelativeFilePath>
      <ProjectRelativeFilePath>ICurrentUserService.cs</ProjectRelativeFilePath>
      <IsIgnored>false</IsIgnored>
    </FileLog>
    <FileLog>
      <ProjectId>c68e0852-168b-4bb2-9841-13cc2ad61507</ProjectId>
      <CorrelationId>Intent.DomainEvents.DomainEventServiceInterface</CorrelationId>
      <OverwriteBehaviour>always</OverwriteBehaviour>
      <ApplicationRelativeFilePath>../../SSIDeliverIntgnService.Application/Common/Interfaces/IDomainEventService.cs</ApplicationRelativeFilePath>
      <ProjectRelativeFilePath>IDomainEventService.cs</ProjectRelativeFilePath>
      <IsIgnored>false</IsIgnored>
    </FileLog>
    <FileLog>
      <ProjectId>c68e0852-168b-4bb2-9841-13cc2ad61507</ProjectId>
      <CorrelationId>Intent.Application.MediatR.QueryInterface</CorrelationId>
      <OverwriteBehaviour>always</OverwriteBehaviour>
      <ApplicationRelativeFilePath>../../SSIDeliverIntgnService.Application/Common/Interfaces/IQuery.cs</ApplicationRelativeFilePath>
      <ProjectRelativeFilePath>IQuery.cs</ProjectRelativeFilePath>
      <IsIgnored>false</IsIgnored>
    </FileLog>
    <FileLog>
      <ProjectId>da3f71f1-74b6-4f8d-9d9e-84f8bc39e856</ProjectId>
      <CorrelationId>Intent.Application.AutoMapper.MapFromInterface</CorrelationId>
      <OverwriteBehaviour>always</OverwriteBehaviour>
      <ApplicationRelativeFilePath>../../SSIDeliverIntgnService.Application/Common/Mappings/IMapFrom.cs</ApplicationRelativeFilePath>
      <ProjectRelativeFilePath>IMapFrom.cs</ProjectRelativeFilePath>
      <IsIgnored>false</IsIgnored>
    </FileLog>
    <FileLog>
      <ProjectId>da3f71f1-74b6-4f8d-9d9e-84f8bc39e856</ProjectId>
      <CorrelationId>Intent.Application.AutoMapper.MappingProfile</CorrelationId>
      <OverwriteBehaviour>always</OverwriteBehaviour>
      <ApplicationRelativeFilePath>../../SSIDeliverIntgnService.Application/Common/Mappings/MappingProfile.cs</ApplicationRelativeFilePath>
      <ProjectRelativeFilePath>MappingProfile.cs</ProjectRelativeFilePath>
      <IsIgnored>false</IsIgnored>
    </FileLog>
    <FileLog>
      <ProjectId>7d128a3d-a77e-4c63-9b6e-be83108f0d23</ProjectId>
      <CorrelationId>Intent.MediatR.DomainEvents.DomainEventNotification</CorrelationId>
      <OverwriteBehaviour>always</OverwriteBehaviour>
      <ApplicationRelativeFilePath>../../SSIDeliverIntgnService.Application/Common/Models/DomainEventNotification.cs</ApplicationRelativeFilePath>
      <ProjectRelativeFilePath>DomainEventNotification.cs</ProjectRelativeFilePath>
      <IsIgnored>false</IsIgnored>
    </FileLog>
    <FileLog>
      <ProjectId>7d128a3d-a77e-4c63-9b6e-be83108f0d23</ProjectId>
      <CorrelationId>Intent.Application.Identity.ResultModel</CorrelationId>
      <OverwriteBehaviour>always</OverwriteBehaviour>
      <ApplicationRelativeFilePath>../../SSIDeliverIntgnService.Application/Common/Models/Result.cs</ApplicationRelativeFilePath>
      <ProjectRelativeFilePath>Result.cs</ProjectRelativeFilePath>
      <IsIgnored>false</IsIgnored>
    </FileLog>
    <FileLog>
      <ProjectId>1d1ccfc2-2e00-4786-8a72-1039ffb0dd6d</ProjectId>
      <CorrelationId>Intent.Application.Dtos.Pagination.PagedResult</CorrelationId>
      <OverwriteBehaviour>always</OverwriteBehaviour>
      <ApplicationRelativeFilePath>../../SSIDeliverIntgnService.Application/Common/Pagination/PagedResult.cs</ApplicationRelativeFilePath>
      <ProjectRelativeFilePath>PagedResult.cs</ProjectRelativeFilePath>
      <IsIgnored>false</IsIgnored>
    </FileLog>
    <FileLog>
      <ProjectId>1d1ccfc2-2e00-4786-8a72-1039ffb0dd6d</ProjectId>
      <CorrelationId>Intent.Application.Dtos.Pagination.PagedResultMappingExtensions</CorrelationId>
      <OverwriteBehaviour>always</OverwriteBehaviour>
      <ApplicationRelativeFilePath>../../SSIDeliverIntgnService.Application/Common/Pagination/PagedResultMappingExtensions.cs</ApplicationRelativeFilePath>
      <ProjectRelativeFilePath>PagedResultMappingExtensions.cs</ProjectRelativeFilePath>
      <IsIgnored>false</IsIgnored>
    </FileLog>
    <FileLog>
      <ProjectId>e7b72f8f-d444-4397-97cc-fd2a7983b628</ProjectId>
      <CorrelationId>Intent.Application.Identity.AuthorizeAttribute</CorrelationId>
      <OverwriteBehaviour>always</OverwriteBehaviour>
      <ApplicationRelativeFilePath>../../SSIDeliverIntgnService.Application/Common/Security/AuthorizeAttribute.cs</ApplicationRelativeFilePath>
      <ProjectRelativeFilePath>AuthorizeAttribute.cs</ProjectRelativeFilePath>
      <IsIgnored>false</IsIgnored>
    </FileLog>
    <FileLog>
      <ProjectId>d6925522-3e67-4f33-9ac8-eb4fbb9555ac</ProjectId>
      <CorrelationId>Intent.Application.DependencyInjection.DependencyInjection</CorrelationId>
      <OverwriteBehaviour>always</OverwriteBehaviour>
      <ApplicationRelativeFilePath>../../SSIDeliverIntgnService.Application/DependencyInjection.cs</ApplicationRelativeFilePath>
      <ProjectRelativeFilePath>DependencyInjection.cs</ProjectRelativeFilePath>
      <IsIgnored>false</IsIgnored>
    </FileLog>
    <FileLog>
      <ProjectId>d6925522-3e67-4f33-9ac8-eb4fbb9555ac</ProjectId>
      <CorrelationId>Intent.Application.MediatR.CommandModels#553c22f5-4593-4343-8a50-f60fb5d1bb62</CorrelationId>
      <OverwriteBehaviour>always</OverwriteBehaviour>
      <ApplicationRelativeFilePath>../../SSIDeliverIntgnService.Application/Orders/CreateOrder/CreateOrderCommand.cs</ApplicationRelativeFilePath>
      <ProjectRelativeFilePath>Orders/CreateOrder/CreateOrderCommand.cs</ProjectRelativeFilePath>
      <IsIgnored>false</IsIgnored>
    </FileLog>
    <FileLog>
      <ProjectId>d6925522-3e67-4f33-9ac8-eb4fbb9555ac</ProjectId>
      <CorrelationId>Intent.Application.MediatR.CommandHandler#553c22f5-4593-4343-8a50-f60fb5d1bb62</CorrelationId>
      <OverwriteBehaviour>always</OverwriteBehaviour>
      <ApplicationRelativeFilePath>../../SSIDeliverIntgnService.Application/Orders/CreateOrder/CreateOrderCommandHandler.cs</ApplicationRelativeFilePath>
      <ProjectRelativeFilePath>Orders/CreateOrder/CreateOrderCommandHandler.cs</ProjectRelativeFilePath>
      <IsIgnored>false</IsIgnored>
    </FileLog>
    <FileLog>
      <ProjectId>d6925522-3e67-4f33-9ac8-eb4fbb9555ac</ProjectId>
      <CorrelationId>Intent.Application.MediatR.FluentValidation.CommandValidator#553c22f5-4593-4343-8a50-f60fb5d1bb62</CorrelationId>
      <OverwriteBehaviour>always</OverwriteBehaviour>
      <ApplicationRelativeFilePath>../../SSIDeliverIntgnService.Application/Orders/CreateOrder/CreateOrderCommandValidator.cs</ApplicationRelativeFilePath>
      <ProjectRelativeFilePath>Orders/CreateOrder/CreateOrderCommandValidator.cs</ProjectRelativeFilePath>
      <IsIgnored>false</IsIgnored>
    </FileLog>
    <FileLog>
      <ProjectId>d6925522-3e67-4f33-9ac8-eb4fbb9555ac</ProjectId>
      <CorrelationId>Intent.Application.Dtos.DtoModel#83798cfa-67ec-43ea-a94b-8cdb2e945677</CorrelationId>
      <OverwriteBehaviour>always</OverwriteBehaviour>
      <ApplicationRelativeFilePath>../../SSIDeliverIntgnService.Application/Orders/CreateOrderIDeliverOrderInfoDto.cs</ApplicationRelativeFilePath>
      <ProjectRelativeFilePath>Orders/CreateOrderIDeliverOrderInfoDto.cs</ProjectRelativeFilePath>
      <IsIgnored>false</IsIgnored>
    </FileLog>
    <FileLog>
      <ProjectId>d6925522-3e67-4f33-9ac8-eb4fbb9555ac</ProjectId>
      <CorrelationId>Intent.Application.MediatR.CommandModels#9aff3dad-776f-4616-b16d-62fe19c5c85c</CorrelationId>
      <OverwriteBehaviour>always</OverwriteBehaviour>
      <ApplicationRelativeFilePath>../../SSIDeliverIntgnService.Application/Orders/CreateOrderOrderItem/CreateOrderOrderItemCommand.cs</ApplicationRelativeFilePath>
      <ProjectRelativeFilePath>Orders/CreateOrderOrderItem/CreateOrderOrderItemCommand.cs</ProjectRelativeFilePath>
      <IsIgnored>false</IsIgnored>
    </FileLog>
    <FileLog>
      <ProjectId>d6925522-3e67-4f33-9ac8-eb4fbb9555ac</ProjectId>
      <CorrelationId>Intent.Application.MediatR.CommandHandler#9aff3dad-776f-4616-b16d-62fe19c5c85c</CorrelationId>
      <OverwriteBehaviour>always</OverwriteBehaviour>
      <ApplicationRelativeFilePath>../../SSIDeliverIntgnService.Application/Orders/CreateOrderOrderItem/CreateOrderOrderItemCommandHandler.cs</ApplicationRelativeFilePath>
      <ProjectRelativeFilePath>Orders/CreateOrderOrderItem/CreateOrderOrderItemCommandHandler.cs</ProjectRelativeFilePath>
      <IsIgnored>false</IsIgnored>
    </FileLog>
    <FileLog>
      <ProjectId>d6925522-3e67-4f33-9ac8-eb4fbb9555ac</ProjectId>
      <CorrelationId>Intent.Application.MediatR.FluentValidation.CommandValidator#9aff3dad-776f-4616-b16d-62fe19c5c85c</CorrelationId>
      <OverwriteBehaviour>always</OverwriteBehaviour>
      <ApplicationRelativeFilePath>../../SSIDeliverIntgnService.Application/Orders/CreateOrderOrderItem/CreateOrderOrderItemCommandValidator.cs</ApplicationRelativeFilePath>
      <ProjectRelativeFilePath>Orders/CreateOrderOrderItem/CreateOrderOrderItemCommandValidator.cs</ProjectRelativeFilePath>
      <IsIgnored>false</IsIgnored>
    </FileLog>
    <FileLog>
      <ProjectId>d6925522-3e67-4f33-9ac8-eb4fbb9555ac</ProjectId>
      <CorrelationId>Intent.Application.Dtos.DtoModel#276965d8-8965-44ec-85cb-a69e42e6afce</CorrelationId>
      <OverwriteBehaviour>always</OverwriteBehaviour>
      <ApplicationRelativeFilePath>../../SSIDeliverIntgnService.Application/Orders/CreateOrderOrderItemDto.cs</ApplicationRelativeFilePath>
      <ProjectRelativeFilePath>Orders/CreateOrderOrderItemDto.cs</ProjectRelativeFilePath>
      <IsIgnored>false</IsIgnored>
    </FileLog>
    <FileLog>
      <ProjectId>d6925522-3e67-4f33-9ac8-eb4fbb9555ac</ProjectId>
      <CorrelationId>Intent.Application.Dtos.DtoModel#9f0c6fba-e3c6-4ac1-9ce9-d1a4b1c06055</CorrelationId>
      <OverwriteBehaviour>always</OverwriteBehaviour>
      <ApplicationRelativeFilePath>../../SSIDeliverIntgnService.Application/Orders/CreateOrderOrderItemOrderStatusHistoryDto.cs</ApplicationRelativeFilePath>
      <ProjectRelativeFilePath>Orders/CreateOrderOrderItemOrderStatusHistoryDto.cs</ProjectRelativeFilePath>
      <IsIgnored>false</IsIgnored>
    </FileLog>
    <FileLog>
      <ProjectId>d6925522-3e67-4f33-9ac8-eb4fbb9555ac</ProjectId>
      <CorrelationId>Intent.Application.MediatR.CommandModels#09023f1b-388e-4d2d-9b61-e5d0bbd91c57</CorrelationId>
      <OverwriteBehaviour>always</OverwriteBehaviour>
      <ApplicationRelativeFilePath>../../SSIDeliverIntgnService.Application/Orders/DeleteOrder/DeleteOrderCommand.cs</ApplicationRelativeFilePath>
      <ProjectRelativeFilePath>Orders/DeleteOrder/DeleteOrderCommand.cs</ProjectRelativeFilePath>
      <IsIgnored>false</IsIgnored>
    </FileLog>
    <FileLog>
      <ProjectId>d6925522-3e67-4f33-9ac8-eb4fbb9555ac</ProjectId>
      <CorrelationId>Intent.Application.MediatR.CommandHandler#09023f1b-388e-4d2d-9b61-e5d0bbd91c57</CorrelationId>
      <OverwriteBehaviour>always</OverwriteBehaviour>
      <ApplicationRelativeFilePath>../../SSIDeliverIntgnService.Application/Orders/DeleteOrder/DeleteOrderCommandHandler.cs</ApplicationRelativeFilePath>
      <ProjectRelativeFilePath>Orders/DeleteOrder/DeleteOrderCommandHandler.cs</ProjectRelativeFilePath>
      <IsIgnored>false</IsIgnored>
    </FileLog>
    <FileLog>
      <ProjectId>d6925522-3e67-4f33-9ac8-eb4fbb9555ac</ProjectId>
      <CorrelationId>Intent.Application.MediatR.FluentValidation.CommandValidator#09023f1b-388e-4d2d-9b61-e5d0bbd91c57</CorrelationId>
      <OverwriteBehaviour>always</OverwriteBehaviour>
      <ApplicationRelativeFilePath>../../SSIDeliverIntgnService.Application/Orders/DeleteOrder/DeleteOrderCommandValidator.cs</ApplicationRelativeFilePath>
      <ProjectRelativeFilePath>Orders/DeleteOrder/DeleteOrderCommandValidator.cs</ProjectRelativeFilePath>
      <IsIgnored>false</IsIgnored>
    </FileLog>
    <FileLog>
      <ProjectId>d6925522-3e67-4f33-9ac8-eb4fbb9555ac</ProjectId>
      <CorrelationId>Intent.Application.MediatR.CommandModels#54881cd5-d70f-42d8-a04c-39ad6cdf0550</CorrelationId>
      <OverwriteBehaviour>always</OverwriteBehaviour>
      <ApplicationRelativeFilePath>../../SSIDeliverIntgnService.Application/Orders/DeleteOrderOrderItem/DeleteOrderOrderItemCommand.cs</ApplicationRelativeFilePath>
      <ProjectRelativeFilePath>Orders/DeleteOrderOrderItem/DeleteOrderOrderItemCommand.cs</ProjectRelativeFilePath>
      <IsIgnored>false</IsIgnored>
    </FileLog>
    <FileLog>
      <ProjectId>d6925522-3e67-4f33-9ac8-eb4fbb9555ac</ProjectId>
      <CorrelationId>Intent.Application.MediatR.CommandHandler#54881cd5-d70f-42d8-a04c-39ad6cdf0550</CorrelationId>
      <OverwriteBehaviour>always</OverwriteBehaviour>
      <ApplicationRelativeFilePath>../../SSIDeliverIntgnService.Application/Orders/DeleteOrderOrderItem/DeleteOrderOrderItemCommandHandler.cs</ApplicationRelativeFilePath>
      <ProjectRelativeFilePath>Orders/DeleteOrderOrderItem/DeleteOrderOrderItemCommandHandler.cs</ProjectRelativeFilePath>
      <IsIgnored>false</IsIgnored>
    </FileLog>
    <FileLog>
      <ProjectId>d6925522-3e67-4f33-9ac8-eb4fbb9555ac</ProjectId>
      <CorrelationId>Intent.Application.MediatR.FluentValidation.CommandValidator#54881cd5-d70f-42d8-a04c-39ad6cdf0550</CorrelationId>
      <OverwriteBehaviour>always</OverwriteBehaviour>
      <ApplicationRelativeFilePath>../../SSIDeliverIntgnService.Application/Orders/DeleteOrderOrderItem/DeleteOrderOrderItemCommandValidator.cs</ApplicationRelativeFilePath>
      <ProjectRelativeFilePath>Orders/DeleteOrderOrderItem/DeleteOrderOrderItemCommandValidator.cs</ProjectRelativeFilePath>
      <IsIgnored>false</IsIgnored>
    </FileLog>
    <FileLog>
      <ProjectId>d6925522-3e67-4f33-9ac8-eb4fbb9555ac</ProjectId>
      <CorrelationId>Intent.Application.MediatR.QueryModels#b0697783-d500-475e-907f-e7190c970edf</CorrelationId>
      <OverwriteBehaviour>always</OverwriteBehaviour>
      <ApplicationRelativeFilePath>../../SSIDeliverIntgnService.Application/Orders/GetOrderById/GetOrderByIdQuery.cs</ApplicationRelativeFilePath>
      <ProjectRelativeFilePath>Orders/GetOrderById/GetOrderByIdQuery.cs</ProjectRelativeFilePath>
      <IsIgnored>false</IsIgnored>
    </FileLog>
    <FileLog>
      <ProjectId>d6925522-3e67-4f33-9ac8-eb4fbb9555ac</ProjectId>
      <CorrelationId>Intent.Application.MediatR.QueryHandler#b0697783-d500-475e-907f-e7190c970edf</CorrelationId>
      <OverwriteBehaviour>always</OverwriteBehaviour>
      <ApplicationRelativeFilePath>../../SSIDeliverIntgnService.Application/Orders/GetOrderById/GetOrderByIdQueryHandler.cs</ApplicationRelativeFilePath>
      <ProjectRelativeFilePath>Orders/GetOrderById/GetOrderByIdQueryHandler.cs</ProjectRelativeFilePath>
      <IsIgnored>false</IsIgnored>
    </FileLog>
    <FileLog>
      <ProjectId>d6925522-3e67-4f33-9ac8-eb4fbb9555ac</ProjectId>
      <CorrelationId>Intent.Application.MediatR.FluentValidation.QueryValidator#b0697783-d500-475e-907f-e7190c970edf</CorrelationId>
      <OverwriteBehaviour>always</OverwriteBehaviour>
      <ApplicationRelativeFilePath>../../SSIDeliverIntgnService.Application/Orders/GetOrderById/GetOrderByIdQueryValidator.cs</ApplicationRelativeFilePath>
      <ProjectRelativeFilePath>Orders/GetOrderById/GetOrderByIdQueryValidator.cs</ProjectRelativeFilePath>
      <IsIgnored>false</IsIgnored>
    </FileLog>
    <FileLog>
      <ProjectId>d6925522-3e67-4f33-9ac8-eb4fbb9555ac</ProjectId>
      <CorrelationId>Intent.Application.MediatR.QueryModels#74b74ca1-d66b-4e07-b7e7-d19f48a2454c</CorrelationId>
      <OverwriteBehaviour>always</OverwriteBehaviour>
      <ApplicationRelativeFilePath>../../SSIDeliverIntgnService.Application/Orders/GetOrderOrderItemById/GetOrderOrderItemByIdQuery.cs</ApplicationRelativeFilePath>
      <ProjectRelativeFilePath>Orders/GetOrderOrderItemById/GetOrderOrderItemByIdQuery.cs</ProjectRelativeFilePath>
      <IsIgnored>false</IsIgnored>
    </FileLog>
    <FileLog>
      <ProjectId>d6925522-3e67-4f33-9ac8-eb4fbb9555ac</ProjectId>
      <CorrelationId>Intent.Application.MediatR.QueryHandler#74b74ca1-d66b-4e07-b7e7-d19f48a2454c</CorrelationId>
      <OverwriteBehaviour>always</OverwriteBehaviour>
      <ApplicationRelativeFilePath>../../SSIDeliverIntgnService.Application/Orders/GetOrderOrderItemById/GetOrderOrderItemByIdQueryHandler.cs</ApplicationRelativeFilePath>
      <ProjectRelativeFilePath>Orders/GetOrderOrderItemById/GetOrderOrderItemByIdQueryHandler.cs</ProjectRelativeFilePath>
      <IsIgnored>false</IsIgnored>
    </FileLog>
    <FileLog>
      <ProjectId>d6925522-3e67-4f33-9ac8-eb4fbb9555ac</ProjectId>
      <CorrelationId>Intent.Application.MediatR.FluentValidation.QueryValidator#74b74ca1-d66b-4e07-b7e7-d19f48a2454c</CorrelationId>
      <OverwriteBehaviour>always</OverwriteBehaviour>
      <ApplicationRelativeFilePath>../../SSIDeliverIntgnService.Application/Orders/GetOrderOrderItemById/GetOrderOrderItemByIdQueryValidator.cs</ApplicationRelativeFilePath>
      <ProjectRelativeFilePath>Orders/GetOrderOrderItemById/GetOrderOrderItemByIdQueryValidator.cs</ProjectRelativeFilePath>
      <IsIgnored>false</IsIgnored>
    </FileLog>
    <FileLog>
      <ProjectId>d6925522-3e67-4f33-9ac8-eb4fbb9555ac</ProjectId>
      <CorrelationId>Intent.Application.MediatR.QueryModels#11685b23-0ff6-4e82-92bd-a2ffaa5d7e58</CorrelationId>
      <OverwriteBehaviour>always</OverwriteBehaviour>
      <ApplicationRelativeFilePath>../../SSIDeliverIntgnService.Application/Orders/GetOrderOrderItems/GetOrderOrderItemsQuery.cs</ApplicationRelativeFilePath>
      <ProjectRelativeFilePath>Orders/GetOrderOrderItems/GetOrderOrderItemsQuery.cs</ProjectRelativeFilePath>
      <IsIgnored>false</IsIgnored>
    </FileLog>
    <FileLog>
      <ProjectId>d6925522-3e67-4f33-9ac8-eb4fbb9555ac</ProjectId>
      <CorrelationId>Intent.Application.MediatR.QueryHandler#11685b23-0ff6-4e82-92bd-a2ffaa5d7e58</CorrelationId>
      <OverwriteBehaviour>always</OverwriteBehaviour>
      <ApplicationRelativeFilePath>../../SSIDeliverIntgnService.Application/Orders/GetOrderOrderItems/GetOrderOrderItemsQueryHandler.cs</ApplicationRelativeFilePath>
      <ProjectRelativeFilePath>Orders/GetOrderOrderItems/GetOrderOrderItemsQueryHandler.cs</ProjectRelativeFilePath>
      <IsIgnored>false</IsIgnored>
    </FileLog>
    <FileLog>
      <ProjectId>d6925522-3e67-4f33-9ac8-eb4fbb9555ac</ProjectId>
      <CorrelationId>Intent.Application.MediatR.FluentValidation.QueryValidator#11685b23-0ff6-4e82-92bd-a2ffaa5d7e58</CorrelationId>
      <OverwriteBehaviour>always</OverwriteBehaviour>
      <ApplicationRelativeFilePath>../../SSIDeliverIntgnService.Application/Orders/GetOrderOrderItems/GetOrderOrderItemsQueryValidator.cs</ApplicationRelativeFilePath>
      <ProjectRelativeFilePath>Orders/GetOrderOrderItems/GetOrderOrderItemsQueryValidator.cs</ProjectRelativeFilePath>
      <IsIgnored>false</IsIgnored>
    </FileLog>
    <FileLog>
      <ProjectId>d6925522-3e67-4f33-9ac8-eb4fbb9555ac</ProjectId>
      <CorrelationId>Intent.Application.MediatR.QueryModels#220ecb54-f964-4dd0-84d0-3e20bde122c9</CorrelationId>
      <OverwriteBehaviour>always</OverwriteBehaviour>
      <ApplicationRelativeFilePath>../../SSIDeliverIntgnService.Application/Orders/GetOrders/GetOrdersQuery.cs</ApplicationRelativeFilePath>
      <ProjectRelativeFilePath>Orders/GetOrders/GetOrdersQuery.cs</ProjectRelativeFilePath>
      <IsIgnored>false</IsIgnored>
    </FileLog>
    <FileLog>
      <ProjectId>d6925522-3e67-4f33-9ac8-eb4fbb9555ac</ProjectId>
      <CorrelationId>Intent.Application.MediatR.QueryHandler#220ecb54-f964-4dd0-84d0-3e20bde122c9</CorrelationId>
      <OverwriteBehaviour>always</OverwriteBehaviour>
      <ApplicationRelativeFilePath>../../SSIDeliverIntgnService.Application/Orders/GetOrders/GetOrdersQueryHandler.cs</ApplicationRelativeFilePath>
      <ProjectRelativeFilePath>Orders/GetOrders/GetOrdersQueryHandler.cs</ProjectRelativeFilePath>
      <IsIgnored>false</IsIgnored>
    </FileLog>
    <FileLog>
      <ProjectId>d6925522-3e67-4f33-9ac8-eb4fbb9555ac</ProjectId>
      <CorrelationId>Intent.Application.MediatR.FluentValidation.QueryValidator#220ecb54-f964-4dd0-84d0-3e20bde122c9</CorrelationId>
      <OverwriteBehaviour>always</OverwriteBehaviour>
      <ApplicationRelativeFilePath>../../SSIDeliverIntgnService.Application/Orders/GetOrders/GetOrdersQueryValidator.cs</ApplicationRelativeFilePath>
      <ProjectRelativeFilePath>Orders/GetOrders/GetOrdersQueryValidator.cs</ProjectRelativeFilePath>
      <IsIgnored>false</IsIgnored>
    </FileLog>
    <FileLog>
      <ProjectId>d6925522-3e67-4f33-9ac8-eb4fbb9555ac</ProjectId>
      <CorrelationId>Intent.Application.Dtos.DtoModel#ac3f3262-1ea3-46de-b0be-f074ef6c43a9</CorrelationId>
      <OverwriteBehaviour>always</OverwriteBehaviour>
      <ApplicationRelativeFilePath>../../SSIDeliverIntgnService.Application/Orders/OrderDto.cs</ApplicationRelativeFilePath>
      <ProjectRelativeFilePath>Orders/OrderDto.cs</ProjectRelativeFilePath>
      <IsIgnored>false</IsIgnored>
    </FileLog>
    <FileLog>
      <ProjectId>d6925522-3e67-4f33-9ac8-eb4fbb9555ac</ProjectId>
      <CorrelationId>Intent.Application.Dtos.AutoMapper.MappingExtensions#ac3f3262-1ea3-46de-b0be-f074ef6c43a9</CorrelationId>
      <OverwriteBehaviour>always</OverwriteBehaviour>
      <ApplicationRelativeFilePath>../../SSIDeliverIntgnService.Application/Orders/OrderDtoMappingExtensions.cs</ApplicationRelativeFilePath>
      <ProjectRelativeFilePath>Orders/OrderDtoMappingExtensions.cs</ProjectRelativeFilePath>
      <IsIgnored>false</IsIgnored>
    </FileLog>
    <FileLog>
      <ProjectId>d6925522-3e67-4f33-9ac8-eb4fbb9555ac</ProjectId>
      <CorrelationId>Intent.Application.Dtos.DtoModel#d24e5450-a5e1-4f90-9ad5-1f5656688a4e</CorrelationId>
      <OverwriteBehaviour>always</OverwriteBehaviour>
      <ApplicationRelativeFilePath>../../SSIDeliverIntgnService.Application/Orders/OrderOrderItemDto.cs</ApplicationRelativeFilePath>
      <ProjectRelativeFilePath>Orders/OrderOrderItemDto.cs</ProjectRelativeFilePath>
      <IsIgnored>false</IsIgnored>
    </FileLog>
    <FileLog>
      <ProjectId>d6925522-3e67-4f33-9ac8-eb4fbb9555ac</ProjectId>
      <CorrelationId>Intent.Application.Dtos.AutoMapper.MappingExtensions#d24e5450-a5e1-4f90-9ad5-1f5656688a4e</CorrelationId>
      <OverwriteBehaviour>always</OverwriteBehaviour>
      <ApplicationRelativeFilePath>../../SSIDeliverIntgnService.Application/Orders/OrderOrderItemDtoMappingExtensions.cs</ApplicationRelativeFilePath>
      <ProjectRelativeFilePath>Orders/OrderOrderItemDtoMappingExtensions.cs</ProjectRelativeFilePath>
      <IsIgnored>false</IsIgnored>
    </FileLog>
    <FileLog>
      <ProjectId>d6925522-3e67-4f33-9ac8-eb4fbb9555ac</ProjectId>
      <CorrelationId>Intent.Application.MediatR.CommandModels#077b710d-cf30-4787-a820-4873158ea27c</CorrelationId>
      <OverwriteBehaviour>always</OverwriteBehaviour>
      <ApplicationRelativeFilePath>../../SSIDeliverIntgnService.Application/Orders/UpdateOrder/UpdateOrderCommand.cs</ApplicationRelativeFilePath>
      <ProjectRelativeFilePath>Orders/UpdateOrder/UpdateOrderCommand.cs</ProjectRelativeFilePath>
      <IsIgnored>false</IsIgnored>
    </FileLog>
    <FileLog>
      <ProjectId>d6925522-3e67-4f33-9ac8-eb4fbb9555ac</ProjectId>
      <CorrelationId>Intent.Application.MediatR.CommandHandler#077b710d-cf30-4787-a820-4873158ea27c</CorrelationId>
      <OverwriteBehaviour>always</OverwriteBehaviour>
      <ApplicationRelativeFilePath>../../SSIDeliverIntgnService.Application/Orders/UpdateOrder/UpdateOrderCommandHandler.cs</ApplicationRelativeFilePath>
      <ProjectRelativeFilePath>Orders/UpdateOrder/UpdateOrderCommandHandler.cs</ProjectRelativeFilePath>
      <IsIgnored>false</IsIgnored>
    </FileLog>
    <FileLog>
      <ProjectId>d6925522-3e67-4f33-9ac8-eb4fbb9555ac</ProjectId>
      <CorrelationId>Intent.Application.MediatR.FluentValidation.CommandValidator#077b710d-cf30-4787-a820-4873158ea27c</CorrelationId>
      <OverwriteBehaviour>always</OverwriteBehaviour>
      <ApplicationRelativeFilePath>../../SSIDeliverIntgnService.Application/Orders/UpdateOrder/UpdateOrderCommandValidator.cs</ApplicationRelativeFilePath>
      <ProjectRelativeFilePath>Orders/UpdateOrder/UpdateOrderCommandValidator.cs</ProjectRelativeFilePath>
      <IsIgnored>false</IsIgnored>
    </FileLog>
    <FileLog>
      <ProjectId>d6925522-3e67-4f33-9ac8-eb4fbb9555ac</ProjectId>
      <CorrelationId>Intent.Application.Dtos.DtoModel#05220e55-720b-42fd-a08e-5d3379589977</CorrelationId>
      <OverwriteBehaviour>always</OverwriteBehaviour>
      <ApplicationRelativeFilePath>../../SSIDeliverIntgnService.Application/Orders/UpdateOrderIDeliverOrderInfoDto.cs</ApplicationRelativeFilePath>
      <ProjectRelativeFilePath>Orders/UpdateOrderIDeliverOrderInfoDto.cs</ProjectRelativeFilePath>
      <IsIgnored>false</IsIgnored>
    </FileLog>
    <FileLog>
      <ProjectId>d6925522-3e67-4f33-9ac8-eb4fbb9555ac</ProjectId>
      <CorrelationId>Intent.Application.MediatR.CommandModels#78aece51-1b91-46a7-a529-fe5ee13a3f30</CorrelationId>
      <OverwriteBehaviour>always</OverwriteBehaviour>
      <ApplicationRelativeFilePath>../../SSIDeliverIntgnService.Application/Orders/UpdateOrderOrderItem/UpdateOrderOrderItemCommand.cs</ApplicationRelativeFilePath>
      <ProjectRelativeFilePath>Orders/UpdateOrderOrderItem/UpdateOrderOrderItemCommand.cs</ProjectRelativeFilePath>
      <IsIgnored>false</IsIgnored>
    </FileLog>
    <FileLog>
      <ProjectId>d6925522-3e67-4f33-9ac8-eb4fbb9555ac</ProjectId>
      <CorrelationId>Intent.Application.MediatR.CommandHandler#78aece51-1b91-46a7-a529-fe5ee13a3f30</CorrelationId>
      <OverwriteBehaviour>always</OverwriteBehaviour>
      <ApplicationRelativeFilePath>../../SSIDeliverIntgnService.Application/Orders/UpdateOrderOrderItem/UpdateOrderOrderItemCommandHandler.cs</ApplicationRelativeFilePath>
      <ProjectRelativeFilePath>Orders/UpdateOrderOrderItem/UpdateOrderOrderItemCommandHandler.cs</ProjectRelativeFilePath>
      <IsIgnored>false</IsIgnored>
    </FileLog>
    <FileLog>
      <ProjectId>d6925522-3e67-4f33-9ac8-eb4fbb9555ac</ProjectId>
      <CorrelationId>Intent.Application.MediatR.FluentValidation.CommandValidator#78aece51-1b91-46a7-a529-fe5ee13a3f30</CorrelationId>
      <OverwriteBehaviour>always</OverwriteBehaviour>
      <ApplicationRelativeFilePath>../../SSIDeliverIntgnService.Application/Orders/UpdateOrderOrderItem/UpdateOrderOrderItemCommandValidator.cs</ApplicationRelativeFilePath>
      <ProjectRelativeFilePath>Orders/UpdateOrderOrderItem/UpdateOrderOrderItemCommandValidator.cs</ProjectRelativeFilePath>
      <IsIgnored>false</IsIgnored>
    </FileLog>
    <FileLog>
      <ProjectId>d6925522-3e67-4f33-9ac8-eb4fbb9555ac</ProjectId>
      <CorrelationId>Intent.Application.Dtos.DtoModel#72ec4f25-81e7-4e27-bd21-e0211366ef05</CorrelationId>
      <OverwriteBehaviour>always</OverwriteBehaviour>
      <ApplicationRelativeFilePath>../../SSIDeliverIntgnService.Application/Orders/UpdateOrderOrderItemDto.cs</ApplicationRelativeFilePath>
      <ProjectRelativeFilePath>Orders/UpdateOrderOrderItemDto.cs</ProjectRelativeFilePath>
      <IsIgnored>false</IsIgnored>
    </FileLog>
    <FileLog>
      <ProjectId>d6925522-3e67-4f33-9ac8-eb4fbb9555ac</ProjectId>
      <CorrelationId>Intent.VisualStudio.Projects.CSharpProject#d6925522-3e67-4f33-9ac8-eb4fbb9555ac</CorrelationId>
      <OverwriteBehaviour>always</OverwriteBehaviour>
      <ApplicationRelativeFilePath>../../SSIDeliverIntgnService.Application/SSIDeliverIntgnService.Application.csproj</ApplicationRelativeFilePath>
      <ProjectRelativeFilePath>SSIDeliverIntgnService.Application.csproj</ProjectRelativeFilePath>
      <IsIgnored>false</IsIgnored>
    </FileLog>
    <FileLog>
      <ProjectId>ea7ff120-1865-4881-8a0d-637fd7c7fb77</ProjectId>
      <CorrelationId>Intent.Entities.CollectionExtensions</CorrelationId>
      <OverwriteBehaviour>always</OverwriteBehaviour>
      <ApplicationRelativeFilePath>../../SSIDeliverIntgnService.Domain/Common/CollectionExtensions.cs</ApplicationRelativeFilePath>
      <ProjectRelativeFilePath>CollectionExtensions.cs</ProjectRelativeFilePath>
      <IsIgnored>false</IsIgnored>
    </FileLog>
    <FileLog>
      <ProjectId>ea7ff120-1865-4881-8a0d-637fd7c7fb77</ProjectId>
      <CorrelationId>Intent.DomainEvents.DomainEventBase</CorrelationId>
      <OverwriteBehaviour>always</OverwriteBehaviour>
      <ApplicationRelativeFilePath>../../SSIDeliverIntgnService.Domain/Common/DomainEvent.cs</ApplicationRelativeFilePath>
      <ProjectRelativeFilePath>DomainEvent.cs</ProjectRelativeFilePath>
      <IsIgnored>false</IsIgnored>
    </FileLog>
    <FileLog>
      <ProjectId>ea7ff120-1865-4881-8a0d-637fd7c7fb77</ProjectId>
      <CorrelationId>Intent.DomainEvents.HasDomainEventInterface</CorrelationId>
      <OverwriteBehaviour>always</OverwriteBehaviour>
      <ApplicationRelativeFilePath>../../SSIDeliverIntgnService.Domain/Common/IHasDomainEvent.cs</ApplicationRelativeFilePath>
      <ProjectRelativeFilePath>IHasDomainEvent.cs</ProjectRelativeFilePath>
      <IsIgnored>false</IsIgnored>
    </FileLog>
    <FileLog>
      <ProjectId>c44e73e5-9666-44cb-904a-601db3b4659d</ProjectId>
      <CorrelationId>Intent.MongoDb.MongoDbUnitOfWorkInterface</CorrelationId>
      <OverwriteBehaviour>always</OverwriteBehaviour>
      <ApplicationRelativeFilePath>../../SSIDeliverIntgnService.Domain/Common/Interfaces/IMongoDbUnitOfWork.cs</ApplicationRelativeFilePath>
      <ProjectRelativeFilePath>IMongoDbUnitOfWork.cs</ProjectRelativeFilePath>
      <IsIgnored>false</IsIgnored>
    </FileLog>
    <FileLog>
      <ProjectId>c44e73e5-9666-44cb-904a-601db3b4659d</ProjectId>
      <CorrelationId>Intent.Entities.Repositories.Api.UnitOfWorkInterface</CorrelationId>
      <OverwriteBehaviour>always</OverwriteBehaviour>
      <ApplicationRelativeFilePath>../../SSIDeliverIntgnService.Domain/Common/Interfaces/IUnitOfWork.cs</ApplicationRelativeFilePath>
      <ProjectRelativeFilePath>IUnitOfWork.cs</ProjectRelativeFilePath>
      <IsIgnored>false</IsIgnored>
    </FileLog>
    <FileLog>
      <ProjectId>ea7ff120-1865-4881-8a0d-637fd7c7fb77</ProjectId>
      <CorrelationId>Intent.Entities.UpdateHelper</CorrelationId>
      <OverwriteBehaviour>always</OverwriteBehaviour>
      <ApplicationRelativeFilePath>../../SSIDeliverIntgnService.Domain/Common/UpdateHelper.cs</ApplicationRelativeFilePath>
      <ProjectRelativeFilePath>UpdateHelper.cs</ProjectRelativeFilePath>
      <IsIgnored>false</IsIgnored>
    </FileLog>
    <FileLog>
      <ProjectId>83d0959d-d8f7-4337-9dfb-737ca5bb2684</ProjectId>
      <CorrelationId>Intent.Entities.DomainEntity#d6023ada-ddad-47bd-81f1-639c6c86f6d3</CorrelationId>
      <OverwriteBehaviour>always</OverwriteBehaviour>
      <ApplicationRelativeFilePath>../../SSIDeliverIntgnService.Domain/Entities/IDeliverOrderInfo.cs</ApplicationRelativeFilePath>
      <ProjectRelativeFilePath>IDeliverOrderInfo.cs</ProjectRelativeFilePath>
      <IsIgnored>false</IsIgnored>
    </FileLog>
    <FileLog>
      <ProjectId>83d0959d-d8f7-4337-9dfb-737ca5bb2684</ProjectId>
      <CorrelationId>Intent.Entities.DomainEntity#07fcfaf3-a836-4e40-bed1-324cd780ed3d</CorrelationId>
      <OverwriteBehaviour>always</OverwriteBehaviour>
      <ApplicationRelativeFilePath>../../SSIDeliverIntgnService.Domain/Entities/Order.cs</ApplicationRelativeFilePath>
      <ProjectRelativeFilePath>Order.cs</ProjectRelativeFilePath>
      <IsIgnored>false</IsIgnored>
    </FileLog>
    <FileLog>
      <ProjectId>83d0959d-d8f7-4337-9dfb-737ca5bb2684</ProjectId>
      <CorrelationId>Intent.Entities.DomainEntity#c85a07f6-7c1d-4039-8178-ffe8db023929</CorrelationId>
      <OverwriteBehaviour>always</OverwriteBehaviour>
      <ApplicationRelativeFilePath>../../SSIDeliverIntgnService.Domain/Entities/OrderItem.cs</ApplicationRelativeFilePath>
      <ProjectRelativeFilePath>OrderItem.cs</ProjectRelativeFilePath>
      <IsIgnored>false</IsIgnored>
    </FileLog>
    <FileLog>
      <ProjectId>83d0959d-d8f7-4337-9dfb-737ca5bb2684</ProjectId>
      <CorrelationId>Intent.Entities.DomainEntity#048019bc-8edb-445b-a836-4954e69c0184</CorrelationId>
      <OverwriteBehaviour>always</OverwriteBehaviour>
      <ApplicationRelativeFilePath>../../SSIDeliverIntgnService.Domain/Entities/OrderStatusHistory.cs</ApplicationRelativeFilePath>
      <ProjectRelativeFilePath>OrderStatusHistory.cs</ProjectRelativeFilePath>
      <IsIgnored>false</IsIgnored>
    </FileLog>
    <FileLog>
      <ProjectId>54826755-a0a9-4a70-9064-495f4b7bbee2</ProjectId>
      <CorrelationId>Intent.Entities.Repositories.Api.EntityRepositoryInterface#07fcfaf3-a836-4e40-bed1-324cd780ed3d</CorrelationId>
      <OverwriteBehaviour>always</OverwriteBehaviour>
      <ApplicationRelativeFilePath>../../SSIDeliverIntgnService.Domain/Repositories/IOrderRepository.cs</ApplicationRelativeFilePath>
      <ProjectRelativeFilePath>IOrderRepository.cs</ProjectRelativeFilePath>
      <IsIgnored>false</IsIgnored>
    </FileLog>
    <FileLog>
      <ProjectId>54826755-a0a9-4a70-9064-495f4b7bbee2</ProjectId>
      <CorrelationId>Intent.Entities.Repositories.Api.PagedResultInterface</CorrelationId>
      <OverwriteBehaviour>always</OverwriteBehaviour>
      <ApplicationRelativeFilePath>../../SSIDeliverIntgnService.Domain/Repositories/IPagedResult.cs</ApplicationRelativeFilePath>
      <ProjectRelativeFilePath>IPagedResult.cs</ProjectRelativeFilePath>
      <IsIgnored>false</IsIgnored>
    </FileLog>
    <FileLog>
      <ProjectId>54826755-a0a9-4a70-9064-495f4b7bbee2</ProjectId>
      <CorrelationId>Intent.Entities.Repositories.Api.RepositoryInterface</CorrelationId>
      <OverwriteBehaviour>always</OverwriteBehaviour>
      <ApplicationRelativeFilePath>../../SSIDeliverIntgnService.Domain/Repositories/IRepository.cs</ApplicationRelativeFilePath>
      <ProjectRelativeFilePath>IRepository.cs</ProjectRelativeFilePath>
      <IsIgnored>false</IsIgnored>
    </FileLog>
    <FileLog>
      <ProjectId>54826755-a0a9-4a70-9064-495f4b7bbee2</ProjectId>
      <CorrelationId>Intent.Dapr.AspNetCore.StateManagement.StateRepositoryInterface</CorrelationId>
      <OverwriteBehaviour>always</OverwriteBehaviour>
      <ApplicationRelativeFilePath>../../SSIDeliverIntgnService.Domain/Repositories/IStateRepository.cs</ApplicationRelativeFilePath>
      <ProjectRelativeFilePath>IStateRepository.cs</ProjectRelativeFilePath>
      <IsIgnored>false</IsIgnored>
    </FileLog>
    <FileLog>
      <ProjectId>0dffc4bc-a88d-4bb8-a090-97d3236a2bc6</ProjectId>
      <CorrelationId>Intent.VisualStudio.Projects.CSharpProject#0dffc4bc-a88d-4bb8-a090-97d3236a2bc6</CorrelationId>
      <OverwriteBehaviour>always</OverwriteBehaviour>
      <ApplicationRelativeFilePath>../../SSIDeliverIntgnService.Domain/SSIDeliverIntgnService.Domain.csproj</ApplicationRelativeFilePath>
      <ProjectRelativeFilePath>SSIDeliverIntgnService.Domain.csproj</ProjectRelativeFilePath>
      <IsIgnored>false</IsIgnored>
    </FileLog>
    <FileLog>
      <ProjectId>e3d2385f-dc63-428a-9602-c13e0234f9d9</ProjectId>
      <CorrelationId>Intent.Infrastructure.DependencyInjection.DependencyInjection</CorrelationId>
      <OverwriteBehaviour>always</OverwriteBehaviour>
      <ApplicationRelativeFilePath>../../SSIDeliverIntgnService.Infrastructure/DependencyInjection.cs</ApplicationRelativeFilePath>
      <ProjectRelativeFilePath>DependencyInjection.cs</ProjectRelativeFilePath>
      <IsIgnored>false</IsIgnored>
    </FileLog>
    <FileLog>
      <ProjectId>11c1aea3-1ced-4e63-b777-71223cbcf9f2</ProjectId>
      <CorrelationId>Intent.MongoDb.ApplicationMongoDbContext</CorrelationId>
      <OverwriteBehaviour>always</OverwriteBehaviour>
      <ApplicationRelativeFilePath>../../SSIDeliverIntgnService.Infrastructure/Persistence/ApplicationMongoDbContext.cs</ApplicationRelativeFilePath>
      <ProjectRelativeFilePath>ApplicationMongoDbContext.cs</ProjectRelativeFilePath>
      <IsIgnored>false</IsIgnored>
    </FileLog>
    <FileLog>
      <ProjectId>5f06e3c0-dfda-48f4-a8cf-c5d50c8ccce9</ProjectId>
      <CorrelationId>Intent.MongoDb.BsonClassMap#07fcfaf3-a836-4e40-bed1-324cd780ed3d</CorrelationId>
      <OverwriteBehaviour>always</OverwriteBehaviour>
      <ApplicationRelativeFilePath>../../SSIDeliverIntgnService.Infrastructure/Persistence/BsonClassMaps/OrderClassMap.cs</ApplicationRelativeFilePath>
      <ProjectRelativeFilePath>OrderClassMap.cs</ProjectRelativeFilePath>
      <IsIgnored>false</IsIgnored>
    </FileLog>
    <FileLog>
      <ProjectId>121d8c07-66ce-4519-a9a5-902cc0ef6f1e</ProjectId>
      <CorrelationId>Intent.MongoDb.Repositories.MongoRepositoryBase</CorrelationId>
      <OverwriteBehaviour>always</OverwriteBehaviour>
      <ApplicationRelativeFilePath>../../SSIDeliverIntgnService.Infrastructure/Repositories/MongoRepositoryBase.cs</ApplicationRelativeFilePath>
      <ProjectRelativeFilePath>MongoRepositoryBase.cs</ProjectRelativeFilePath>
      <IsIgnored>false</IsIgnored>
    </FileLog>
    <FileLog>
      <ProjectId>121d8c07-66ce-4519-a9a5-902cc0ef6f1e</ProjectId>
      <CorrelationId>Intent.MongoDb.Repositories.Repository#07fcfaf3-a836-4e40-bed1-324cd780ed3d</CorrelationId>
      <OverwriteBehaviour>always</OverwriteBehaviour>
      <ApplicationRelativeFilePath>../../SSIDeliverIntgnService.Infrastructure/Repositories/OrderRepository.cs</ApplicationRelativeFilePath>
      <ProjectRelativeFilePath>OrderRepository.cs</ProjectRelativeFilePath>
      <IsIgnored>false</IsIgnored>
    </FileLog>
    <FileLog>
      <ProjectId>121d8c07-66ce-4519-a9a5-902cc0ef6f1e</ProjectId>
      <CorrelationId>Intent.MongoDb.Repositories.PagedList</CorrelationId>
      <OverwriteBehaviour>always</OverwriteBehaviour>
      <ApplicationRelativeFilePath>../../SSIDeliverIntgnService.Infrastructure/Repositories/PagedList.cs</ApplicationRelativeFilePath>
      <ProjectRelativeFilePath>PagedList.cs</ProjectRelativeFilePath>
      <IsIgnored>false</IsIgnored>
    </FileLog>
    <FileLog>
      <ProjectId>121d8c07-66ce-4519-a9a5-902cc0ef6f1e</ProjectId>
      <CorrelationId>Intent.Dapr.AspNetCore.StateManagement.StateRepository</CorrelationId>
      <OverwriteBehaviour>always</OverwriteBehaviour>
      <ApplicationRelativeFilePath>../../SSIDeliverIntgnService.Infrastructure/Repositories/StateRepository.cs</ApplicationRelativeFilePath>
      <ProjectRelativeFilePath>StateRepository.cs</ProjectRelativeFilePath>
      <IsIgnored>false</IsIgnored>
    </FileLog>
    <FileLog>
      <ProjectId>a74d9941-f739-4cd3-83fb-1dc64d31c282</ProjectId>
      <CorrelationId>Intent.MediatR.DomainEvents.DomainEventService</CorrelationId>
      <OverwriteBehaviour>always</OverwriteBehaviour>
      <ApplicationRelativeFilePath>../../SSIDeliverIntgnService.Infrastructure/Services/DomainEventService.cs</ApplicationRelativeFilePath>
      <ProjectRelativeFilePath>DomainEventService.cs</ProjectRelativeFilePath>
      <IsIgnored>false</IsIgnored>
    </FileLog>
    <FileLog>
      <ProjectId>e3d2385f-dc63-428a-9602-c13e0234f9d9</ProjectId>
      <CorrelationId>Intent.VisualStudio.Projects.CSharpProject#e3d2385f-dc63-428a-9602-c13e0234f9d9</CorrelationId>
      <OverwriteBehaviour>always</OverwriteBehaviour>
      <ApplicationRelativeFilePath>../../SSIDeliverIntgnService.Infrastructure/SSIDeliverIntgnService.Infrastructure.csproj</ApplicationRelativeFilePath>
      <ProjectRelativeFilePath>SSIDeliverIntgnService.Infrastructure.csproj</ProjectRelativeFilePath>
      <IsIgnored>false</IsIgnored>
    </FileLog>
  </FileLogs>
</outputLog>