<?xml version="1.0" encoding="utf-8"?>
<outputLog>
  <ApplicationId>d77fe325-eaad-4618-b59c-85985b0227b6</ApplicationId>
  <FileLogs>
    <FileLog>
      <ProjectId>bf3690ac-c16b-489f-be50-3de58a977b27</ProjectId>
      <CorrelationId>Intent.Modules.Dapr.AspNetCore.Templates.StaticContentTemplateRegistrations.DaprComponentFilesStaticContentTemplateRegistration#dapr/components/pubsub.yaml</CorrelationId>
      <OverwriteBehaviour>once-off</OverwriteBehaviour>
      <ApplicationRelativeFilePath>../../dapr/components/pubsub.yaml</ApplicationRelativeFilePath>
      <ProjectRelativeFilePath>dapr/components/pubsub.yaml</ProjectRelativeFilePath>
      <IsIgnored>false</IsIgnored>
    </FileLog>
    <FileLog>
      <ProjectId>bf3690ac-c16b-489f-be50-3de58a977b27</ProjectId>
      <CorrelationId>Intent.Modules.Dapr.AspNetCore.Templates.StaticContentTemplateRegistrations.DaprComponentFilesStaticContentTemplateRegistration#dapr/components/statestore.yaml</CorrelationId>
      <OverwriteBehaviour>once-off</OverwriteBehaviour>
      <ApplicationRelativeFilePath>../../dapr/components/statestore.yaml</ApplicationRelativeFilePath>
      <ProjectRelativeFilePath>dapr/components/statestore.yaml</ProjectRelativeFilePath>
      <IsIgnored>false</IsIgnored>
    </FileLog>
    <FileLog>
      <ProjectId>48acbd8d-0389-4524-a67b-4d06401e67fa</ProjectId>
      <CorrelationId>Intent.Modules.Dapr.AspNetCore.Templates.StaticContentTemplateRegistrations.DaprFilesStaticContentTemplateRegistration#dapr/config.yaml</CorrelationId>
      <OverwriteBehaviour>once-off</OverwriteBehaviour>
      <ApplicationRelativeFilePath>../../dapr/config.yaml</ApplicationRelativeFilePath>
      <ProjectRelativeFilePath>dapr/config.yaml</ProjectRelativeFilePath>
      <IsIgnored>false</IsIgnored>
    </FileLog>
    <FileLog>
      <CorrelationId>Intent.VisualStudio.Projects.VisualStudio2015Solution#36965467-b375-4737-9b9a-dc7166c16f36</CorrelationId>
      <OverwriteBehaviour>always</OverwriteBehaviour>
      <ApplicationRelativeFilePath>../../MicroserviceSolution.sln</ApplicationRelativeFilePath>
      <IsIgnored>false</IsIgnored>
    </FileLog>
    <FileLog>
      <ProjectId>6576eedc-42fe-4407-90c9-3bf77c257f8b</ProjectId>
      <CorrelationId>Intent.AspNetCore.DockerIgnore</CorrelationId>
      <OverwriteBehaviour>once-off</OverwriteBehaviour>
      <ApplicationRelativeFilePath>../../MongoCRUDSample.Api/.dockerignore</ApplicationRelativeFilePath>
      <ProjectRelativeFilePath>.dockerignore</ProjectRelativeFilePath>
      <IsIgnored>false</IsIgnored>
    </FileLog>
    <FileLog>
      <ProjectId>6576eedc-42fe-4407-90c9-3bf77c257f8b</ProjectId>
      <CorrelationId>Intent.VisualStudio.Projects.CoreWeb.AppSettings-Default#6576eedc-42fe-4407-90c9-3bf77c257f8b</CorrelationId>
      <OverwriteBehaviour>always</OverwriteBehaviour>
      <ApplicationRelativeFilePath>../../MongoCRUDSample.Api/appsettings.json</ApplicationRelativeFilePath>
      <ProjectRelativeFilePath>appsettings.json</ProjectRelativeFilePath>
      <IsIgnored>false</IsIgnored>
    </FileLog>
    <FileLog>
      <ProjectId>aa799eef-33b1-439b-b8fd-956ed1ede83a</ProjectId>
      <CorrelationId>Intent.Security.JWT.ConfigurationJWTAuthentication</CorrelationId>
      <OverwriteBehaviour>always</OverwriteBehaviour>
      <ApplicationRelativeFilePath>../../MongoCRUDSample.Api/Configuration/JWTAuthenticationConfiguration.cs</ApplicationRelativeFilePath>
      <ProjectRelativeFilePath>JWTAuthenticationConfiguration.cs</ProjectRelativeFilePath>
      <IsIgnored>false</IsIgnored>
    </FileLog>
    <FileLog>
      <ProjectId>aa799eef-33b1-439b-b8fd-956ed1ede83a</ProjectId>
      <CorrelationId>Intent.AspNetCore.Swashbuckle.SwashbuckleConfiguration</CorrelationId>
      <OverwriteBehaviour>always</OverwriteBehaviour>
      <ApplicationRelativeFilePath>../../MongoCRUDSample.Api/Configuration/SwashbuckleConfiguration.cs</ApplicationRelativeFilePath>
      <ProjectRelativeFilePath>SwashbuckleConfiguration.cs</ProjectRelativeFilePath>
      <IsIgnored>false</IsIgnored>
    </FileLog>
    <FileLog>
      <ProjectId>1e8fd68d-9c84-4ac0-87c6-e7289763a2aa</ProjectId>
      <CorrelationId>Intent.AspNetCore.Controllers.Controller#cb065b3d-ccbc-4703-b42e-2fd23b06377f</CorrelationId>
      <OverwriteBehaviour>always</OverwriteBehaviour>
      <ApplicationRelativeFilePath>../../MongoCRUDSample.Api/Controllers/ProductEntitiesController.cs</ApplicationRelativeFilePath>
      <ProjectRelativeFilePath>ProductEntitiesController.cs</ProjectRelativeFilePath>
      <IsIgnored>false</IsIgnored>
    </FileLog>
    <FileLog>
      <ProjectId>22eb8d4e-4610-4840-9aad-5a74c2a06f64</ProjectId>
      <CorrelationId>Intent.AspNetCore.Controllers.JsonResponse</CorrelationId>
      <OverwriteBehaviour>always</OverwriteBehaviour>
      <ApplicationRelativeFilePath>../../MongoCRUDSample.Api/Controllers/ResponseTypes/JsonResponse.cs</ApplicationRelativeFilePath>
      <ProjectRelativeFilePath>JsonResponse.cs</ProjectRelativeFilePath>
      <IsIgnored>false</IsIgnored>
    </FileLog>
    <FileLog>
      <ProjectId>6576eedc-42fe-4407-90c9-3bf77c257f8b</ProjectId>
      <CorrelationId>Intent.AspNetCore.Dockerfile</CorrelationId>
      <OverwriteBehaviour>once-off</OverwriteBehaviour>
      <ApplicationRelativeFilePath>../../MongoCRUDSample.Api/Dockerfile</ApplicationRelativeFilePath>
      <ProjectRelativeFilePath>Dockerfile</ProjectRelativeFilePath>
      <IsIgnored>false</IsIgnored>
    </FileLog>
    <FileLog>
      <ProjectId>a23bcc16-da18-4da2-87db-3f04072ef6ca</ProjectId>
      <CorrelationId>Intent.AspNetCore.Swashbuckle.AuthorizeCheckOperationFilter</CorrelationId>
      <OverwriteBehaviour>always</OverwriteBehaviour>
      <ApplicationRelativeFilePath>../../MongoCRUDSample.Api/Filters/AuthorizeCheckOperationFilter.cs</ApplicationRelativeFilePath>
      <ProjectRelativeFilePath>AuthorizeCheckOperationFilter.cs</ProjectRelativeFilePath>
      <IsIgnored>false</IsIgnored>
    </FileLog>
    <FileLog>
      <ProjectId>6576eedc-42fe-4407-90c9-3bf77c257f8b</ProjectId>
      <CorrelationId>Intent.VisualStudio.Projects.CSharpProject#6576eedc-42fe-4407-90c9-3bf77c257f8b</CorrelationId>
      <OverwriteBehaviour>always</OverwriteBehaviour>
      <ApplicationRelativeFilePath>../../MongoCRUDSample.Api/MongoCRUDSample.Api.csproj</ApplicationRelativeFilePath>
      <ProjectRelativeFilePath>MongoCRUDSample.Api.csproj</ProjectRelativeFilePath>
      <IsIgnored>false</IsIgnored>
    </FileLog>
    <FileLog>
      <ProjectId>6576eedc-42fe-4407-90c9-3bf77c257f8b</ProjectId>
      <CorrelationId>Intent.AspNetCore.Program</CorrelationId>
      <OverwriteBehaviour>always</OverwriteBehaviour>
      <ApplicationRelativeFilePath>../../MongoCRUDSample.Api/Program.cs</ApplicationRelativeFilePath>
      <ProjectRelativeFilePath>Program.cs</ProjectRelativeFilePath>
      <IsIgnored>false</IsIgnored>
    </FileLog>
    <FileLog>
      <ProjectId>6576eedc-42fe-4407-90c9-3bf77c257f8b</ProjectId>
      <CorrelationId>Intent.VisualStudio.Projects.CoreWeb.LaunchSettings#6576eedc-42fe-4407-90c9-3bf77c257f8b</CorrelationId>
      <OverwriteBehaviour>always</OverwriteBehaviour>
      <ApplicationRelativeFilePath>../../MongoCRUDSample.Api/Properties/launchsettings.json</ApplicationRelativeFilePath>
      <ProjectRelativeFilePath>Properties/launchsettings.json</ProjectRelativeFilePath>
      <IsIgnored>false</IsIgnored>
    </FileLog>
    <FileLog>
      <ProjectId>d5c83eaf-d925-452d-9e85-071585e33ae7</ProjectId>
      <CorrelationId>Intent.Security.JWT.CurrentUserService</CorrelationId>
      <OverwriteBehaviour>always</OverwriteBehaviour>
      <ApplicationRelativeFilePath>../../MongoCRUDSample.Api/Services/CurrentUserService.cs</ApplicationRelativeFilePath>
      <ProjectRelativeFilePath>CurrentUserService.cs</ProjectRelativeFilePath>
      <IsIgnored>false</IsIgnored>
    </FileLog>
    <FileLog>
      <ProjectId>6576eedc-42fe-4407-90c9-3bf77c257f8b</ProjectId>
      <CorrelationId>Intent.AspNetCore.Startup</CorrelationId>
      <OverwriteBehaviour>always</OverwriteBehaviour>
      <ApplicationRelativeFilePath>../../MongoCRUDSample.Api/Startup.cs</ApplicationRelativeFilePath>
      <ProjectRelativeFilePath>Startup.cs</ProjectRelativeFilePath>
      <IsIgnored>false</IsIgnored>
    </FileLog>
    <FileLog>
      <ProjectId>bfb47997-c732-442b-8491-ccff7cedf4f5</ProjectId>
      <CorrelationId>Intent.Application.MediatR.Behaviours.AuthorizationBehaviour</CorrelationId>
      <OverwriteBehaviour>always</OverwriteBehaviour>
      <ApplicationRelativeFilePath>../../MongoCRUDSample.Application/Common/Behaviours/AuthorizationBehaviour.cs</ApplicationRelativeFilePath>
      <ProjectRelativeFilePath>AuthorizationBehaviour.cs</ProjectRelativeFilePath>
      <IsIgnored>false</IsIgnored>
    </FileLog>
    <FileLog>
      <ProjectId>bfb47997-c732-442b-8491-ccff7cedf4f5</ProjectId>
      <CorrelationId>Intent.Application.MediatR.Behaviours.EventBusPublishBehaviour</CorrelationId>
      <OverwriteBehaviour>always</OverwriteBehaviour>
      <ApplicationRelativeFilePath>../../MongoCRUDSample.Application/Common/Behaviours/EventBusPublishBehaviour.cs</ApplicationRelativeFilePath>
      <ProjectRelativeFilePath>EventBusPublishBehaviour.cs</ProjectRelativeFilePath>
      <IsIgnored>false</IsIgnored>
    </FileLog>
    <FileLog>
      <ProjectId>bfb47997-c732-442b-8491-ccff7cedf4f5</ProjectId>
      <CorrelationId>Intent.Application.MediatR.Behaviours.LoggingBehaviour</CorrelationId>
      <OverwriteBehaviour>always</OverwriteBehaviour>
      <ApplicationRelativeFilePath>../../MongoCRUDSample.Application/Common/Behaviours/LoggingBehaviour.cs</ApplicationRelativeFilePath>
      <ProjectRelativeFilePath>LoggingBehaviour.cs</ProjectRelativeFilePath>
      <IsIgnored>false</IsIgnored>
    </FileLog>
    <FileLog>
      <ProjectId>bfb47997-c732-442b-8491-ccff7cedf4f5</ProjectId>
      <CorrelationId>Intent.Application.MediatR.Behaviours.MongoDbUnitOfWorkBehaviour</CorrelationId>
      <OverwriteBehaviour>always</OverwriteBehaviour>
      <ApplicationRelativeFilePath>../../MongoCRUDSample.Application/Common/Behaviours/MongoDbUnitOfWorkBehaviour.cs</ApplicationRelativeFilePath>
      <ProjectRelativeFilePath>MongoDbUnitOfWorkBehaviour.cs</ProjectRelativeFilePath>
      <IsIgnored>false</IsIgnored>
    </FileLog>
    <FileLog>
      <ProjectId>bfb47997-c732-442b-8491-ccff7cedf4f5</ProjectId>
      <CorrelationId>Intent.Application.MediatR.Behaviours.PerformanceBehaviour</CorrelationId>
      <OverwriteBehaviour>always</OverwriteBehaviour>
      <ApplicationRelativeFilePath>../../MongoCRUDSample.Application/Common/Behaviours/PerformanceBehaviour.cs</ApplicationRelativeFilePath>
      <ProjectRelativeFilePath>PerformanceBehaviour.cs</ProjectRelativeFilePath>
      <IsIgnored>false</IsIgnored>
    </FileLog>
    <FileLog>
      <ProjectId>bfb47997-c732-442b-8491-ccff7cedf4f5</ProjectId>
      <CorrelationId>Intent.Dapr.AspNetCore.StateManagement.StateRepositoryUnitOfWorkBehaviour</CorrelationId>
      <OverwriteBehaviour>always</OverwriteBehaviour>
      <ApplicationRelativeFilePath>../../MongoCRUDSample.Application/Common/Behaviours/StateRepositoryUnitOfWorkBehaviour.cs</ApplicationRelativeFilePath>
      <ProjectRelativeFilePath>StateRepositoryUnitOfWorkBehaviour.cs</ProjectRelativeFilePath>
      <IsIgnored>false</IsIgnored>
    </FileLog>
    <FileLog>
      <ProjectId>bfb47997-c732-442b-8491-ccff7cedf4f5</ProjectId>
      <CorrelationId>Intent.Application.MediatR.Behaviours.UnhandledExceptionBehaviour</CorrelationId>
      <OverwriteBehaviour>always</OverwriteBehaviour>
      <ApplicationRelativeFilePath>../../MongoCRUDSample.Application/Common/Behaviours/UnhandledExceptionBehaviour.cs</ApplicationRelativeFilePath>
      <ProjectRelativeFilePath>UnhandledExceptionBehaviour.cs</ProjectRelativeFilePath>
      <IsIgnored>false</IsIgnored>
    </FileLog>
    <FileLog>
      <ProjectId>bfb47997-c732-442b-8491-ccff7cedf4f5</ProjectId>
      <CorrelationId>Intent.Application.MediatR.FluentValidation.ValidationBehaviour</CorrelationId>
      <OverwriteBehaviour>always</OverwriteBehaviour>
      <ApplicationRelativeFilePath>../../MongoCRUDSample.Application/Common/Behaviours/ValidationBehaviour.cs</ApplicationRelativeFilePath>
      <ProjectRelativeFilePath>ValidationBehaviour.cs</ProjectRelativeFilePath>
      <IsIgnored>false</IsIgnored>
    </FileLog>
    <FileLog>
      <ProjectId>ea66aba6-17a5-4bd0-a68b-e774d1707b04</ProjectId>
      <CorrelationId>Intent.Dapr.AspNetCore.Pubsub.EventBusImplementation</CorrelationId>
      <OverwriteBehaviour>always</OverwriteBehaviour>
      <ApplicationRelativeFilePath>../../MongoCRUDSample.Application/Common/Eventing/EventBusImplementation.cs</ApplicationRelativeFilePath>
      <ProjectRelativeFilePath>EventBusImplementation.cs</ProjectRelativeFilePath>
      <IsIgnored>false</IsIgnored>
    </FileLog>
    <FileLog>
      <ProjectId>ea66aba6-17a5-4bd0-a68b-e774d1707b04</ProjectId>
      <CorrelationId>Intent.Dapr.AspNetCore.Pubsub.EventInterface</CorrelationId>
      <OverwriteBehaviour>always</OverwriteBehaviour>
      <ApplicationRelativeFilePath>../../MongoCRUDSample.Application/Common/Eventing/IEvent.cs</ApplicationRelativeFilePath>
      <ProjectRelativeFilePath>IEvent.cs</ProjectRelativeFilePath>
      <IsIgnored>false</IsIgnored>
    </FileLog>
    <FileLog>
      <ProjectId>ea66aba6-17a5-4bd0-a68b-e774d1707b04</ProjectId>
      <CorrelationId>Intent.Eventing.Contracts.EventBusInterface</CorrelationId>
      <OverwriteBehaviour>always</OverwriteBehaviour>
      <ApplicationRelativeFilePath>../../MongoCRUDSample.Application/Common/Eventing/IEventBus.cs</ApplicationRelativeFilePath>
      <ProjectRelativeFilePath>IEventBus.cs</ProjectRelativeFilePath>
      <IsIgnored>false</IsIgnored>
    </FileLog>
    <FileLog>
      <ProjectId>ea66aba6-17a5-4bd0-a68b-e774d1707b04</ProjectId>
      <CorrelationId>Intent.Eventing.Contracts.IntegrationEventHandlerInterface</CorrelationId>
      <OverwriteBehaviour>always</OverwriteBehaviour>
      <ApplicationRelativeFilePath>../../MongoCRUDSample.Application/Common/Eventing/IIntegrationEventHandler.cs</ApplicationRelativeFilePath>
      <ProjectRelativeFilePath>IIntegrationEventHandler.cs</ProjectRelativeFilePath>
      <IsIgnored>false</IsIgnored>
    </FileLog>
    <FileLog>
      <ProjectId>8bd6759d-ff31-4e67-af87-82ff1aac3229</ProjectId>
      <CorrelationId>Intent.Application.Identity.ForbiddenAccessException</CorrelationId>
      <OverwriteBehaviour>always</OverwriteBehaviour>
      <ApplicationRelativeFilePath>../../MongoCRUDSample.Application/Common/Exceptions/ForbiddenAccessException.cs</ApplicationRelativeFilePath>
      <ProjectRelativeFilePath>ForbiddenAccessException.cs</ProjectRelativeFilePath>
      <IsIgnored>false</IsIgnored>
    </FileLog>
    <FileLog>
      <ProjectId>8bd6759d-ff31-4e67-af87-82ff1aac3229</ProjectId>
      <CorrelationId>Intent.Dapr.AspNetCore.ServiceInvocation.HttpClientRequestException</CorrelationId>
      <OverwriteBehaviour>always</OverwriteBehaviour>
      <ApplicationRelativeFilePath>../../MongoCRUDSample.Application/Common/Exceptions/HttpClientRequestException.cs</ApplicationRelativeFilePath>
      <ProjectRelativeFilePath>HttpClientRequestException.cs</ProjectRelativeFilePath>
      <IsIgnored>false</IsIgnored>
    </FileLog>
    <FileLog>
      <ProjectId>aa2d5f94-2874-4683-8549-9a273cd165ae</ProjectId>
      <CorrelationId>Intent.Application.MediatR.CommandInterface</CorrelationId>
      <OverwriteBehaviour>always</OverwriteBehaviour>
      <ApplicationRelativeFilePath>../../MongoCRUDSample.Application/Common/Interfaces/ICommand.cs</ApplicationRelativeFilePath>
      <ProjectRelativeFilePath>ICommand.cs</ProjectRelativeFilePath>
      <IsIgnored>false</IsIgnored>
    </FileLog>
    <FileLog>
      <ProjectId>aa2d5f94-2874-4683-8549-9a273cd165ae</ProjectId>
      <CorrelationId>Intent.Application.Identity.CurrentUserServiceInterface</CorrelationId>
      <OverwriteBehaviour>always</OverwriteBehaviour>
      <ApplicationRelativeFilePath>../../MongoCRUDSample.Application/Common/Interfaces/ICurrentUserService.cs</ApplicationRelativeFilePath>
      <ProjectRelativeFilePath>ICurrentUserService.cs</ProjectRelativeFilePath>
      <IsIgnored>false</IsIgnored>
    </FileLog>
    <FileLog>
      <ProjectId>aa2d5f94-2874-4683-8549-9a273cd165ae</ProjectId>
      <CorrelationId>Intent.DomainEvents.DomainEventServiceInterface</CorrelationId>
      <OverwriteBehaviour>always</OverwriteBehaviour>
      <ApplicationRelativeFilePath>../../MongoCRUDSample.Application/Common/Interfaces/IDomainEventService.cs</ApplicationRelativeFilePath>
      <ProjectRelativeFilePath>IDomainEventService.cs</ProjectRelativeFilePath>
      <IsIgnored>false</IsIgnored>
    </FileLog>
    <FileLog>
      <ProjectId>aa2d5f94-2874-4683-8549-9a273cd165ae</ProjectId>
      <CorrelationId>Intent.Application.MediatR.QueryInterface</CorrelationId>
      <OverwriteBehaviour>always</OverwriteBehaviour>
      <ApplicationRelativeFilePath>../../MongoCRUDSample.Application/Common/Interfaces/IQuery.cs</ApplicationRelativeFilePath>
      <ProjectRelativeFilePath>IQuery.cs</ProjectRelativeFilePath>
      <IsIgnored>false</IsIgnored>
    </FileLog>
    <FileLog>
      <ProjectId>36e40e8e-db04-42ab-aefd-51d086c6e51a</ProjectId>
      <CorrelationId>Intent.Application.AutoMapper.MapFromInterface</CorrelationId>
      <OverwriteBehaviour>always</OverwriteBehaviour>
      <ApplicationRelativeFilePath>../../MongoCRUDSample.Application/Common/Mappings/IMapFrom.cs</ApplicationRelativeFilePath>
      <ProjectRelativeFilePath>IMapFrom.cs</ProjectRelativeFilePath>
      <IsIgnored>false</IsIgnored>
    </FileLog>
    <FileLog>
      <ProjectId>36e40e8e-db04-42ab-aefd-51d086c6e51a</ProjectId>
      <CorrelationId>Intent.Application.AutoMapper.MappingProfile</CorrelationId>
      <OverwriteBehaviour>always</OverwriteBehaviour>
      <ApplicationRelativeFilePath>../../MongoCRUDSample.Application/Common/Mappings/MappingProfile.cs</ApplicationRelativeFilePath>
      <ProjectRelativeFilePath>MappingProfile.cs</ProjectRelativeFilePath>
      <IsIgnored>false</IsIgnored>
    </FileLog>
    <FileLog>
      <ProjectId>58aba526-193d-4f93-aed4-f9e35d7faa90</ProjectId>
      <CorrelationId>Intent.MediatR.DomainEvents.DomainEventNotification</CorrelationId>
      <OverwriteBehaviour>always</OverwriteBehaviour>
      <ApplicationRelativeFilePath>../../MongoCRUDSample.Application/Common/Models/DomainEventNotification.cs</ApplicationRelativeFilePath>
      <ProjectRelativeFilePath>DomainEventNotification.cs</ProjectRelativeFilePath>
      <IsIgnored>false</IsIgnored>
    </FileLog>
    <FileLog>
      <ProjectId>58aba526-193d-4f93-aed4-f9e35d7faa90</ProjectId>
      <CorrelationId>Intent.Application.Identity.ResultModel</CorrelationId>
      <OverwriteBehaviour>always</OverwriteBehaviour>
      <ApplicationRelativeFilePath>../../MongoCRUDSample.Application/Common/Models/Result.cs</ApplicationRelativeFilePath>
      <ProjectRelativeFilePath>Result.cs</ProjectRelativeFilePath>
      <IsIgnored>false</IsIgnored>
    </FileLog>
    <FileLog>
      <ProjectId>440fc4d1-d98d-415a-a5cd-2b06cf1edcdf</ProjectId>
      <CorrelationId>Intent.Application.Dtos.Pagination.PagedResult</CorrelationId>
      <OverwriteBehaviour>always</OverwriteBehaviour>
      <ApplicationRelativeFilePath>../../MongoCRUDSample.Application/Common/Pagination/PagedResult.cs</ApplicationRelativeFilePath>
      <ProjectRelativeFilePath>PagedResult.cs</ProjectRelativeFilePath>
      <IsIgnored>false</IsIgnored>
    </FileLog>
    <FileLog>
      <ProjectId>440fc4d1-d98d-415a-a5cd-2b06cf1edcdf</ProjectId>
      <CorrelationId>Intent.Application.Dtos.Pagination.PagedResultMappingExtensions</CorrelationId>
      <OverwriteBehaviour>always</OverwriteBehaviour>
      <ApplicationRelativeFilePath>../../MongoCRUDSample.Application/Common/Pagination/PagedResultMappingExtensions.cs</ApplicationRelativeFilePath>
      <ProjectRelativeFilePath>PagedResultMappingExtensions.cs</ProjectRelativeFilePath>
      <IsIgnored>false</IsIgnored>
    </FileLog>
    <FileLog>
      <ProjectId>6eda5f36-0d56-43c1-a24a-3432b3bc0c87</ProjectId>
      <CorrelationId>Intent.Application.Identity.AuthorizeAttribute</CorrelationId>
      <OverwriteBehaviour>always</OverwriteBehaviour>
      <ApplicationRelativeFilePath>../../MongoCRUDSample.Application/Common/Security/AuthorizeAttribute.cs</ApplicationRelativeFilePath>
      <ProjectRelativeFilePath>AuthorizeAttribute.cs</ProjectRelativeFilePath>
      <IsIgnored>false</IsIgnored>
    </FileLog>
    <FileLog>
      <ProjectId>0623a78f-0f7f-4a1f-8f07-048e6aedd7f9</ProjectId>
      <CorrelationId>Intent.Application.DependencyInjection.DependencyInjection</CorrelationId>
      <OverwriteBehaviour>always</OverwriteBehaviour>
      <ApplicationRelativeFilePath>../../MongoCRUDSample.Application/DependencyInjection.cs</ApplicationRelativeFilePath>
      <ProjectRelativeFilePath>DependencyInjection.cs</ProjectRelativeFilePath>
      <IsIgnored>false</IsIgnored>
    </FileLog>
    <FileLog>
      <ProjectId>0623a78f-0f7f-4a1f-8f07-048e6aedd7f9</ProjectId>
      <CorrelationId>Intent.VisualStudio.Projects.CSharpProject#0623a78f-0f7f-4a1f-8f07-048e6aedd7f9</CorrelationId>
      <OverwriteBehaviour>always</OverwriteBehaviour>
      <ApplicationRelativeFilePath>../../MongoCRUDSample.Application/MongoCRUDSample.Application.csproj</ApplicationRelativeFilePath>
      <ProjectRelativeFilePath>MongoCRUDSample.Application.csproj</ProjectRelativeFilePath>
      <IsIgnored>false</IsIgnored>
    </FileLog>
    <FileLog>
      <ProjectId>0623a78f-0f7f-4a1f-8f07-048e6aedd7f9</ProjectId>
      <CorrelationId>Intent.Application.MediatR.CommandModels#96870819-320a-4da5-878f-d90df45a35bb</CorrelationId>
      <OverwriteBehaviour>always</OverwriteBehaviour>
      <ApplicationRelativeFilePath>../../MongoCRUDSample.Application/ProductEntities/CreateProductEntity/CreateProductEntityCommand.cs</ApplicationRelativeFilePath>
      <ProjectRelativeFilePath>ProductEntities/CreateProductEntity/CreateProductEntityCommand.cs</ProjectRelativeFilePath>
      <IsIgnored>false</IsIgnored>
    </FileLog>
    <FileLog>
      <ProjectId>0623a78f-0f7f-4a1f-8f07-048e6aedd7f9</ProjectId>
      <CorrelationId>Intent.Application.MediatR.CommandHandler#96870819-320a-4da5-878f-d90df45a35bb</CorrelationId>
      <OverwriteBehaviour>always</OverwriteBehaviour>
      <ApplicationRelativeFilePath>../../MongoCRUDSample.Application/ProductEntities/CreateProductEntity/CreateProductEntityCommandHandler.cs</ApplicationRelativeFilePath>
      <ProjectRelativeFilePath>ProductEntities/CreateProductEntity/CreateProductEntityCommandHandler.cs</ProjectRelativeFilePath>
      <IsIgnored>false</IsIgnored>
    </FileLog>
    <FileLog>
      <ProjectId>0623a78f-0f7f-4a1f-8f07-048e6aedd7f9</ProjectId>
      <CorrelationId>Intent.Application.MediatR.FluentValidation.CommandValidator#96870819-320a-4da5-878f-d90df45a35bb</CorrelationId>
      <OverwriteBehaviour>always</OverwriteBehaviour>
      <ApplicationRelativeFilePath>../../MongoCRUDSample.Application/ProductEntities/CreateProductEntity/CreateProductEntityCommandValidator.cs</ApplicationRelativeFilePath>
      <ProjectRelativeFilePath>ProductEntities/CreateProductEntity/CreateProductEntityCommandValidator.cs</ProjectRelativeFilePath>
      <IsIgnored>false</IsIgnored>
    </FileLog>
    <FileLog>
      <ProjectId>0623a78f-0f7f-4a1f-8f07-048e6aedd7f9</ProjectId>
      <CorrelationId>Intent.Application.MediatR.CommandModels#5a38b3c6-7da0-4c0a-9a35-48abc07a7fba</CorrelationId>
      <OverwriteBehaviour>always</OverwriteBehaviour>
      <ApplicationRelativeFilePath>../../MongoCRUDSample.Application/ProductEntities/DeleteProductEntity/DeleteProductEntityCommand.cs</ApplicationRelativeFilePath>
      <ProjectRelativeFilePath>ProductEntities/DeleteProductEntity/DeleteProductEntityCommand.cs</ProjectRelativeFilePath>
      <IsIgnored>false</IsIgnored>
    </FileLog>
    <FileLog>
      <ProjectId>0623a78f-0f7f-4a1f-8f07-048e6aedd7f9</ProjectId>
      <CorrelationId>Intent.Application.MediatR.CommandHandler#5a38b3c6-7da0-4c0a-9a35-48abc07a7fba</CorrelationId>
      <OverwriteBehaviour>always</OverwriteBehaviour>
      <ApplicationRelativeFilePath>../../MongoCRUDSample.Application/ProductEntities/DeleteProductEntity/DeleteProductEntityCommandHandler.cs</ApplicationRelativeFilePath>
      <ProjectRelativeFilePath>ProductEntities/DeleteProductEntity/DeleteProductEntityCommandHandler.cs</ProjectRelativeFilePath>
      <IsIgnored>false</IsIgnored>
    </FileLog>
    <FileLog>
      <ProjectId>0623a78f-0f7f-4a1f-8f07-048e6aedd7f9</ProjectId>
      <CorrelationId>Intent.Application.MediatR.FluentValidation.CommandValidator#5a38b3c6-7da0-4c0a-9a35-48abc07a7fba</CorrelationId>
      <OverwriteBehaviour>always</OverwriteBehaviour>
      <ApplicationRelativeFilePath>../../MongoCRUDSample.Application/ProductEntities/DeleteProductEntity/DeleteProductEntityCommandValidator.cs</ApplicationRelativeFilePath>
      <ProjectRelativeFilePath>ProductEntities/DeleteProductEntity/DeleteProductEntityCommandValidator.cs</ProjectRelativeFilePath>
      <IsIgnored>false</IsIgnored>
    </FileLog>
    <FileLog>
      <ProjectId>0623a78f-0f7f-4a1f-8f07-048e6aedd7f9</ProjectId>
      <CorrelationId>Intent.Application.MediatR.QueryModels#6d55708f-4095-430a-b113-af5e14264376</CorrelationId>
      <OverwriteBehaviour>always</OverwriteBehaviour>
      <ApplicationRelativeFilePath>../../MongoCRUDSample.Application/ProductEntities/GetProductEntities/GetProductEntitiesQuery.cs</ApplicationRelativeFilePath>
      <ProjectRelativeFilePath>ProductEntities/GetProductEntities/GetProductEntitiesQuery.cs</ProjectRelativeFilePath>
      <IsIgnored>false</IsIgnored>
    </FileLog>
    <FileLog>
      <ProjectId>0623a78f-0f7f-4a1f-8f07-048e6aedd7f9</ProjectId>
      <CorrelationId>Intent.Application.MediatR.QueryHandler#6d55708f-4095-430a-b113-af5e14264376</CorrelationId>
      <OverwriteBehaviour>always</OverwriteBehaviour>
      <ApplicationRelativeFilePath>../../MongoCRUDSample.Application/ProductEntities/GetProductEntities/GetProductEntitiesQueryHandler.cs</ApplicationRelativeFilePath>
      <ProjectRelativeFilePath>ProductEntities/GetProductEntities/GetProductEntitiesQueryHandler.cs</ProjectRelativeFilePath>
      <IsIgnored>false</IsIgnored>
    </FileLog>
    <FileLog>
      <ProjectId>0623a78f-0f7f-4a1f-8f07-048e6aedd7f9</ProjectId>
      <CorrelationId>Intent.Application.MediatR.FluentValidation.QueryValidator#6d55708f-4095-430a-b113-af5e14264376</CorrelationId>
      <OverwriteBehaviour>always</OverwriteBehaviour>
      <ApplicationRelativeFilePath>../../MongoCRUDSample.Application/ProductEntities/GetProductEntities/GetProductEntitiesQueryValidator.cs</ApplicationRelativeFilePath>
      <ProjectRelativeFilePath>ProductEntities/GetProductEntities/GetProductEntitiesQueryValidator.cs</ProjectRelativeFilePath>
      <IsIgnored>false</IsIgnored>
    </FileLog>
    <FileLog>
      <ProjectId>0623a78f-0f7f-4a1f-8f07-048e6aedd7f9</ProjectId>
      <CorrelationId>Intent.Application.MediatR.QueryModels#e5e9772e-ca7c-4119-ab97-1311fa2e3d65</CorrelationId>
      <OverwriteBehaviour>always</OverwriteBehaviour>
      <ApplicationRelativeFilePath>../../MongoCRUDSample.Application/ProductEntities/GetProductEntityById/GetProductEntityByIdQuery.cs</ApplicationRelativeFilePath>
      <ProjectRelativeFilePath>ProductEntities/GetProductEntityById/GetProductEntityByIdQuery.cs</ProjectRelativeFilePath>
      <IsIgnored>false</IsIgnored>
    </FileLog>
    <FileLog>
      <ProjectId>0623a78f-0f7f-4a1f-8f07-048e6aedd7f9</ProjectId>
      <CorrelationId>Intent.Application.MediatR.QueryHandler#e5e9772e-ca7c-4119-ab97-1311fa2e3d65</CorrelationId>
      <OverwriteBehaviour>always</OverwriteBehaviour>
      <ApplicationRelativeFilePath>../../MongoCRUDSample.Application/ProductEntities/GetProductEntityById/GetProductEntityByIdQueryHandler.cs</ApplicationRelativeFilePath>
      <ProjectRelativeFilePath>ProductEntities/GetProductEntityById/GetProductEntityByIdQueryHandler.cs</ProjectRelativeFilePath>
      <IsIgnored>false</IsIgnored>
    </FileLog>
    <FileLog>
      <ProjectId>0623a78f-0f7f-4a1f-8f07-048e6aedd7f9</ProjectId>
      <CorrelationId>Intent.Application.MediatR.FluentValidation.QueryValidator#e5e9772e-ca7c-4119-ab97-1311fa2e3d65</CorrelationId>
      <OverwriteBehaviour>always</OverwriteBehaviour>
      <ApplicationRelativeFilePath>../../MongoCRUDSample.Application/ProductEntities/GetProductEntityById/GetProductEntityByIdQueryValidator.cs</ApplicationRelativeFilePath>
      <ProjectRelativeFilePath>ProductEntities/GetProductEntityById/GetProductEntityByIdQueryValidator.cs</ProjectRelativeFilePath>
      <IsIgnored>false</IsIgnored>
    </FileLog>
    <FileLog>
      <ProjectId>0623a78f-0f7f-4a1f-8f07-048e6aedd7f9</ProjectId>
      <CorrelationId>Intent.Application.Dtos.DtoModel#4b9ec230-f8c2-4bab-8cd6-d57df369194a</CorrelationId>
      <OverwriteBehaviour>always</OverwriteBehaviour>
      <ApplicationRelativeFilePath>../../MongoCRUDSample.Application/ProductEntities/ProductEntityDto.cs</ApplicationRelativeFilePath>
      <ProjectRelativeFilePath>ProductEntities/ProductEntityDto.cs</ProjectRelativeFilePath>
      <IsIgnored>false</IsIgnored>
    </FileLog>
    <FileLog>
      <ProjectId>0623a78f-0f7f-4a1f-8f07-048e6aedd7f9</ProjectId>
      <CorrelationId>Intent.Application.Dtos.AutoMapper.MappingExtensions#4b9ec230-f8c2-4bab-8cd6-d57df369194a</CorrelationId>
      <OverwriteBehaviour>always</OverwriteBehaviour>
      <ApplicationRelativeFilePath>../../MongoCRUDSample.Application/ProductEntities/ProductEntityDtoMappingExtensions.cs</ApplicationRelativeFilePath>
      <ProjectRelativeFilePath>ProductEntities/ProductEntityDtoMappingExtensions.cs</ProjectRelativeFilePath>
      <IsIgnored>false</IsIgnored>
    </FileLog>
    <FileLog>
      <ProjectId>0623a78f-0f7f-4a1f-8f07-048e6aedd7f9</ProjectId>
      <CorrelationId>Intent.Application.MediatR.CommandModels#1706057a-28c6-4314-b0c7-3816e9879ebb</CorrelationId>
      <OverwriteBehaviour>always</OverwriteBehaviour>
      <ApplicationRelativeFilePath>../../MongoCRUDSample.Application/ProductEntities/UpdateProductEntity/UpdateProductEntityCommand.cs</ApplicationRelativeFilePath>
      <ProjectRelativeFilePath>ProductEntities/UpdateProductEntity/UpdateProductEntityCommand.cs</ProjectRelativeFilePath>
      <IsIgnored>false</IsIgnored>
    </FileLog>
    <FileLog>
      <ProjectId>0623a78f-0f7f-4a1f-8f07-048e6aedd7f9</ProjectId>
      <CorrelationId>Intent.Application.MediatR.CommandHandler#1706057a-28c6-4314-b0c7-3816e9879ebb</CorrelationId>
      <OverwriteBehaviour>always</OverwriteBehaviour>
      <ApplicationRelativeFilePath>../../MongoCRUDSample.Application/ProductEntities/UpdateProductEntity/UpdateProductEntityCommandHandler.cs</ApplicationRelativeFilePath>
      <ProjectRelativeFilePath>ProductEntities/UpdateProductEntity/UpdateProductEntityCommandHandler.cs</ProjectRelativeFilePath>
      <IsIgnored>false</IsIgnored>
    </FileLog>
    <FileLog>
      <ProjectId>0623a78f-0f7f-4a1f-8f07-048e6aedd7f9</ProjectId>
      <CorrelationId>Intent.Application.MediatR.FluentValidation.CommandValidator#1706057a-28c6-4314-b0c7-3816e9879ebb</CorrelationId>
      <OverwriteBehaviour>always</OverwriteBehaviour>
      <ApplicationRelativeFilePath>../../MongoCRUDSample.Application/ProductEntities/UpdateProductEntity/UpdateProductEntityCommandValidator.cs</ApplicationRelativeFilePath>
      <ProjectRelativeFilePath>ProductEntities/UpdateProductEntity/UpdateProductEntityCommandValidator.cs</ProjectRelativeFilePath>
      <IsIgnored>false</IsIgnored>
    </FileLog>
    <FileLog>
      <ProjectId>29e8e68c-e6ee-46a8-8b85-d75546df4442</ProjectId>
      <CorrelationId>Intent.Entities.CollectionExtensions</CorrelationId>
      <OverwriteBehaviour>always</OverwriteBehaviour>
      <ApplicationRelativeFilePath>../../MongoCRUDSample.Domain/Common/CollectionExtensions.cs</ApplicationRelativeFilePath>
      <ProjectRelativeFilePath>CollectionExtensions.cs</ProjectRelativeFilePath>
      <IsIgnored>false</IsIgnored>
    </FileLog>
    <FileLog>
      <ProjectId>29e8e68c-e6ee-46a8-8b85-d75546df4442</ProjectId>
      <CorrelationId>Intent.DomainEvents.DomainEventBase</CorrelationId>
      <OverwriteBehaviour>always</OverwriteBehaviour>
      <ApplicationRelativeFilePath>../../MongoCRUDSample.Domain/Common/DomainEvent.cs</ApplicationRelativeFilePath>
      <ProjectRelativeFilePath>DomainEvent.cs</ProjectRelativeFilePath>
      <IsIgnored>false</IsIgnored>
    </FileLog>
    <FileLog>
      <ProjectId>29e8e68c-e6ee-46a8-8b85-d75546df4442</ProjectId>
      <CorrelationId>Intent.DomainEvents.HasDomainEventInterface</CorrelationId>
      <OverwriteBehaviour>always</OverwriteBehaviour>
      <ApplicationRelativeFilePath>../../MongoCRUDSample.Domain/Common/IHasDomainEvent.cs</ApplicationRelativeFilePath>
      <ProjectRelativeFilePath>IHasDomainEvent.cs</ProjectRelativeFilePath>
      <IsIgnored>false</IsIgnored>
    </FileLog>
    <FileLog>
      <ProjectId>02611c9b-c616-49e1-9007-192a20e7ae14</ProjectId>
      <CorrelationId>Intent.MongoDb.MongoDbUnitOfWorkInterface</CorrelationId>
      <OverwriteBehaviour>always</OverwriteBehaviour>
      <ApplicationRelativeFilePath>../../MongoCRUDSample.Domain/Common/Interfaces/IMongoDbUnitOfWork.cs</ApplicationRelativeFilePath>
      <ProjectRelativeFilePath>IMongoDbUnitOfWork.cs</ProjectRelativeFilePath>
      <IsIgnored>false</IsIgnored>
    </FileLog>
    <FileLog>
      <ProjectId>02611c9b-c616-49e1-9007-192a20e7ae14</ProjectId>
      <CorrelationId>Intent.Entities.Repositories.Api.UnitOfWorkInterface</CorrelationId>
      <OverwriteBehaviour>always</OverwriteBehaviour>
      <ApplicationRelativeFilePath>../../MongoCRUDSample.Domain/Common/Interfaces/IUnitOfWork.cs</ApplicationRelativeFilePath>
      <ProjectRelativeFilePath>IUnitOfWork.cs</ProjectRelativeFilePath>
      <IsIgnored>false</IsIgnored>
    </FileLog>
    <FileLog>
      <ProjectId>29e8e68c-e6ee-46a8-8b85-d75546df4442</ProjectId>
      <CorrelationId>Intent.Entities.UpdateHelper</CorrelationId>
      <OverwriteBehaviour>always</OverwriteBehaviour>
      <ApplicationRelativeFilePath>../../MongoCRUDSample.Domain/Common/UpdateHelper.cs</ApplicationRelativeFilePath>
      <ProjectRelativeFilePath>UpdateHelper.cs</ProjectRelativeFilePath>
      <IsIgnored>false</IsIgnored>
    </FileLog>
    <FileLog>
      <ProjectId>23b7e718-6039-4542-921d-fd5e0927e8d4</ProjectId>
      <CorrelationId>Intent.Entities.DomainEntity#eeea1049-be0c-45dd-8272-b40fbdda715d</CorrelationId>
      <OverwriteBehaviour>always</OverwriteBehaviour>
      <ApplicationRelativeFilePath>../../MongoCRUDSample.Domain/Entities/ProductEntity.cs</ApplicationRelativeFilePath>
      <ProjectRelativeFilePath>ProductEntity.cs</ProjectRelativeFilePath>
      <IsIgnored>false</IsIgnored>
    </FileLog>
    <FileLog>
      <ProjectId>0d19f82e-fbbb-487d-a0f7-409b340b1f12</ProjectId>
      <CorrelationId>Intent.VisualStudio.Projects.CSharpProject#0d19f82e-fbbb-487d-a0f7-409b340b1f12</CorrelationId>
      <OverwriteBehaviour>always</OverwriteBehaviour>
      <ApplicationRelativeFilePath>../../MongoCRUDSample.Domain/MongoCRUDSample.Domain.csproj</ApplicationRelativeFilePath>
      <ProjectRelativeFilePath>MongoCRUDSample.Domain.csproj</ProjectRelativeFilePath>
      <IsIgnored>false</IsIgnored>
    </FileLog>
    <FileLog>
      <ProjectId>1cb53076-0ebd-453e-9d55-71202bcd0707</ProjectId>
      <CorrelationId>Intent.Entities.Repositories.Api.PagedResultInterface</CorrelationId>
      <OverwriteBehaviour>always</OverwriteBehaviour>
      <ApplicationRelativeFilePath>../../MongoCRUDSample.Domain/Repositories/IPagedResult.cs</ApplicationRelativeFilePath>
      <ProjectRelativeFilePath>IPagedResult.cs</ProjectRelativeFilePath>
      <IsIgnored>false</IsIgnored>
    </FileLog>
    <FileLog>
      <ProjectId>1cb53076-0ebd-453e-9d55-71202bcd0707</ProjectId>
      <CorrelationId>Intent.Entities.Repositories.Api.EntityRepositoryInterface#eeea1049-be0c-45dd-8272-b40fbdda715d</CorrelationId>
      <OverwriteBehaviour>always</OverwriteBehaviour>
      <ApplicationRelativeFilePath>../../MongoCRUDSample.Domain/Repositories/IProductEntityRepository.cs</ApplicationRelativeFilePath>
      <ProjectRelativeFilePath>IProductEntityRepository.cs</ProjectRelativeFilePath>
      <IsIgnored>false</IsIgnored>
    </FileLog>
    <FileLog>
      <ProjectId>1cb53076-0ebd-453e-9d55-71202bcd0707</ProjectId>
      <CorrelationId>Intent.Entities.Repositories.Api.RepositoryInterface</CorrelationId>
      <OverwriteBehaviour>always</OverwriteBehaviour>
      <ApplicationRelativeFilePath>../../MongoCRUDSample.Domain/Repositories/IRepository.cs</ApplicationRelativeFilePath>
      <ProjectRelativeFilePath>IRepository.cs</ProjectRelativeFilePath>
      <IsIgnored>false</IsIgnored>
    </FileLog>
    <FileLog>
      <ProjectId>1cb53076-0ebd-453e-9d55-71202bcd0707</ProjectId>
      <CorrelationId>Intent.Dapr.AspNetCore.StateManagement.StateRepositoryInterface</CorrelationId>
      <OverwriteBehaviour>always</OverwriteBehaviour>
      <ApplicationRelativeFilePath>../../MongoCRUDSample.Domain/Repositories/IStateRepository.cs</ApplicationRelativeFilePath>
      <ProjectRelativeFilePath>IStateRepository.cs</ProjectRelativeFilePath>
      <IsIgnored>false</IsIgnored>
    </FileLog>
    <FileLog>
      <ProjectId>f63bc090-d08f-410e-a829-35535951fef3</ProjectId>
      <CorrelationId>Intent.Infrastructure.DependencyInjection.DependencyInjection</CorrelationId>
      <OverwriteBehaviour>always</OverwriteBehaviour>
      <ApplicationRelativeFilePath>../../MongoCRUDSample.Infrastructure/DependencyInjection.cs</ApplicationRelativeFilePath>
      <ProjectRelativeFilePath>DependencyInjection.cs</ProjectRelativeFilePath>
      <IsIgnored>false</IsIgnored>
    </FileLog>
    <FileLog>
      <ProjectId>f63bc090-d08f-410e-a829-35535951fef3</ProjectId>
      <CorrelationId>Intent.VisualStudio.Projects.CSharpProject#f63bc090-d08f-410e-a829-35535951fef3</CorrelationId>
      <OverwriteBehaviour>always</OverwriteBehaviour>
      <ApplicationRelativeFilePath>../../MongoCRUDSample.Infrastructure/MongoCRUDSample.Infrastructure.csproj</ApplicationRelativeFilePath>
      <ProjectRelativeFilePath>MongoCRUDSample.Infrastructure.csproj</ProjectRelativeFilePath>
      <IsIgnored>false</IsIgnored>
    </FileLog>
    <FileLog>
      <ProjectId>084db290-e8dc-44ce-8f63-88b5201bded3</ProjectId>
      <CorrelationId>Intent.MongoDb.ApplicationMongoDbContext</CorrelationId>
      <OverwriteBehaviour>always</OverwriteBehaviour>
      <ApplicationRelativeFilePath>../../MongoCRUDSample.Infrastructure/Persistence/ApplicationMongoDbContext.cs</ApplicationRelativeFilePath>
      <ProjectRelativeFilePath>ApplicationMongoDbContext.cs</ProjectRelativeFilePath>
      <IsIgnored>false</IsIgnored>
    </FileLog>
    <FileLog>
      <ProjectId>06a0324c-1a51-48ae-8be6-744bfa3de0d6</ProjectId>
      <CorrelationId>Intent.MongoDb.BsonClassMap#eeea1049-be0c-45dd-8272-b40fbdda715d</CorrelationId>
      <OverwriteBehaviour>always</OverwriteBehaviour>
      <ApplicationRelativeFilePath>../../MongoCRUDSample.Infrastructure/Persistence/BsonClassMaps/ProductEntityClassMap.cs</ApplicationRelativeFilePath>
      <ProjectRelativeFilePath>ProductEntityClassMap.cs</ProjectRelativeFilePath>
      <IsIgnored>false</IsIgnored>
    </FileLog>
    <FileLog>
      <ProjectId>316cf770-1ed6-48df-a7cc-ef193f567ec1</ProjectId>
      <CorrelationId>Intent.MongoDb.Repositories.MongoRepositoryBase</CorrelationId>
      <OverwriteBehaviour>always</OverwriteBehaviour>
      <ApplicationRelativeFilePath>../../MongoCRUDSample.Infrastructure/Repositories/MongoRepositoryBase.cs</ApplicationRelativeFilePath>
      <ProjectRelativeFilePath>MongoRepositoryBase.cs</ProjectRelativeFilePath>
      <IsIgnored>false</IsIgnored>
    </FileLog>
    <FileLog>
      <ProjectId>316cf770-1ed6-48df-a7cc-ef193f567ec1</ProjectId>
      <CorrelationId>Intent.MongoDb.Repositories.PagedList</CorrelationId>
      <OverwriteBehaviour>always</OverwriteBehaviour>
      <ApplicationRelativeFilePath>../../MongoCRUDSample.Infrastructure/Repositories/PagedList.cs</ApplicationRelativeFilePath>
      <ProjectRelativeFilePath>PagedList.cs</ProjectRelativeFilePath>
      <IsIgnored>false</IsIgnored>
    </FileLog>
    <FileLog>
      <ProjectId>316cf770-1ed6-48df-a7cc-ef193f567ec1</ProjectId>
      <CorrelationId>Intent.MongoDb.Repositories.Repository#eeea1049-be0c-45dd-8272-b40fbdda715d</CorrelationId>
      <OverwriteBehaviour>always</OverwriteBehaviour>
      <ApplicationRelativeFilePath>../../MongoCRUDSample.Infrastructure/Repositories/ProductEntityRepository.cs</ApplicationRelativeFilePath>
      <ProjectRelativeFilePath>ProductEntityRepository.cs</ProjectRelativeFilePath>
      <IsIgnored>false</IsIgnored>
    </FileLog>
    <FileLog>
      <ProjectId>316cf770-1ed6-48df-a7cc-ef193f567ec1</ProjectId>
      <CorrelationId>Intent.Dapr.AspNetCore.StateManagement.StateRepository</CorrelationId>
      <OverwriteBehaviour>always</OverwriteBehaviour>
      <ApplicationRelativeFilePath>../../MongoCRUDSample.Infrastructure/Repositories/StateRepository.cs</ApplicationRelativeFilePath>
      <ProjectRelativeFilePath>StateRepository.cs</ProjectRelativeFilePath>
      <IsIgnored>false</IsIgnored>
    </FileLog>
    <FileLog>
      <ProjectId>82d0b720-0563-4b09-8980-35b5a49bb889</ProjectId>
      <CorrelationId>Intent.MediatR.DomainEvents.DomainEventService</CorrelationId>
      <OverwriteBehaviour>always</OverwriteBehaviour>
      <ApplicationRelativeFilePath>../../MongoCRUDSample.Infrastructure/Services/DomainEventService.cs</ApplicationRelativeFilePath>
      <ProjectRelativeFilePath>DomainEventService.cs</ProjectRelativeFilePath>
      <IsIgnored>false</IsIgnored>
    </FileLog>
  </FileLogs>
</outputLog>